2025-10-05T09:40:10.634Z [INFO] [req:N/A] [ImageProcessingQueue] Image processing queue initialized.
2025-10-05T09:40:13.734Z [INFO] [req:N/A] [ImageWorker] Image processing worker started.
2025-10-05T09:40:23.881Z [ERROR] [req:N/A] [ImageProcessingQueue] Queue error: connect ETIMEDOUT
2025-10-05T09:40:30.594Z [INFO] [req:N/A] MongoClient connected for sessions.
2025-10-05T09:40:32.442Z [INFO] [req:N/A] ✅ Mongoose connected to DB
2025-10-05T09:40:32.491Z [INFO] [req:N/A] 📦 MongoDB Connected: cluster0-shard-00-00.oissf.mongodb.net
2025-10-05T09:40:33.951Z [INFO] [req:N/A] 43 products already exist in the database. Skipping product seeding.
2025-10-05T09:40:34.856Z [INFO] [req:N/A] 7 categories already exist in the database. Skipping category seeding.
2025-10-05T09:40:35.048Z [INFO] [req:N/A] Order number counter already exists, current sequence: 1003
2025-10-05T09:40:35.051Z [INFO] [req:N/A] 🚀 Server running in development mode on port 3001
2025-10-05T09:52:45.634Z [INFO] [req:N/A] Connecting to MongoDB...
2025-10-05T09:52:48.908Z [INFO] [req:N/A] ✅ Connected to MongoDB.
2025-10-05T09:52:48.908Z [INFO] [req:N/A] Deleting all products from MongoDB...
2025-10-05T09:52:50.146Z [INFO] [req:N/A] ✅ Deleted 43 products from MongoDB.
2025-10-05T09:52:50.147Z [INFO] [req:N/A] Connecting to Meilisearch...
2025-10-05T09:52:50.168Z [INFO] [req:N/A] ✅ Connected to Meilisearch.
2025-10-05T09:52:50.169Z [INFO] [req:N/A] Deleting Meilisearch index "products"...
2025-10-05T09:52:52.223Z [INFO] [req:N/A] 📦 Meilisearch index deletion task UID: 39
2025-10-05T09:55:20.429Z [INFO] [req:N/A] Connecting to MongoDB...
2025-10-05T09:55:22.770Z [INFO] [req:N/A] ✅ Connected to MongoDB.
2025-10-05T09:56:53.069Z [INFO] [req:N/A] Connecting to MongoDB...
2025-10-05T09:56:55.094Z [INFO] [req:N/A] ✅ Connected to MongoDB.
2025-10-05T09:56:55.095Z [INFO] [req:N/A] Deleting all products from MongoDB...
2025-10-05T09:56:56.298Z [INFO] [req:N/A] ✅ Deleted 0 products from MongoDB.
2025-10-05T09:56:56.299Z [INFO] [req:N/A] Connecting to Meilisearch...
2025-10-05T09:56:56.320Z [INFO] [req:N/A] ✅ Connected to Meilisearch.
2025-10-05T09:56:56.320Z [INFO] [req:N/A] Deleting Meilisearch index "products"...
2025-10-05T09:56:56.732Z [INFO] [req:N/A] 📦 Meilisearch index deletion task UID: 40
2025-10-05T09:57:37.984Z [INFO] [req:N/A] Connecting to MongoDB...
2025-10-05T09:57:40.884Z [INFO] [req:N/A] ✅ Connected to MongoDB.
2025-10-05T09:57:40.884Z [INFO] [req:N/A] Deleting all products from MongoDB...
2025-10-05T09:57:42.985Z [INFO] [req:N/A] ✅ Deleted 0 products from MongoDB.
2025-10-05T09:57:42.986Z [INFO] [req:N/A] Connecting to Meilisearch...
2025-10-05T09:57:43.009Z [INFO] [req:N/A] ✅ Connected to Meilisearch.
2025-10-05T09:57:43.010Z [INFO] [req:N/A] Deleting Meilisearch index "products"...
2025-10-05T09:57:43.557Z [INFO] [req:N/A] 📦 Meilisearch index deletion task UID: 41
2025-10-05T09:57:43.766Z [ERROR] [req:N/A] ❌ Meilisearch task 41 failed: Index `products` not found.
2025-10-05T10:06:31.653Z [INFO] [req:N/A] [ImageProcessingQueue] Image processing queue initialized.
2025-10-05T10:06:31.736Z [INFO] [req:N/A] [ImageWorker] Image processing worker started.
2025-10-05T10:06:55.012Z [INFO] [req:N/A] MongoClient connected for sessions.
2025-10-05T10:07:03.219Z [INFO] [req:N/A] ✅ Mongoose connected to DB
2025-10-05T10:07:03.227Z [INFO] [req:N/A] 📦 MongoDB Connected: cluster0-shard-00-02.oissf.mongodb.net
2025-10-05T10:07:06.652Z [INFO] [req:N/A] No products found. Seeding database with mock data...
2025-10-05T10:07:07.287Z [INFO] [req:N/A] ✅ Database seeded successfully with mock products.
2025-10-05T10:07:07.479Z [INFO] [req:N/A] 7 categories already exist in the database. Skipping category seeding.
2025-10-05T10:07:07.653Z [INFO] [req:N/A] Order number counter already exists, current sequence: 1003
2025-10-05T10:07:07.657Z [INFO] [req:N/A] 🚀 Server running in development mode on port 3001
2025-10-05T10:08:24.657Z [HTTP] [req:9cc26ce4-61df-4717-8017-1105fef3eccb] ::1 - - [05/Oct/2025:10:08:24 +0000] "GET /api/v1/categories HTTP/1.1" 200 1379 "http://localhost:5173/" "Mozilla/5.0 (Windows NT 10.0; Win64; x64) AppleWebKit/537.36 (KHTML, like Gecko) Chrome/123.0.0.0 Safari/537.36"
2025-10-05T10:08:25.754Z [ERROR] [req:68a4de5e-91ed-4805-be33-5d6dd8989ed0] ❌ Path: /api/v1/products | Error: Index `products`: Attribute `imageProcessingStatus` is not filterable. Available filterable attribute patterns are: `averageRating`, `category`, `colors`, `isFeatured`, `numberOfReviews`, `price`, `sizes`.
1:22 imageProcessingStatus = "completed"
2025-10-05T10:08:25.922Z [HTTP] [req:68a4de5e-91ed-4805-be33-5d6dd8989ed0] ::1 - - [05/Oct/2025:10:08:25 +0000] "GET /api/v1/products?page=1&limit=10&sortBy=name-asc HTTP/1.1" 500 331 "http://localhost:5173/" "Mozilla/5.0 (Windows NT 10.0; Win64; x64) AppleWebKit/537.36 (KHTML, like Gecko) Chrome/123.0.0.0 Safari/537.36"
2025-10-05T10:08:27.694Z [ERROR] [req:b404cf67-ae6f-40ba-96e3-a4506ce54c4e] ❌ Path: /api/v1/products | Error: Index `products`: Attribute `imageProcessingStatus` is not filterable. Available filterable attribute patterns are: `averageRating`, `category`, `colors`, `isFeatured`, `numberOfReviews`, `price`, `sizes`.
1:22 imageProcessingStatus = "completed"
2025-10-05T10:08:27.863Z [HTTP] [req:b404cf67-ae6f-40ba-96e3-a4506ce54c4e] ::1 - - [05/Oct/2025:10:08:27 +0000] "GET /api/v1/products?page=1&limit=10&sortBy=name-asc HTTP/1.1" 500 331 "http://localhost:5173/" "Mozilla/5.0 (Windows NT 10.0; Win64; x64) AppleWebKit/537.36 (KHTML, like Gecko) Chrome/123.0.0.0 Safari/537.36"
2025-10-05T10:08:40.204Z [WARN] [req:N/A] ⚠️ Mongoose connection is disconnected.
2025-10-05T10:08:41.387Z [INFO] [req:N/A] ✅ Mongoose connected to DB
2025-10-05T10:18:34.097Z [INFO] [req:N/A] [ImageProcessingQueue] Image processing queue initialized.
2025-10-05T10:18:34.175Z [INFO] [req:N/A] [ImageWorker] Image processing worker started.
2025-10-05T10:18:41.776Z [INFO] [req:N/A] MongoClient connected for sessions.
2025-10-05T10:18:43.574Z [INFO] [req:N/A] ✅ Mongoose connected to DB
2025-10-05T10:18:45.210Z [INFO] [req:N/A] 📦 MongoDB Connected: cluster0-shard-00-02.oissf.mongodb.net
2025-10-05T10:18:46.597Z [INFO] [req:N/A] 40 products already exist in the database. Skipping product seeding.
2025-10-05T10:18:47.129Z [INFO] [req:N/A] 7 categories already exist in the database. Skipping category seeding.
2025-10-05T10:18:47.415Z [INFO] [req:N/A] Order number counter already exists, current sequence: 1003
2025-10-05T10:18:47.418Z [INFO] [req:N/A] 🚀 Server running in development mode on port 3001
2025-10-05T10:19:10.453Z [WARN] [req:4880e6dd-15f0-4c86-97b2-3d7939a5f03f] [requireAuth] Unauthorized: No token provided for path: /check-auth
2025-10-05T10:19:10.628Z [HTTP] [req:4880e6dd-15f0-4c86-97b2-3d7939a5f03f] ::1 - - [05/Oct/2025:10:19:10 +0000] "GET /api/v1/auth/check-auth HTTP/1.1" 401 62 "http://localhost:5173/" "Mozilla/5.0 (Windows NT 10.0; Win64; x64) AppleWebKit/537.36 (KHTML, like Gecko) Chrome/123.0.0.0 Safari/537.36"
2025-10-05T10:19:30.724Z [HTTP] [req:7769ccc6-bb12-42f1-a75c-22068542123f] ::1 - - [05/Oct/2025:10:19:30 +0000] "OPTIONS /api/v1/auth/login HTTP/1.1" 204 0 "http://localhost:5173/" "Mozilla/5.0 (Windows NT 10.0; Win64; x64) AppleWebKit/537.36 (KHTML, like Gecko) Chrome/123.0.0.0 Safari/537.36"
2025-10-05T10:19:32.963Z [HTTP] [req:52679b84-5d19-456f-8b06-f335994e29d5] ::1 - - [05/Oct/2025:10:19:32 +0000] "POST /api/v1/auth/login HTTP/1.1" 200 841 "http://localhost:5173/" "Mozilla/5.0 (Windows NT 10.0; Win64; x64) AppleWebKit/537.36 (KHTML, like Gecko) Chrome/123.0.0.0 Safari/537.36"
2025-10-05T10:19:33.586Z [HTTP] [req:d39841b0-61a6-4497-b062-f1ee31e39b66] ::1 - - [05/Oct/2025:10:19:33 +0000] "GET /api/v1/auth/check-auth HTTP/1.1" 200 310 "http://localhost:5173/" "Mozilla/5.0 (Windows NT 10.0; Win64; x64) AppleWebKit/537.36 (KHTML, like Gecko) Chrome/123.0.0.0 Safari/537.36"
2025-10-05T10:19:35.299Z [HTTP] [req:44d461ab-2c0f-4eb8-a7c7-b3683a583040] ::1 - - [05/Oct/2025:10:19:35 +0000] "GET /api/v1/orders/top-selling-products?limit=5&sortBy=revenue HTTP/1.1" 304 - "http://localhost:5173/" "Mozilla/5.0 (Windows NT 10.0; Win64; x64) AppleWebKit/537.36 (KHTML, like Gecko) Chrome/123.0.0.0 Safari/537.36"
2025-10-05T10:19:35.332Z [HTTP] [req:d4bfdef7-ad0a-4f7f-a62d-ddfbf78ca573] ::1 - - [05/Oct/2025:10:19:35 +0000] "GET /api/v1/orders/sales-over-time?period=30days HTTP/1.1" 304 - "http://localhost:5173/" "Mozilla/5.0 (Windows NT 10.0; Win64; x64) AppleWebKit/537.36 (KHTML, like Gecko) Chrome/123.0.0.0 Safari/537.36"
2025-10-05T10:19:36.042Z [HTTP] [req:db514104-7908-460d-9bd7-f6c2b950d31e] ::1 - - [05/Oct/2025:10:19:36 +0000] "GET /api/v1/orders/metrics HTTP/1.1" 200 3401 "http://localhost:5173/" "Mozilla/5.0 (Windows NT 10.0; Win64; x64) AppleWebKit/537.36 (KHTML, like Gecko) Chrome/123.0.0.0 Safari/537.36"
2025-10-05T10:19:38.950Z [HTTP] [req:b66b1d22-116a-499e-b211-060d20d98da2] ::1 - - [05/Oct/2025:10:19:38 +0000] "GET /api/v1/categories HTTP/1.1" 304 - "http://localhost:5173/" "Mozilla/5.0 (Windows NT 10.0; Win64; x64) AppleWebKit/537.36 (KHTML, like Gecko) Chrome/123.0.0.0 Safari/537.36"
2025-10-05T10:19:39.538Z [HTTP] [req:90c93389-439b-402b-a9df-dedd423b49ab] ::1 - - [05/Oct/2025:10:19:39 +0000] "GET /api/v1/products?page=1&limit=10&sortBy=name-asc HTTP/1.1" 200 6280 "http://localhost:5173/" "Mozilla/5.0 (Windows NT 10.0; Win64; x64) AppleWebKit/537.36 (KHTML, like Gecko) Chrome/123.0.0.0 Safari/537.36"
2025-10-05T10:19:59.604Z [HTTP] [req:a6575971-6b50-4d59-8223-a4824627dbbc] ::1 - - [05/Oct/2025:10:19:59 +0000] "GET /api/v1/auth/check-auth HTTP/1.1" 304 - "http://localhost:5173/" "Mozilla/5.0 (Windows NT 10.0; Win64; x64) AppleWebKit/537.36 (KHTML, like Gecko) Chrome/123.0.0.0 Safari/537.36"
2025-10-05T10:20:00.183Z [HTTP] [req:201057cc-a515-41dd-8f60-6b40ed35e08e] ::1 - - [05/Oct/2025:10:20:00 +0000] "GET /api/v1/categories HTTP/1.1" 304 - "http://localhost:5173/" "Mozilla/5.0 (Windows NT 10.0; Win64; x64) AppleWebKit/537.36 (KHTML, like Gecko) Chrome/123.0.0.0 Safari/537.36"
2025-10-05T10:20:00.385Z [HTTP] [req:ae94dbc9-206a-4bef-96b5-8f3e514edf85] ::1 - - [05/Oct/2025:10:20:00 +0000] "GET /api/v1/products?page=1&limit=10&sortBy=name-asc HTTP/1.1" 304 - "http://localhost:5173/" "Mozilla/5.0 (Windows NT 10.0; Win64; x64) AppleWebKit/537.36 (KHTML, like Gecko) Chrome/123.0.0.0 Safari/537.36"
2025-10-05T10:20:33.440Z [HTTP] [req:15c1deb3-9f92-41a5-8732-80cb19d15c79] ::1 - - [05/Oct/2025:10:20:33 +0000] "GET /api/v1/products?page=1&limit=10&categories=Accessories&sortBy=name-asc HTTP/1.1" 200 4597 "http://localhost:5173/" "Mozilla/5.0 (Windows NT 10.0; Win64; x64) AppleWebKit/537.36 (KHTML, like Gecko) Chrome/123.0.0.0 Safari/537.36"
2025-10-05T10:20:38.288Z [HTTP] [req:b83a5e7d-a937-465e-b240-8c6d02676536] ::1 - - [05/Oct/2025:10:20:38 +0000] "GET /api/v1/products?page=1&limit=10&categories=Digital+Products&sortBy=name-asc HTTP/1.1" 200 64 "http://localhost:5173/" "Mozilla/5.0 (Windows NT 10.0; Win64; x64) AppleWebKit/537.36 (KHTML, like Gecko) Chrome/123.0.0.0 Safari/537.36"
2025-10-05T10:34:20.286Z [INFO] [req:N/A] Connecting to Meilisearch...
2025-10-05T10:34:20.315Z [INFO] [req:N/A] ✅ Connected to Meilisearch and got "products" index.
2025-10-05T10:34:20.316Z [INFO] [req:N/A] Fetching up to 5 products from Meilisearch index...
2025-10-05T10:34:21.239Z [INFO] [req:N/A] ✅ Found 5 products in Meilisearch. Here are the first few:
2025-10-05T10:34:21.240Z [INFO] [req:N/A] --- Product 1 ---
2025-10-05T10:34:21.241Z [INFO] [req:N/A] ID: 68e2434af645aea38bd12794
2025-10-05T10:34:21.242Z [INFO] [req:N/A] Name: Wireless Noise-Cancelling Headphones
2025-10-05T10:34:21.242Z [INFO] [req:N/A] Category: Electronics
2025-10-05T10:34:21.243Z [INFO] [req:N/A] Image Processing Status: completed
2025-10-05T10:34:21.243Z [INFO] [req:N/A] Is Featured: true
2025-10-05T10:34:21.244Z [INFO] [req:N/A] Price: 249.99
2025-10-05T10:34:21.244Z [INFO] [req:N/A] Colors: Black, White
2025-10-05T10:34:21.245Z [INFO] [req:N/A] Sizes: One Size, One Size
2025-10-05T10:34:21.246Z [INFO] [req:N/A] Average Rating: 0
2025-10-05T10:34:21.246Z [INFO] [req:N/A] Number of Reviews: 0
2025-10-05T10:34:21.247Z [INFO] [req:N/A] Image URLs (first): /placeholder.svg
2025-10-05T10:34:21.247Z [INFO] [req:N/A] --------------------
2025-10-05T10:34:21.248Z [INFO] [req:N/A] --- Product 2 ---
2025-10-05T10:34:21.249Z [INFO] [req:N/A] ID: 68e2434af645aea38bd12797
2025-10-05T10:34:21.249Z [INFO] [req:N/A] Name: 4K Ultra HD Smart TV
2025-10-05T10:34:21.250Z [INFO] [req:N/A] Category: Electronics
2025-10-05T10:34:21.250Z [INFO] [req:N/A] Image Processing Status: completed
2025-10-05T10:34:21.251Z [INFO] [req:N/A] Is Featured: false
2025-10-05T10:34:21.251Z [INFO] [req:N/A] Price: 499.99
2025-10-05T10:34:21.251Z [INFO] [req:N/A] Colors: Black, Black
2025-10-05T10:34:21.252Z [INFO] [req:N/A] Sizes: 55-inch, 65-inch
2025-10-05T10:34:21.252Z [INFO] [req:N/A] Average Rating: 0
2025-10-05T10:34:21.253Z [INFO] [req:N/A] Number of Reviews: 0
2025-10-05T10:34:21.253Z [INFO] [req:N/A] Image URLs (first): /placeholder.svg
2025-10-05T10:34:21.253Z [INFO] [req:N/A] --------------------
2025-10-05T10:34:21.254Z [INFO] [req:N/A] --- Product 3 ---
2025-10-05T10:34:21.254Z [INFO] [req:N/A] ID: 68e2434af645aea38bd1279a
2025-10-05T10:34:21.255Z [INFO] [req:N/A] Name: Portable Bluetooth Speaker
2025-10-05T10:34:21.255Z [INFO] [req:N/A] Category: Electronics
2025-10-05T10:34:21.255Z [INFO] [req:N/A] Image Processing Status: completed
2025-10-05T10:34:21.256Z [INFO] [req:N/A] Is Featured: true
2025-10-05T10:34:21.256Z [INFO] [req:N/A] Price: 89.99
2025-10-05T10:34:21.256Z [INFO] [req:N/A] Colors: Blue, Red
2025-10-05T10:34:21.257Z [INFO] [req:N/A] Sizes: One Size, One Size
2025-10-05T10:34:21.257Z [INFO] [req:N/A] Average Rating: 0
2025-10-05T10:34:21.257Z [INFO] [req:N/A] Number of Reviews: 0
2025-10-05T10:34:21.257Z [INFO] [req:N/A] Image URLs (first): /placeholder.svg
2025-10-05T10:34:21.258Z [INFO] [req:N/A] --------------------
2025-10-05T10:34:21.258Z [INFO] [req:N/A] --- Product 4 ---
2025-10-05T10:34:21.258Z [INFO] [req:N/A] ID: 68e2434af645aea38bd1279d
2025-10-05T10:34:21.259Z [INFO] [req:N/A] Name: Classic Cotton T-Shirt
2025-10-05T10:34:21.259Z [INFO] [req:N/A] Category: Apparel
2025-10-05T10:34:21.259Z [INFO] [req:N/A] Image Processing Status: completed
2025-10-05T10:34:21.260Z [INFO] [req:N/A] Is Featured: false
2025-10-05T10:34:21.260Z [INFO] [req:N/A] Price: 19.99
2025-10-05T10:34:21.261Z [INFO] [req:N/A] Colors: White, White, White, Black, Black, Black
2025-10-05T10:34:21.261Z [INFO] [req:N/A] Sizes: S, M, L, S, M, L
2025-10-05T10:34:21.261Z [INFO] [req:N/A] Average Rating: 0
2025-10-05T10:34:21.262Z [INFO] [req:N/A] Number of Reviews: 0
2025-10-05T10:34:21.262Z [INFO] [req:N/A] Image URLs (first): /placeholder.svg
2025-10-05T10:34:21.262Z [INFO] [req:N/A] --------------------
2025-10-05T10:34:21.263Z [INFO] [req:N/A] --- Product 5 ---
2025-10-05T10:34:21.263Z [INFO] [req:N/A] ID: 68e2434af645aea38bd127a4
2025-10-05T10:34:21.263Z [INFO] [req:N/A] Name: Modern Slim-Fit Jeans
2025-10-05T10:34:21.264Z [INFO] [req:N/A] Category: Apparel
2025-10-05T10:34:21.264Z [INFO] [req:N/A] Image Processing Status: completed
2025-10-05T10:34:21.264Z [INFO] [req:N/A] Is Featured: true
2025-10-05T10:34:21.265Z [INFO] [req:N/A] Price: 79.99
2025-10-05T10:34:21.265Z [INFO] [req:N/A] Colors: Blue, Blue, Blue
2025-10-05T10:34:21.265Z [INFO] [req:N/A] Sizes: M, L, XL
2025-10-05T10:34:21.266Z [INFO] [req:N/A] Average Rating: 0
2025-10-05T10:34:21.266Z [INFO] [req:N/A] Number of Reviews: 0
2025-10-05T10:34:21.266Z [INFO] [req:N/A] Image URLs (first): /placeholder.svg
2025-10-05T10:34:21.267Z [INFO] [req:N/A] --------------------
2025-10-05T10:34:28.829Z [INFO] [req:N/A] [ImageProcessingQueue] Image processing queue initialized.
2025-10-05T10:34:30.694Z [INFO] [req:N/A] [ImageWorker] Image processing worker started.
2025-10-05T10:34:34.750Z [INFO] [req:N/A] MongoClient connected for sessions.
2025-10-05T10:34:36.950Z [INFO] [req:N/A] ✅ Mongoose connected to DB
2025-10-05T10:34:36.953Z [INFO] [req:N/A] 📦 MongoDB Connected: cluster0-shard-00-01.oissf.mongodb.net
2025-10-05T10:34:38.223Z [INFO] [req:N/A] 40 products already exist in the database. Skipping product seeding.
2025-10-05T10:34:38.752Z [INFO] [req:N/A] 7 categories already exist in the database. Skipping category seeding.
2025-10-05T10:34:38.961Z [INFO] [req:N/A] Order number counter already exists, current sequence: 1003
2025-10-05T10:34:38.965Z [INFO] [req:N/A] 🚀 Server running in development mode on port 3001
2025-10-05T10:38:02.013Z [HTTP] [req:bcb0a47f-979c-4129-95d2-3610abe76d38] ::1 - - [05/Oct/2025:10:38:02 +0000] "GET /api/v1/auth/check-auth HTTP/1.1" 304 - "http://localhost:5173/" "Mozilla/5.0 (Windows NT 10.0; Win64; x64) AppleWebKit/537.36 (KHTML, like Gecko) Chrome/123.0.0.0 Safari/537.36"
2025-10-05T10:38:04.978Z [HTTP] [req:4b3ab1ad-f9f3-488d-87d7-67b16576eb99] ::1 - - [05/Oct/2025:10:38:04 +0000] "GET /api/v1/orders/metrics HTTP/1.1" 200 3401 "http://localhost:5173/" "Mozilla/5.0 (Windows NT 10.0; Win64; x64) AppleWebKit/537.36 (KHTML, like Gecko) Chrome/123.0.0.0 Safari/537.36"
2025-10-05T10:38:05.156Z [HTTP] [req:b85fba07-6614-4255-a09b-f59f770542a8] ::1 - - [05/Oct/2025:10:38:05 +0000] "GET /api/v1/orders/sales-over-time?period=30days HTTP/1.1" 304 - "http://localhost:5173/" "Mozilla/5.0 (Windows NT 10.0; Win64; x64) AppleWebKit/537.36 (KHTML, like Gecko) Chrome/123.0.0.0 Safari/537.36"
2025-10-05T10:38:05.673Z [HTTP] [req:84dfe464-8a56-49b3-82e9-169893ac8eea] ::1 - - [05/Oct/2025:10:38:05 +0000] "GET /api/v1/orders/top-selling-products?limit=5&sortBy=revenue HTTP/1.1" 304 - "http://localhost:5173/" "Mozilla/5.0 (Windows NT 10.0; Win64; x64) AppleWebKit/537.36 (KHTML, like Gecko) Chrome/123.0.0.0 Safari/537.36"
2025-10-05T10:38:23.292Z [HTTP] [req:d1d463c4-7ee5-429f-80be-3b07980d89c6] ::1 - - [05/Oct/2025:10:38:23 +0000] "GET /api/v1/categories HTTP/1.1" 304 - "http://localhost:5173/" "Mozilla/5.0 (Windows NT 10.0; Win64; x64) AppleWebKit/537.36 (KHTML, like Gecko) Chrome/123.0.0.0 Safari/537.36"
2025-10-05T10:38:27.027Z [HTTP] [req:1945cf6a-3b77-4276-9009-200aa933939d] ::1 - - [05/Oct/2025:10:38:27 +0000] "GET /api/v1/products?page=1&limit=10&sortBy=name-asc HTTP/1.1" 304 - "http://localhost:5173/" "Mozilla/5.0 (Windows NT 10.0; Win64; x64) AppleWebKit/537.36 (KHTML, like Gecko) Chrome/123.0.0.0 Safari/537.36"
2025-10-05T10:39:00.153Z [HTTP] [req:960ccc92-9c9d-40dd-aa86-184f3b550a48] ::1 - - [05/Oct/2025:10:39:00 +0000] "GET /api/v1/products?page=1&limit=10&categories=Accessories&sortBy=name-asc HTTP/1.1" 304 - "http://localhost:5173/" "Mozilla/5.0 (Linux; Android 6.0; Nexus 5 Build/MRA58N) AppleWebKit/537.36 (KHTML, like Gecko) Chrome/123.0.0.0 Mobile Safari/537.36"
2025-10-05T10:39:49.185Z [HTTP] [req:e54dbcd8-a91c-4de6-85b3-b4e6bfe5744a] ::1 - - [05/Oct/2025:10:39:49 +0000] "GET /api/v1/auth/check-auth HTTP/1.1" 304 - "http://localhost:5173/" "Mozilla/5.0 (Linux; Android 6.0; Nexus 5 Build/MRA58N) AppleWebKit/537.36 (KHTML, like Gecko) Chrome/123.0.0.0 Mobile Safari/537.36"
2025-10-05T10:39:49.788Z [HTTP] [req:f31f3d90-9b5c-4cb6-9bbc-9753f397bdeb] ::1 - - [05/Oct/2025:10:39:49 +0000] "GET /api/v1/categories HTTP/1.1" 304 - "http://localhost:5173/" "Mozilla/5.0 (Linux; Android 6.0; Nexus 5 Build/MRA58N) AppleWebKit/537.36 (KHTML, like Gecko) Chrome/123.0.0.0 Mobile Safari/537.36"
2025-10-05T10:39:50.072Z [HTTP] [req:0bec8457-403e-4ae4-af8f-356f138613a0] ::1 - - [05/Oct/2025:10:39:50 +0000] "GET /api/v1/products?page=1&limit=10&sortBy=name-asc HTTP/1.1" 304 - "http://localhost:5173/" "Mozilla/5.0 (Linux; Android 6.0; Nexus 5 Build/MRA58N) AppleWebKit/537.36 (KHTML, like Gecko) Chrome/123.0.0.0 Mobile Safari/537.36"
2025-10-05T10:44:58.612Z [HTTP] [req:8e2586d9-e1cd-4e28-bca2-cbf543f0ea12] ::1 - - [05/Oct/2025:10:44:58 +0000] "GET /api/v1/auth/check-auth HTTP/1.1" 304 - "http://localhost:5173/" "Mozilla/5.0 (Linux; Android 6.0; Nexus 5 Build/MRA58N) AppleWebKit/537.36 (KHTML, like Gecko) Chrome/123.0.0.0 Mobile Safari/537.36"
2025-10-05T10:44:59.401Z [HTTP] [req:9ccc966b-d5eb-45ac-875f-85b70cdd0ed6] ::1 - - [05/Oct/2025:10:44:59 +0000] "GET /api/v1/categories HTTP/1.1" 304 - "http://localhost:5173/" "Mozilla/5.0 (Linux; Android 6.0; Nexus 5 Build/MRA58N) AppleWebKit/537.36 (KHTML, like Gecko) Chrome/123.0.0.0 Mobile Safari/537.36"
2025-10-05T10:45:00.131Z [HTTP] [req:54f6e7d1-10f3-4ef2-916a-096c341189ce] ::1 - - [05/Oct/2025:10:45:00 +0000] "GET /api/v1/products?page=1&limit=10&sortBy=name-asc HTTP/1.1" 304 - "http://localhost:5173/" "Mozilla/5.0 (Linux; Android 6.0; Nexus 5 Build/MRA58N) AppleWebKit/537.36 (KHTML, like Gecko) Chrome/123.0.0.0 Mobile Safari/537.36"
2025-10-05T10:51:02.341Z [HTTP] [req:954dc7a3-d394-474f-af32-bf20e690fd65] ::1 - - [05/Oct/2025:10:51:02 +0000] "GET /api/v1/products?page=1&limit=10&sortBy=name-desc HTTP/1.1" 200 6114 "http://localhost:5173/" "Mozilla/5.0 (Linux; Android 6.0; Nexus 5 Build/MRA58N) AppleWebKit/537.36 (KHTML, like Gecko) Chrome/123.0.0.0 Mobile Safari/537.36"
2025-10-05T10:51:04.825Z [HTTP] [req:2551da5d-7996-469f-92f9-c054538b28f0] ::1 - - [05/Oct/2025:10:51:04 +0000] "GET /api/v1/products?page=1&limit=10&categories=Home+Goods&sortBy=name-desc HTTP/1.1" 200 5049 "http://localhost:5173/" "Mozilla/5.0 (Linux; Android 6.0; Nexus 5 Build/MRA58N) AppleWebKit/537.36 (KHTML, like Gecko) Chrome/123.0.0.0 Mobile Safari/537.36"
2025-10-05T10:51:06.337Z [HTTP] [req:a10284cf-d4ee-49b0-a4ee-4f37f21843f2] ::1 - - [05/Oct/2025:10:51:06 +0000] "GET /api/v1/products?page=1&limit=10&categories=Books&sortBy=name-desc HTTP/1.1" 200 64 "http://localhost:5173/" "Mozilla/5.0 (Linux; Android 6.0; Nexus 5 Build/MRA58N) AppleWebKit/537.36 (KHTML, like Gecko) Chrome/123.0.0.0 Mobile Safari/537.36"
2025-10-05T10:51:08.587Z [HTTP] [req:05b7e067-a0e9-4816-a338-d2ce28083054] ::1 - - [05/Oct/2025:10:51:08 +0000] "GET /api/v1/products?page=1&limit=10&searchTerm=ffsd&categories=Books&sortBy=name-desc HTTP/1.1" 200 64 "http://localhost:5173/" "Mozilla/5.0 (Linux; Android 6.0; Nexus 5 Build/MRA58N) AppleWebKit/537.36 (KHTML, like Gecko) Chrome/123.0.0.0 Mobile Safari/537.36"
2025-10-05T10:51:14.507Z [HTTP] [req:9311d2d2-375f-4c1a-9b46-221366e54295] ::1 - - [05/Oct/2025:10:51:14 +0000] "GET /api/v1/products?page=1&limit=10&searchTerm=rea&categories=Books&sortBy=name-desc HTTP/1.1" 200 64 "http://localhost:5173/" "Mozilla/5.0 (Linux; Android 6.0; Nexus 5 Build/MRA58N) AppleWebKit/537.36 (KHTML, like Gecko) Chrome/123.0.0.0 Mobile Safari/537.36"
2025-10-05T10:58:48.173Z [HTTP] [req:1bcc346f-5b03-4cbd-9a0e-eb78b04b612b] ::1 - - [05/Oct/2025:10:58:48 +0000] "GET /api/v1/categories HTTP/1.1" 304 - "http://localhost:5173/" "Mozilla/5.0 (Linux; Android 6.0; Nexus 5 Build/MRA58N) AppleWebKit/537.36 (KHTML, like Gecko) Chrome/123.0.0.0 Mobile Safari/537.36"
2025-10-05T10:58:48.240Z [HTTP] [req:a18d9597-e64e-4424-bc28-377fca2ab44d] ::1 - - [05/Oct/2025:10:58:48 +0000] "GET /api/v1/products?page=1&limit=10&searchTerm=rea&categories=Books&sortBy=name-desc HTTP/1.1" 304 - "http://localhost:5173/" "Mozilla/5.0 (Linux; Android 6.0; Nexus 5 Build/MRA58N) AppleWebKit/537.36 (KHTML, like Gecko) Chrome/123.0.0.0 Mobile Safari/537.36"
2025-10-05T11:02:48.652Z [HTTP] [req:be01da9b-35f7-4684-8531-ba0b85a2acb3] ::1 - - [05/Oct/2025:11:02:48 +0000] "GET /api/v1/auth/check-auth HTTP/1.1" 304 - "http://localhost:5173/" "Mozilla/5.0 (Linux; Android 6.0; Nexus 5 Build/MRA58N) AppleWebKit/537.36 (KHTML, like Gecko) Chrome/123.0.0.0 Mobile Safari/537.36"
2025-10-05T11:02:49.263Z [HTTP] [req:ebeb5246-0ea1-456e-afb4-554e83f693af] ::1 - - [05/Oct/2025:11:02:49 +0000] "GET /api/v1/categories HTTP/1.1" 304 - "http://localhost:5173/" "Mozilla/5.0 (Linux; Android 6.0; Nexus 5 Build/MRA58N) AppleWebKit/537.36 (KHTML, like Gecko) Chrome/123.0.0.0 Mobile Safari/537.36"
2025-10-05T11:02:49.481Z [HTTP] [req:2f46b912-6752-468f-88d9-b5afa584537d] ::1 - - [05/Oct/2025:11:02:49 +0000] "GET /api/v1/products?page=1&limit=10&sortBy=name-asc HTTP/1.1" 304 - "http://localhost:5173/" "Mozilla/5.0 (Linux; Android 6.0; Nexus 5 Build/MRA58N) AppleWebKit/537.36 (KHTML, like Gecko) Chrome/123.0.0.0 Mobile Safari/537.36"
2025-10-05T11:15:58.010Z [INFO] [req:N/A] Connecting to Meilisearch...
2025-10-05T11:15:58.039Z [INFO] [req:N/A] ✅ Connected to Meilisearch and got "products" index.
2025-10-05T11:15:58.040Z [INFO] [req:N/A] Fetching up to 5 products from Meilisearch index...
2025-10-05T11:15:58.506Z [INFO] [req:N/A] ✅ Found 5 products in Meilisearch. Here are the first few:
2025-10-05T11:15:58.507Z [INFO] [req:N/A] --- Product 1 ---
2025-10-05T11:15:58.508Z [INFO] [req:N/A] ID: 68e2434af645aea38bd12794
2025-10-05T11:15:58.509Z [INFO] [req:N/A] Name: Wireless Noise-Cancelling Headphones
2025-10-05T11:15:58.509Z [INFO] [req:N/A] Category: Electronics
2025-10-05T11:15:58.510Z [INFO] [req:N/A] Image Processing Status: completed
2025-10-05T11:15:58.510Z [INFO] [req:N/A] Is Featured: true
2025-10-05T11:15:58.511Z [INFO] [req:N/A] Price: 249.99
2025-10-05T11:15:58.511Z [INFO] [req:N/A] Colors: Black, White
2025-10-05T11:15:58.512Z [INFO] [req:N/A] Sizes: One Size, One Size
2025-10-05T11:15:58.512Z [INFO] [req:N/A] Average Rating: 0
2025-10-05T11:15:58.513Z [INFO] [req:N/A] Number of Reviews: 0
2025-10-05T11:15:58.513Z [INFO] [req:N/A] Image URLs (first): /placeholder.svg
2025-10-05T11:15:58.514Z [INFO] [req:N/A] --------------------
2025-10-05T11:15:58.514Z [INFO] [req:N/A] --- Product 2 ---
2025-10-05T11:15:58.515Z [INFO] [req:N/A] ID: 68e2434af645aea38bd12797
2025-10-05T11:15:58.515Z [INFO] [req:N/A] Name: 4K Ultra HD Smart TV
2025-10-05T11:15:58.516Z [INFO] [req:N/A] Category: Electronics
2025-10-05T11:15:58.516Z [INFO] [req:N/A] Image Processing Status: completed
2025-10-05T11:15:58.516Z [INFO] [req:N/A] Is Featured: false
2025-10-05T11:15:58.517Z [INFO] [req:N/A] Price: 499.99
2025-10-05T11:15:58.517Z [INFO] [req:N/A] Colors: Black, Black
2025-10-05T11:15:58.518Z [INFO] [req:N/A] Sizes: 55-inch, 65-inch
2025-10-05T11:15:58.518Z [INFO] [req:N/A] Average Rating: 0
2025-10-05T11:15:58.518Z [INFO] [req:N/A] Number of Reviews: 0
2025-10-05T11:15:58.519Z [INFO] [req:N/A] Image URLs (first): /placeholder.svg
2025-10-05T11:15:58.519Z [INFO] [req:N/A] --------------------
2025-10-05T11:15:58.519Z [INFO] [req:N/A] --- Product 3 ---
2025-10-05T11:15:58.519Z [INFO] [req:N/A] ID: 68e2434af645aea38bd1279a
2025-10-05T11:15:58.520Z [INFO] [req:N/A] Name: Portable Bluetooth Speaker
2025-10-05T11:15:58.520Z [INFO] [req:N/A] Category: Electronics
2025-10-05T11:15:58.520Z [INFO] [req:N/A] Image Processing Status: completed
2025-10-05T11:15:58.521Z [INFO] [req:N/A] Is Featured: true
2025-10-05T11:15:58.521Z [INFO] [req:N/A] Price: 89.99
2025-10-05T11:15:58.521Z [INFO] [req:N/A] Colors: Blue, Red
2025-10-05T11:15:58.521Z [INFO] [req:N/A] Sizes: One Size, One Size
2025-10-05T11:15:58.522Z [INFO] [req:N/A] Average Rating: 0
2025-10-05T11:15:58.522Z [INFO] [req:N/A] Number of Reviews: 0
2025-10-05T11:15:58.523Z [INFO] [req:N/A] Image URLs (first): /placeholder.svg
2025-10-05T11:15:58.523Z [INFO] [req:N/A] --------------------
2025-10-05T11:15:58.523Z [INFO] [req:N/A] --- Product 4 ---
2025-10-05T11:15:58.524Z [INFO] [req:N/A] ID: 68e2434af645aea38bd1279d
2025-10-05T11:15:58.524Z [INFO] [req:N/A] Name: Classic Cotton T-Shirt
2025-10-05T11:15:58.525Z [INFO] [req:N/A] Category: Apparel
2025-10-05T11:15:58.525Z [INFO] [req:N/A] Image Processing Status: completed
2025-10-05T11:15:58.632Z [INFO] [req:N/A] Is Featured: false
2025-10-05T11:15:58.658Z [INFO] [req:N/A] Price: 19.99
2025-10-05T11:15:58.658Z [INFO] [req:N/A] Colors: White, White, White, Black, Black, Black
2025-10-05T11:15:58.658Z [INFO] [req:N/A] Sizes: S, M, L, S, M, L
2025-10-05T11:15:58.659Z [INFO] [req:N/A] Average Rating: 0
2025-10-05T11:15:58.659Z [INFO] [req:N/A] Number of Reviews: 0
2025-10-05T11:15:58.659Z [INFO] [req:N/A] Image URLs (first): /placeholder.svg
2025-10-05T11:15:58.660Z [INFO] [req:N/A] --------------------
2025-10-05T11:15:58.660Z [INFO] [req:N/A] --- Product 5 ---
2025-10-05T11:15:58.660Z [INFO] [req:N/A] ID: 68e2434af645aea38bd127a4
2025-10-05T11:15:58.660Z [INFO] [req:N/A] Name: Modern Slim-Fit Jeans
2025-10-05T11:15:58.661Z [INFO] [req:N/A] Category: Apparel
2025-10-05T11:15:58.661Z [INFO] [req:N/A] Image Processing Status: completed
2025-10-05T11:15:58.661Z [INFO] [req:N/A] Is Featured: true
2025-10-05T11:15:58.661Z [INFO] [req:N/A] Price: 79.99
2025-10-05T11:15:58.662Z [INFO] [req:N/A] Colors: Blue, Blue, Blue
2025-10-05T11:15:58.662Z [INFO] [req:N/A] Sizes: M, L, XL
2025-10-05T11:15:58.662Z [INFO] [req:N/A] Average Rating: 0
2025-10-05T11:15:58.662Z [INFO] [req:N/A] Number of Reviews: 0
2025-10-05T11:15:58.663Z [INFO] [req:N/A] Image URLs (first): /placeholder.svg
2025-10-05T11:15:58.663Z [INFO] [req:N/A] --------------------
2025-10-05T11:20:10.107Z [INFO] [req:N/A] Connecting to Meilisearch...
2025-10-05T11:20:12.115Z [INFO] [req:N/A] ✅ Connected to Meilisearch and got "products" index.
2025-10-05T11:20:12.115Z [INFO] [req:N/A] Fetching up to 5 products from Meilisearch index...
2025-10-05T11:20:14.385Z [INFO] [req:N/A] ✅ Found 5 products in Meilisearch. Here are the first few:
2025-10-05T11:20:14.387Z [INFO] [req:N/A] --- Product 1 ---
2025-10-05T11:20:14.388Z [INFO] [req:N/A] ID: 68e2434af645aea38bd12794
2025-10-05T11:20:14.389Z [INFO] [req:N/A] Name: Wireless Noise-Cancelling Headphones
2025-10-05T11:20:14.389Z [INFO] [req:N/A] Category: Electronics
2025-10-05T11:20:14.390Z [INFO] [req:N/A] Image Processing Status: completed
2025-10-05T11:20:14.390Z [INFO] [req:N/A] Is Featured: true
2025-10-05T11:20:14.391Z [INFO] [req:N/A] Price: 249.99
2025-10-05T11:20:14.391Z [INFO] [req:N/A] Colors: Black, White
2025-10-05T11:20:14.392Z [INFO] [req:N/A] Sizes: One Size, One Size
2025-10-05T11:20:14.392Z [INFO] [req:N/A] Average Rating: 0
2025-10-05T11:20:14.393Z [INFO] [req:N/A] Number of Reviews: 0
2025-10-05T11:20:14.393Z [INFO] [req:N/A] Image URLs (first): /placeholder.svg
2025-10-05T11:20:14.394Z [INFO] [req:N/A] Image URLs (first): undefined
2025-10-05T11:20:14.394Z [INFO] [req:N/A] Image URLs (first): undefined
2025-10-05T11:20:14.395Z [INFO] [req:N/A] Image URLs (first): undefined
2025-10-05T11:20:14.395Z [INFO] [req:N/A] --------------------
2025-10-05T11:20:14.396Z [INFO] [req:N/A] --- Product 2 ---
2025-10-05T11:20:14.396Z [INFO] [req:N/A] ID: 68e2434af645aea38bd12797
2025-10-05T11:20:14.397Z [INFO] [req:N/A] Name: 4K Ultra HD Smart TV
2025-10-05T11:20:14.397Z [INFO] [req:N/A] Category: Electronics
2025-10-05T11:20:14.398Z [INFO] [req:N/A] Image Processing Status: completed
2025-10-05T11:20:14.398Z [INFO] [req:N/A] Is Featured: false
2025-10-05T11:20:14.398Z [INFO] [req:N/A] Price: 499.99
2025-10-05T11:20:14.399Z [INFO] [req:N/A] Colors: Black, Black
2025-10-05T11:20:14.399Z [INFO] [req:N/A] Sizes: 55-inch, 65-inch
2025-10-05T11:20:14.400Z [INFO] [req:N/A] Average Rating: 0
2025-10-05T11:20:14.400Z [INFO] [req:N/A] Number of Reviews: 0
2025-10-05T11:20:14.400Z [INFO] [req:N/A] Image URLs (first): /placeholder.svg
2025-10-05T11:20:14.401Z [INFO] [req:N/A] Image URLs (first): undefined
2025-10-05T11:20:14.401Z [INFO] [req:N/A] Image URLs (first): undefined
2025-10-05T11:20:14.402Z [INFO] [req:N/A] Image URLs (first): undefined
2025-10-05T11:20:14.403Z [INFO] [req:N/A] --------------------
2025-10-05T11:20:14.404Z [INFO] [req:N/A] --- Product 3 ---
2025-10-05T11:20:14.404Z [INFO] [req:N/A] ID: 68e2434af645aea38bd1279a
2025-10-05T11:20:14.405Z [INFO] [req:N/A] Name: Portable Bluetooth Speaker
2025-10-05T11:20:14.405Z [INFO] [req:N/A] Category: Electronics
2025-10-05T11:20:14.406Z [INFO] [req:N/A] Image Processing Status: completed
2025-10-05T11:20:14.406Z [INFO] [req:N/A] Is Featured: true
2025-10-05T11:20:14.407Z [INFO] [req:N/A] Price: 89.99
2025-10-05T11:20:14.407Z [INFO] [req:N/A] Colors: Blue, Red
2025-10-05T11:20:14.408Z [INFO] [req:N/A] Sizes: One Size, One Size
2025-10-05T11:20:14.408Z [INFO] [req:N/A] Average Rating: 0
2025-10-05T11:20:14.408Z [INFO] [req:N/A] Number of Reviews: 0
2025-10-05T11:20:14.409Z [INFO] [req:N/A] Image URLs (first): /placeholder.svg
2025-10-05T11:20:14.409Z [INFO] [req:N/A] Image URLs (first): undefined
2025-10-05T11:20:14.410Z [INFO] [req:N/A] Image URLs (first): undefined
2025-10-05T11:20:14.410Z [INFO] [req:N/A] Image URLs (first): undefined
2025-10-05T11:20:14.410Z [INFO] [req:N/A] --------------------
2025-10-05T11:20:14.411Z [INFO] [req:N/A] --- Product 4 ---
2025-10-05T11:20:14.411Z [INFO] [req:N/A] ID: 68e2434af645aea38bd1279d
2025-10-05T11:20:14.411Z [INFO] [req:N/A] Name: Classic Cotton T-Shirt
2025-10-05T11:20:14.412Z [INFO] [req:N/A] Category: Apparel
2025-10-05T11:20:14.412Z [INFO] [req:N/A] Image Processing Status: completed
2025-10-05T11:20:14.412Z [INFO] [req:N/A] Is Featured: false
2025-10-05T11:20:14.413Z [INFO] [req:N/A] Price: 19.99
2025-10-05T11:20:14.413Z [INFO] [req:N/A] Colors: White, White, White, Black, Black, Black
2025-10-05T11:20:14.413Z [INFO] [req:N/A] Sizes: S, M, L, S, M, L
2025-10-05T11:20:14.413Z [INFO] [req:N/A] Average Rating: 0
2025-10-05T11:20:14.414Z [INFO] [req:N/A] Number of Reviews: 0
2025-10-05T11:20:14.414Z [INFO] [req:N/A] Image URLs (first): /placeholder.svg
2025-10-05T11:20:14.414Z [INFO] [req:N/A] Image URLs (first): undefined
2025-10-05T11:20:14.415Z [INFO] [req:N/A] Image URLs (first): undefined
2025-10-05T11:20:14.415Z [INFO] [req:N/A] Image URLs (first): undefined
2025-10-05T11:20:14.415Z [INFO] [req:N/A] --------------------
2025-10-05T11:20:14.415Z [INFO] [req:N/A] --- Product 5 ---
2025-10-05T11:20:14.416Z [INFO] [req:N/A] ID: 68e2434af645aea38bd127a4
2025-10-05T11:20:14.416Z [INFO] [req:N/A] Name: Modern Slim-Fit Jeans
2025-10-05T11:20:14.416Z [INFO] [req:N/A] Category: Apparel
2025-10-05T11:20:14.417Z [INFO] [req:N/A] Image Processing Status: completed
2025-10-05T11:20:14.417Z [INFO] [req:N/A] Is Featured: true
2025-10-05T11:20:14.417Z [INFO] [req:N/A] Price: 79.99
2025-10-05T11:20:14.417Z [INFO] [req:N/A] Colors: Blue, Blue, Blue
2025-10-05T11:20:14.418Z [INFO] [req:N/A] Sizes: M, L, XL
2025-10-05T11:20:14.418Z [INFO] [req:N/A] Average Rating: 0
2025-10-05T11:20:14.419Z [INFO] [req:N/A] Number of Reviews: 0
2025-10-05T11:20:14.419Z [INFO] [req:N/A] Image URLs (first): /placeholder.svg
2025-10-05T11:20:14.419Z [INFO] [req:N/A] Image URLs (first): undefined
2025-10-05T11:20:14.420Z [INFO] [req:N/A] Image URLs (first): undefined
2025-10-05T11:20:14.420Z [INFO] [req:N/A] Image URLs (first): undefined
2025-10-05T11:20:14.420Z [INFO] [req:N/A] --------------------
2025-10-05T11:21:09.854Z [INFO] [req:N/A] Connecting to Meilisearch...
2025-10-05T11:21:09.883Z [INFO] [req:N/A] ✅ Connected to Meilisearch and got "products" index.
2025-10-05T11:21:09.884Z [INFO] [req:N/A] Fetching up to 5 products from Meilisearch index...
2025-10-05T11:21:10.409Z [INFO] [req:N/A] ✅ Found 5 products in Meilisearch. Here are the first few:
2025-10-05T11:21:10.411Z [INFO] [req:N/A] --- Product 1 ---
2025-10-05T11:21:10.412Z [INFO] [req:N/A] ID: 68e2434af645aea38bd12794
2025-10-05T11:21:10.412Z [INFO] [req:N/A] Name: Wireless Noise-Cancelling Headphones
2025-10-05T11:21:10.413Z [INFO] [req:N/A] Category: Electronics
2025-10-05T11:21:10.413Z [INFO] [req:N/A] Image Processing Status: completed
2025-10-05T11:21:10.414Z [INFO] [req:N/A] Is Featured: true
2025-10-05T11:21:10.414Z [INFO] [req:N/A] Price: 249.99
2025-10-05T11:21:10.415Z [INFO] [req:N/A] Colors: Black, White
2025-10-05T11:21:10.415Z [INFO] [req:N/A] Sizes: One Size, One Size
2025-10-05T11:21:10.416Z [INFO] [req:N/A] Average Rating: 0
2025-10-05T11:21:10.416Z [INFO] [req:N/A] Number of Reviews: 0
2025-10-05T11:21:10.416Z [INFO] [req:N/A] Image URLs (first): /placeholder.svg
2025-10-05T11:21:10.417Z [INFO] [req:N/A] Image URLs (first): undefined
2025-10-05T11:21:10.417Z [INFO] [req:N/A] Image URLs (first): undefined
2025-10-05T11:21:10.417Z [INFO] [req:N/A] Image URLs (first): undefined
2025-10-05T11:21:10.418Z [INFO] [req:N/A] Image URLs (first): undefined
2025-10-05T11:21:10.418Z [INFO] [req:N/A] --------------------
2025-10-05T11:21:10.419Z [INFO] [req:N/A] --- Product 2 ---
2025-10-05T11:21:10.419Z [INFO] [req:N/A] ID: 68e2434af645aea38bd12797
2025-10-05T11:21:10.419Z [INFO] [req:N/A] Name: 4K Ultra HD Smart TV
2025-10-05T11:21:10.420Z [INFO] [req:N/A] Category: Electronics
2025-10-05T11:21:10.420Z [INFO] [req:N/A] Image Processing Status: completed
2025-10-05T11:21:10.421Z [INFO] [req:N/A] Is Featured: false
2025-10-05T11:21:10.421Z [INFO] [req:N/A] Price: 499.99
2025-10-05T11:21:10.422Z [INFO] [req:N/A] Colors: Black, Black
2025-10-05T11:21:10.422Z [INFO] [req:N/A] Sizes: 55-inch, 65-inch
2025-10-05T11:21:10.422Z [INFO] [req:N/A] Average Rating: 0
2025-10-05T11:21:10.423Z [INFO] [req:N/A] Number of Reviews: 0
2025-10-05T11:21:10.423Z [INFO] [req:N/A] Image URLs (first): /placeholder.svg
2025-10-05T11:21:10.424Z [INFO] [req:N/A] Image URLs (first): undefined
2025-10-05T11:21:10.424Z [INFO] [req:N/A] Image URLs (first): undefined
2025-10-05T11:21:10.424Z [INFO] [req:N/A] Image URLs (first): undefined
2025-10-05T11:21:10.425Z [INFO] [req:N/A] Image URLs (first): undefined
2025-10-05T11:21:10.425Z [INFO] [req:N/A] --------------------
2025-10-05T11:21:10.426Z [INFO] [req:N/A] --- Product 3 ---
2025-10-05T11:21:10.426Z [INFO] [req:N/A] ID: 68e2434af645aea38bd1279a
2025-10-05T11:21:10.426Z [INFO] [req:N/A] Name: Portable Bluetooth Speaker
2025-10-05T11:21:10.427Z [INFO] [req:N/A] Category: Electronics
2025-10-05T11:21:10.427Z [INFO] [req:N/A] Image Processing Status: completed
2025-10-05T11:21:10.428Z [INFO] [req:N/A] Is Featured: true
2025-10-05T11:21:10.428Z [INFO] [req:N/A] Price: 89.99
2025-10-05T11:21:10.428Z [INFO] [req:N/A] Colors: Blue, Red
2025-10-05T11:21:10.429Z [INFO] [req:N/A] Sizes: One Size, One Size
2025-10-05T11:21:10.429Z [INFO] [req:N/A] Average Rating: 0
2025-10-05T11:21:10.429Z [INFO] [req:N/A] Number of Reviews: 0
2025-10-05T11:21:10.430Z [INFO] [req:N/A] Image URLs (first): /placeholder.svg
2025-10-05T11:21:10.430Z [INFO] [req:N/A] Image URLs (first): undefined
2025-10-05T11:21:10.431Z [INFO] [req:N/A] Image URLs (first): undefined
2025-10-05T11:21:10.431Z [INFO] [req:N/A] Image URLs (first): undefined
2025-10-05T11:21:10.431Z [INFO] [req:N/A] Image URLs (first): undefined
2025-10-05T11:21:10.432Z [INFO] [req:N/A] --------------------
2025-10-05T11:21:10.432Z [INFO] [req:N/A] --- Product 4 ---
2025-10-05T11:21:10.433Z [INFO] [req:N/A] ID: 68e2434af645aea38bd1279d
2025-10-05T11:21:10.433Z [INFO] [req:N/A] Name: Classic Cotton T-Shirt
2025-10-05T11:21:10.433Z [INFO] [req:N/A] Category: Apparel
2025-10-05T11:21:10.434Z [INFO] [req:N/A] Image Processing Status: completed
2025-10-05T11:21:10.434Z [INFO] [req:N/A] Is Featured: false
2025-10-05T11:21:10.434Z [INFO] [req:N/A] Price: 19.99
2025-10-05T11:21:10.435Z [INFO] [req:N/A] Colors: White, White, White, Black, Black, Black
2025-10-05T11:21:10.435Z [INFO] [req:N/A] Sizes: S, M, L, S, M, L
2025-10-05T11:21:10.436Z [INFO] [req:N/A] Average Rating: 0
2025-10-05T11:21:10.436Z [INFO] [req:N/A] Number of Reviews: 0
2025-10-05T11:21:10.436Z [INFO] [req:N/A] Image URLs (first): /placeholder.svg
2025-10-05T11:21:10.437Z [INFO] [req:N/A] Image URLs (first): undefined
2025-10-05T11:21:10.437Z [INFO] [req:N/A] Image URLs (first): undefined
2025-10-05T11:21:10.437Z [INFO] [req:N/A] Image URLs (first): undefined
2025-10-05T11:21:10.438Z [INFO] [req:N/A] Image URLs (first): undefined
2025-10-05T11:21:10.438Z [INFO] [req:N/A] --------------------
2025-10-05T11:21:10.438Z [INFO] [req:N/A] --- Product 5 ---
2025-10-05T11:21:10.439Z [INFO] [req:N/A] ID: 68e2434af645aea38bd127a4
2025-10-05T11:21:10.439Z [INFO] [req:N/A] Name: Modern Slim-Fit Jeans
2025-10-05T11:21:10.439Z [INFO] [req:N/A] Category: Apparel
2025-10-05T11:21:10.440Z [INFO] [req:N/A] Image Processing Status: completed
2025-10-05T11:21:10.440Z [INFO] [req:N/A] Is Featured: true
2025-10-05T11:21:10.440Z [INFO] [req:N/A] Price: 79.99
2025-10-05T11:21:10.441Z [INFO] [req:N/A] Colors: Blue, Blue, Blue
2025-10-05T11:21:10.441Z [INFO] [req:N/A] Sizes: M, L, XL
2025-10-05T11:21:10.441Z [INFO] [req:N/A] Average Rating: 0
2025-10-05T11:21:10.442Z [INFO] [req:N/A] Number of Reviews: 0
2025-10-05T11:21:10.442Z [INFO] [req:N/A] Image URLs (first): /placeholder.svg
2025-10-05T11:21:10.442Z [INFO] [req:N/A] Image URLs (first): undefined
2025-10-05T11:21:10.443Z [INFO] [req:N/A] Image URLs (first): undefined
2025-10-05T11:21:10.443Z [INFO] [req:N/A] Image URLs (first): undefined
2025-10-05T11:21:10.443Z [INFO] [req:N/A] Image URLs (first): undefined
2025-10-05T11:21:10.443Z [INFO] [req:N/A] --------------------
2025-10-05T11:22:44.421Z [INFO] [req:N/A] Connecting to Meilisearch...
2025-10-05T11:22:44.449Z [INFO] [req:N/A] ✅ Connected to Meilisearch and got "products" index.
2025-10-05T11:22:44.450Z [INFO] [req:N/A] Fetching up to 5 products from Meilisearch index...
2025-10-05T11:22:46.178Z [INFO] [req:N/A] ✅ Found 5 products in Meilisearch. Here are the first few:
2025-10-05T11:22:46.179Z [INFO] [req:N/A] --- Product 1 ---
2025-10-05T11:22:46.180Z [INFO] [req:N/A] ID: 68e2434af645aea38bd12794
2025-10-05T11:22:46.181Z [INFO] [req:N/A] Name: Wireless Noise-Cancelling Headphones
2025-10-05T11:22:46.181Z [INFO] [req:N/A] Category: Electronics
2025-10-05T11:22:46.182Z [INFO] [req:N/A] Image Processing Status: completed
2025-10-05T11:22:46.182Z [INFO] [req:N/A] Is Featured: true
2025-10-05T11:22:46.183Z [INFO] [req:N/A] Price: 249.99
2025-10-05T11:22:46.183Z [INFO] [req:N/A] Colors: Black, White
2025-10-05T11:22:46.183Z [INFO] [req:N/A] Sizes: One Size, One Size
2025-10-05T11:22:46.184Z [INFO] [req:N/A] Average Rating: 0
2025-10-05T11:22:46.184Z [INFO] [req:N/A] Number of Reviews: 0
2025-10-05T11:22:46.184Z [INFO] [req:N/A] Image URLs (first): /placeholder.svg
2025-10-05T11:22:46.185Z [INFO] [req:N/A] Redentions URLs (first): undefined
2025-10-05T11:22:46.185Z [INFO] [req:N/A] --------------------
2025-10-05T11:22:46.185Z [INFO] [req:N/A] --- Product 2 ---
2025-10-05T11:22:46.186Z [INFO] [req:N/A] ID: 68e2434af645aea38bd12797
2025-10-05T11:22:46.186Z [INFO] [req:N/A] Name: 4K Ultra HD Smart TV
2025-10-05T11:22:46.186Z [INFO] [req:N/A] Category: Electronics
2025-10-05T11:22:46.187Z [INFO] [req:N/A] Image Processing Status: completed
2025-10-05T11:22:46.187Z [INFO] [req:N/A] Is Featured: false
2025-10-05T11:22:46.187Z [INFO] [req:N/A] Price: 499.99
2025-10-05T11:22:46.188Z [INFO] [req:N/A] Colors: Black, Black
2025-10-05T11:22:46.188Z [INFO] [req:N/A] Sizes: 55-inch, 65-inch
2025-10-05T11:22:46.188Z [INFO] [req:N/A] Average Rating: 0
2025-10-05T11:22:46.189Z [INFO] [req:N/A] Number of Reviews: 0
2025-10-05T11:22:46.189Z [INFO] [req:N/A] Image URLs (first): /placeholder.svg
2025-10-05T11:22:46.189Z [INFO] [req:N/A] Redentions URLs (first): undefined
2025-10-05T11:22:46.190Z [INFO] [req:N/A] --------------------
2025-10-05T11:22:46.190Z [INFO] [req:N/A] --- Product 3 ---
2025-10-05T11:22:46.190Z [INFO] [req:N/A] ID: 68e2434af645aea38bd1279a
2025-10-05T11:22:46.191Z [INFO] [req:N/A] Name: Portable Bluetooth Speaker
2025-10-05T11:22:46.191Z [INFO] [req:N/A] Category: Electronics
2025-10-05T11:22:46.191Z [INFO] [req:N/A] Image Processing Status: completed
2025-10-05T11:22:46.191Z [INFO] [req:N/A] Is Featured: true
2025-10-05T11:22:46.192Z [INFO] [req:N/A] Price: 89.99
2025-10-05T11:22:46.192Z [INFO] [req:N/A] Colors: Blue, Red
2025-10-05T11:22:46.192Z [INFO] [req:N/A] Sizes: One Size, One Size
2025-10-05T11:22:46.193Z [INFO] [req:N/A] Average Rating: 0
2025-10-05T11:22:46.193Z [INFO] [req:N/A] Number of Reviews: 0
2025-10-05T11:22:46.193Z [INFO] [req:N/A] Image URLs (first): /placeholder.svg
2025-10-05T11:22:46.193Z [INFO] [req:N/A] Redentions URLs (first): undefined
2025-10-05T11:22:46.194Z [INFO] [req:N/A] --------------------
2025-10-05T11:22:46.194Z [INFO] [req:N/A] --- Product 4 ---
2025-10-05T11:22:46.194Z [INFO] [req:N/A] ID: 68e2434af645aea38bd1279d
2025-10-05T11:22:46.194Z [INFO] [req:N/A] Name: Classic Cotton T-Shirt
2025-10-05T11:22:46.195Z [INFO] [req:N/A] Category: Apparel
2025-10-05T11:22:46.195Z [INFO] [req:N/A] Image Processing Status: completed
2025-10-05T11:22:46.212Z [INFO] [req:N/A] Is Featured: false
2025-10-05T11:22:46.212Z [INFO] [req:N/A] Price: 19.99
2025-10-05T11:22:46.213Z [INFO] [req:N/A] Colors: White, White, White, Black, Black, Black
2025-10-05T11:22:46.213Z [INFO] [req:N/A] Sizes: S, M, L, S, M, L
2025-10-05T11:22:46.213Z [INFO] [req:N/A] Average Rating: 0
2025-10-05T11:22:46.214Z [INFO] [req:N/A] Number of Reviews: 0
2025-10-05T11:22:46.215Z [INFO] [req:N/A] Image URLs (first): /placeholder.svg
2025-10-05T11:22:46.215Z [INFO] [req:N/A] Redentions URLs (first): undefined
2025-10-05T11:22:46.216Z [INFO] [req:N/A] --------------------
2025-10-05T11:22:46.217Z [INFO] [req:N/A] --- Product 5 ---
2025-10-05T11:22:46.217Z [INFO] [req:N/A] ID: 68e2434af645aea38bd127a4
2025-10-05T11:22:46.218Z [INFO] [req:N/A] Name: Modern Slim-Fit Jeans
2025-10-05T11:22:46.218Z [INFO] [req:N/A] Category: Apparel
2025-10-05T11:22:46.218Z [INFO] [req:N/A] Image Processing Status: completed
2025-10-05T11:22:46.219Z [INFO] [req:N/A] Is Featured: true
2025-10-05T11:22:46.219Z [INFO] [req:N/A] Price: 79.99
2025-10-05T11:22:46.220Z [INFO] [req:N/A] Colors: Blue, Blue, Blue
2025-10-05T11:22:46.220Z [INFO] [req:N/A] Sizes: M, L, XL
2025-10-05T11:22:46.220Z [INFO] [req:N/A] Average Rating: 0
2025-10-05T11:22:46.221Z [INFO] [req:N/A] Number of Reviews: 0
2025-10-05T11:22:46.221Z [INFO] [req:N/A] Image URLs (first): /placeholder.svg
2025-10-05T11:22:46.221Z [INFO] [req:N/A] Redentions URLs (first): undefined
2025-10-05T11:22:46.222Z [INFO] [req:N/A] --------------------
2025-10-05T11:23:39.766Z [INFO] [req:N/A] Connecting to Meilisearch...
2025-10-05T11:23:39.794Z [INFO] [req:N/A] ✅ Connected to Meilisearch and got "products" index.
2025-10-05T11:23:39.795Z [INFO] [req:N/A] Fetching up to 5 products from Meilisearch index...
2025-10-05T11:23:40.553Z [INFO] [req:N/A] ✅ Found 5 products in Meilisearch. Here are the first few:
2025-10-05T11:23:40.554Z [INFO] [req:N/A] --- Product 1 ---
2025-10-05T11:23:40.555Z [INFO] [req:N/A] ID: 68e2434af645aea38bd12794
2025-10-05T11:23:40.556Z [INFO] [req:N/A] Name: Wireless Noise-Cancelling Headphones
2025-10-05T11:23:40.557Z [INFO] [req:N/A] Category: Electronics
2025-10-05T11:23:40.557Z [INFO] [req:N/A] Image Processing Status: completed
2025-10-05T11:23:40.558Z [INFO] [req:N/A] Is Featured: true
2025-10-05T11:23:40.558Z [INFO] [req:N/A] Price: 249.99
2025-10-05T11:23:40.558Z [INFO] [req:N/A] Colors: Black, White
2025-10-05T11:23:40.559Z [INFO] [req:N/A] Sizes: One Size, One Size
2025-10-05T11:23:40.560Z [INFO] [req:N/A] Average Rating: 0
2025-10-05T11:23:40.560Z [INFO] [req:N/A] Number of Reviews: 0
2025-10-05T11:23:40.561Z [INFO] [req:N/A] Image URLs (first): /placeholder.svg
2025-10-05T11:23:40.561Z [INFO] [req:N/A] Redentions URLs (first): 
2025-10-05T11:23:40.561Z [INFO] [req:N/A] --------------------
2025-10-05T11:23:40.562Z [INFO] [req:N/A] --- Product 2 ---
2025-10-05T11:23:40.562Z [INFO] [req:N/A] ID: 68e2434af645aea38bd12797
2025-10-05T11:23:40.563Z [INFO] [req:N/A] Name: 4K Ultra HD Smart TV
2025-10-05T11:23:40.563Z [INFO] [req:N/A] Category: Electronics
2025-10-05T11:23:40.564Z [INFO] [req:N/A] Image Processing Status: completed
2025-10-05T11:23:40.564Z [INFO] [req:N/A] Is Featured: false
2025-10-05T11:23:40.564Z [INFO] [req:N/A] Price: 499.99
2025-10-05T11:23:40.565Z [INFO] [req:N/A] Colors: Black, Black
2025-10-05T11:23:40.565Z [INFO] [req:N/A] Sizes: 55-inch, 65-inch
2025-10-05T11:23:40.566Z [INFO] [req:N/A] Average Rating: 0
2025-10-05T11:23:40.566Z [INFO] [req:N/A] Number of Reviews: 0
2025-10-05T11:23:40.566Z [INFO] [req:N/A] Image URLs (first): /placeholder.svg
2025-10-05T11:23:40.566Z [INFO] [req:N/A] Redentions URLs (first): 
2025-10-05T11:23:40.567Z [INFO] [req:N/A] --------------------
2025-10-05T11:23:40.567Z [INFO] [req:N/A] --- Product 3 ---
2025-10-05T11:23:40.567Z [INFO] [req:N/A] ID: 68e2434af645aea38bd1279a
2025-10-05T11:23:40.568Z [INFO] [req:N/A] Name: Portable Bluetooth Speaker
2025-10-05T11:23:40.568Z [INFO] [req:N/A] Category: Electronics
2025-10-05T11:23:40.568Z [INFO] [req:N/A] Image Processing Status: completed
2025-10-05T11:23:40.569Z [INFO] [req:N/A] Is Featured: true
2025-10-05T11:23:40.569Z [INFO] [req:N/A] Price: 89.99
2025-10-05T11:23:40.570Z [INFO] [req:N/A] Colors: Blue, Red
2025-10-05T11:23:40.570Z [INFO] [req:N/A] Sizes: One Size, One Size
2025-10-05T11:23:40.571Z [INFO] [req:N/A] Average Rating: 0
2025-10-05T11:23:40.571Z [INFO] [req:N/A] Number of Reviews: 0
2025-10-05T11:23:40.571Z [INFO] [req:N/A] Image URLs (first): /placeholder.svg
2025-10-05T11:23:40.572Z [INFO] [req:N/A] Redentions URLs (first): 
2025-10-05T11:23:40.572Z [INFO] [req:N/A] --------------------
2025-10-05T11:23:40.572Z [INFO] [req:N/A] --- Product 4 ---
2025-10-05T11:23:40.573Z [INFO] [req:N/A] ID: 68e2434af645aea38bd1279d
2025-10-05T11:23:40.573Z [INFO] [req:N/A] Name: Classic Cotton T-Shirt
2025-10-05T11:23:40.574Z [INFO] [req:N/A] Category: Apparel
2025-10-05T11:23:40.574Z [INFO] [req:N/A] Image Processing Status: completed
2025-10-05T11:23:40.575Z [INFO] [req:N/A] Is Featured: false
2025-10-05T11:23:40.576Z [INFO] [req:N/A] Price: 19.99
2025-10-05T11:23:40.576Z [INFO] [req:N/A] Colors: White, White, White, Black, Black, Black
2025-10-05T11:23:40.576Z [INFO] [req:N/A] Sizes: S, M, L, S, M, L
2025-10-05T11:23:40.577Z [INFO] [req:N/A] Average Rating: 0
2025-10-05T11:23:40.577Z [INFO] [req:N/A] Number of Reviews: 0
2025-10-05T11:23:40.577Z [INFO] [req:N/A] Image URLs (first): /placeholder.svg
2025-10-05T11:23:40.577Z [INFO] [req:N/A] Redentions URLs (first): 
2025-10-05T11:23:40.578Z [INFO] [req:N/A] --------------------
2025-10-05T11:23:40.578Z [INFO] [req:N/A] --- Product 5 ---
2025-10-05T11:23:40.578Z [INFO] [req:N/A] ID: 68e2434af645aea38bd127a4
2025-10-05T11:23:40.579Z [INFO] [req:N/A] Name: Modern Slim-Fit Jeans
2025-10-05T11:23:40.579Z [INFO] [req:N/A] Category: Apparel
2025-10-05T11:23:40.579Z [INFO] [req:N/A] Image Processing Status: completed
2025-10-05T11:23:40.580Z [INFO] [req:N/A] Is Featured: true
2025-10-05T11:23:40.580Z [INFO] [req:N/A] Price: 79.99
2025-10-05T11:23:40.580Z [INFO] [req:N/A] Colors: Blue, Blue, Blue
2025-10-05T11:23:40.581Z [INFO] [req:N/A] Sizes: M, L, XL
2025-10-05T11:23:40.581Z [INFO] [req:N/A] Average Rating: 0
2025-10-05T11:23:40.581Z [INFO] [req:N/A] Number of Reviews: 0
2025-10-05T11:23:40.581Z [INFO] [req:N/A] Image URLs (first): /placeholder.svg
2025-10-05T11:23:40.582Z [INFO] [req:N/A] Redentions URLs (first): 
2025-10-05T11:23:40.582Z [INFO] [req:N/A] --------------------
2025-10-05T11:25:11.744Z [INFO] [req:N/A] [ImageProcessingQueue] Image processing queue initialized.
2025-10-05T11:25:13.573Z [INFO] [req:N/A] [ImageWorker] Image processing worker started.
2025-10-05T11:25:21.082Z [INFO] [req:N/A] MongoClient connected for sessions.
2025-10-05T11:25:23.074Z [INFO] [req:N/A] ✅ Mongoose connected to DB
2025-10-05T11:25:23.079Z [INFO] [req:N/A] 📦 MongoDB Connected: cluster0-shard-00-02.oissf.mongodb.net
2025-10-05T11:25:24.644Z [INFO] [req:N/A] 40 products already exist in the database. Skipping product seeding.
2025-10-05T11:25:25.153Z [INFO] [req:N/A] 7 categories already exist in the database. Skipping category seeding.
2025-10-05T11:25:25.469Z [INFO] [req:N/A] Order number counter already exists, current sequence: 1003
2025-10-05T11:25:25.473Z [INFO] [req:N/A] 🚀 Server running in development mode on port 3001
2025-10-05T11:25:39.789Z [WARN] [req:f5d98cd4-2af8-4fe2-8daa-62d566296dca] [requireAuth] Unauthorized: No token provided for path: /check-auth
2025-10-05T11:25:40.020Z [HTTP] [req:f5d98cd4-2af8-4fe2-8daa-62d566296dca] ::1 - - [05/Oct/2025:11:25:40 +0000] "GET /api/v1/auth/check-auth HTTP/1.1" 401 62 "http://localhost:5173/" "Mozilla/5.0 (Windows NT 10.0; Win64; x64) AppleWebKit/537.36 (KHTML, like Gecko) Chrome/123.0.0.0 Safari/537.36"
2025-10-05T11:25:54.021Z [HTTP] [req:8cc646b5-c51f-49ff-ad71-c887b1d6fc20] ::1 - - [05/Oct/2025:11:25:54 +0000] "OPTIONS /api/v1/auth/login HTTP/1.1" 204 0 "http://localhost:5173/" "Mozilla/5.0 (Windows NT 10.0; Win64; x64) AppleWebKit/537.36 (KHTML, like Gecko) Chrome/123.0.0.0 Safari/537.36"
2025-10-05T11:25:56.315Z [HTTP] [req:b17dbfb1-f0bb-43ee-9a5a-ffaef6ddce52] ::1 - - [05/Oct/2025:11:25:56 +0000] "POST /api/v1/auth/login HTTP/1.1" 200 841 "http://localhost:5173/" "Mozilla/5.0 (Windows NT 10.0; Win64; x64) AppleWebKit/537.36 (KHTML, like Gecko) Chrome/123.0.0.0 Safari/537.36"
2025-10-05T11:25:56.949Z [HTTP] [req:286a0bd1-6a14-485d-bc31-6d5aff032b53] ::1 - - [05/Oct/2025:11:25:56 +0000] "GET /api/v1/auth/check-auth HTTP/1.1" 200 310 "http://localhost:5173/" "Mozilla/5.0 (Windows NT 10.0; Win64; x64) AppleWebKit/537.36 (KHTML, like Gecko) Chrome/123.0.0.0 Safari/537.36"
2025-10-05T11:25:59.412Z [HTTP] [req:4a9cbfa5-0d3c-48e5-ae6a-1712affde134] ::1 - - [05/Oct/2025:11:25:59 +0000] "GET /api/v1/orders/metrics HTTP/1.1" 200 3401 "http://localhost:5173/" "Mozilla/5.0 (Windows NT 10.0; Win64; x64) AppleWebKit/537.36 (KHTML, like Gecko) Chrome/123.0.0.0 Safari/537.36"
2025-10-05T11:25:59.860Z [HTTP] [req:79e8d5f8-da76-4906-a21e-c680317f83b7] ::1 - - [05/Oct/2025:11:25:59 +0000] "GET /api/v1/orders/sales-over-time?period=30days HTTP/1.1" 304 - "http://localhost:5173/" "Mozilla/5.0 (Windows NT 10.0; Win64; x64) AppleWebKit/537.36 (KHTML, like Gecko) Chrome/123.0.0.0 Safari/537.36"
2025-10-05T11:26:00.207Z [HTTP] [req:15d7746d-2680-450a-b2b3-73d91aef13be] ::1 - - [05/Oct/2025:11:26:00 +0000] "GET /api/v1/orders/top-selling-products?limit=5&sortBy=revenue HTTP/1.1" 304 - "http://localhost:5173/" "Mozilla/5.0 (Windows NT 10.0; Win64; x64) AppleWebKit/537.36 (KHTML, like Gecko) Chrome/123.0.0.0 Safari/537.36"
2025-10-05T11:26:01.304Z [HTTP] [req:cedb9ffc-deaa-4651-b426-1d9951193887] ::1 - - [05/Oct/2025:11:26:01 +0000] "GET /api/v1/categories HTTP/1.1" 304 - "http://localhost:5173/" "Mozilla/5.0 (Windows NT 10.0; Win64; x64) AppleWebKit/537.36 (KHTML, like Gecko) Chrome/123.0.0.0 Safari/537.36"
2025-10-05T11:26:02.027Z [HTTP] [req:17f3e76e-7857-4aa8-b306-c37183d80185] ::1 - - [05/Oct/2025:11:26:02 +0000] "GET /api/v1/products?page=1&limit=10&sortBy=name-asc HTTP/1.1" 200 6490 "http://localhost:5173/" "Mozilla/5.0 (Windows NT 10.0; Win64; x64) AppleWebKit/537.36 (KHTML, like Gecko) Chrome/123.0.0.0 Safari/537.36"
2025-10-05T11:27:01.583Z [ERROR] [req:N/A] Failed to upload file team-working.jpg during product creation: Class constructor ObjectId cannot be invoked without 'new'
2025-10-05T11:27:01.755Z [HTTP] [req:N/A] ::1 - - [05/Oct/2025:11:27:01 +0000] "POST /api/v1/products HTTP/1.1" 500 112 "http://localhost:5173/" "Mozilla/5.0 (Windows NT 10.0; Win64; x64) AppleWebKit/537.36 (KHTML, like Gecko) Chrome/123.0.0.0 Safari/537.36"
2025-10-05T11:29:55.349Z [INFO] [req:N/A] [ImageProcessingQueue] Image processing queue initialized.
2025-10-05T11:29:55.472Z [INFO] [req:N/A] [ImageWorker] Image processing worker started.
2025-10-05T11:29:59.605Z [INFO] [req:N/A] MongoClient connected for sessions.
2025-10-05T11:30:03.775Z [INFO] [req:N/A] ✅ Mongoose connected to DB
2025-10-05T11:30:03.779Z [INFO] [req:N/A] 📦 MongoDB Connected: cluster0-shard-00-01.oissf.mongodb.net
2025-10-05T11:30:05.123Z [INFO] [req:N/A] 40 products already exist in the database. Skipping product seeding.
2025-10-05T11:30:05.664Z [INFO] [req:N/A] 7 categories already exist in the database. Skipping category seeding.
2025-10-05T11:30:05.858Z [INFO] [req:N/A] Order number counter already exists, current sequence: 1003
2025-10-05T11:30:05.864Z [INFO] [req:N/A] 🚀 Server running in development mode on port 3001
2025-10-05T11:30:28.531Z [INFO] [req:N/A] ✅ File uploaded: products/originals/68e256d21645ea8f7eefba52-1759663826393.jpeg/08cd471e-8036-455e-a7bb-21325a92d4db-1759663826393.jpg
2025-10-05T11:30:28.566Z [ERROR] [req:N/A] ❌ Path: /api/v1/products | Error: [
  {
    "code": "unrecognized_keys",
    "keys": [
      "imageProcessingStatus"
    ],
    "path": [],
    "message": "Unrecognized key(s) in object: 'imageProcessingStatus'"
  }
]
2025-10-05T11:30:28.738Z [HTTP] [req:N/A] ::1 - - [05/Oct/2025:11:30:28 +0000] "POST /api/v1/products HTTP/1.1" 400 136 "http://localhost:5173/" "Mozilla/5.0 (Windows NT 10.0; Win64; x64) AppleWebKit/537.36 (KHTML, like Gecko) Chrome/123.0.0.0 Safari/537.36"
2025-10-05T11:31:58.317Z [INFO] [req:N/A] [ImageProcessingQueue] Image processing queue initialized.
2025-10-05T11:31:58.461Z [INFO] [req:N/A] [ImageWorker] Image processing worker started.
2025-10-05T11:32:01.329Z [INFO] [req:N/A] MongoClient connected for sessions.
2025-10-05T11:32:03.202Z [INFO] [req:N/A] ✅ Mongoose connected to DB
2025-10-05T11:32:03.205Z [INFO] [req:N/A] 📦 MongoDB Connected: cluster0-shard-00-01.oissf.mongodb.net
2025-10-05T11:32:04.475Z [INFO] [req:N/A] 40 products already exist in the database. Skipping product seeding.
2025-10-05T11:32:04.969Z [INFO] [req:N/A] 7 categories already exist in the database. Skipping category seeding.
2025-10-05T11:32:05.196Z [INFO] [req:N/A] Order number counter already exists, current sequence: 1003
2025-10-05T11:32:05.201Z [INFO] [req:N/A] 🚀 Server running in development mode on port 3001
2025-10-05T11:32:38.010Z [INFO] [req:N/A] [ImageProcessingQueue] Image processing queue initialized.
2025-10-05T11:32:38.180Z [INFO] [req:N/A] [ImageWorker] Image processing worker started.
2025-10-05T11:32:42.379Z [INFO] [req:N/A] MongoClient connected for sessions.
2025-10-05T11:32:44.152Z [INFO] [req:N/A] ✅ Mongoose connected to DB
2025-10-05T11:32:44.155Z [INFO] [req:N/A] 📦 MongoDB Connected: cluster0-shard-00-02.oissf.mongodb.net
2025-10-05T11:32:45.474Z [INFO] [req:N/A] 40 products already exist in the database. Skipping product seeding.
2025-10-05T11:32:45.979Z [INFO] [req:N/A] 7 categories already exist in the database. Skipping category seeding.
2025-10-05T11:32:46.173Z [INFO] [req:N/A] Order number counter already exists, current sequence: 1003
2025-10-05T11:32:46.176Z [INFO] [req:N/A] 🚀 Server running in development mode on port 3001
2025-10-05T11:33:13.836Z [INFO] [req:N/A] ✅ File uploaded: products/originals/68e257792cabc83527425da0-1759663993751.jpeg/32212f14-883a-406e-9a5c-097d5250007b-1759663993751.jpg
2025-10-05T11:33:13.840Z [ERROR] [req:N/A] ❌ Path: /api/v1/products | Error: [
  {
    "code": "unrecognized_keys",
    "keys": [
      "imageProcessingStatus"
    ],
    "path": [],
    "message": "Unrecognized key(s) in object: 'imageProcessingStatus'"
  }
]
2025-10-05T11:33:14.013Z [HTTP] [req:N/A] ::1 - - [05/Oct/2025:11:33:14 +0000] "POST /api/v1/products HTTP/1.1" 400 136 "http://localhost:5173/" "Mozilla/5.0 (Windows NT 10.0; Win64; x64) AppleWebKit/537.36 (KHTML, like Gecko) Chrome/123.0.0.0 Safari/537.36"
2025-10-05T11:36:38.014Z [INFO] [req:N/A] [ImageProcessingQueue] Image processing queue initialized.
2025-10-05T11:36:38.149Z [INFO] [req:N/A] [ImageWorker] Image processing worker started.
2025-10-05T11:36:40.803Z [INFO] [req:N/A] MongoClient connected for sessions.
2025-10-05T11:36:43.005Z [INFO] [req:N/A] ✅ Mongoose connected to DB
2025-10-05T11:36:43.010Z [INFO] [req:N/A] 📦 MongoDB Connected: cluster0-shard-00-00.oissf.mongodb.net
2025-10-05T11:36:44.411Z [INFO] [req:N/A] 40 products already exist in the database. Skipping product seeding.
2025-10-05T11:36:45.005Z [INFO] [req:N/A] 7 categories already exist in the database. Skipping category seeding.
2025-10-05T11:36:45.190Z [INFO] [req:N/A] Order number counter already exists, current sequence: 1003
2025-10-05T11:36:45.194Z [INFO] [req:N/A] 🚀 Server running in development mode on port 3001
2025-10-05T11:37:18.396Z [INFO] [req:N/A] ✅ File uploaded: products/originals/68e2586ea755ba40be6b8d89-1759664238301.jpeg/72408ec0-d4e9-40a0-98bb-2f567d52b72c-1759664238301.jpg
2025-10-05T11:37:19.251Z [INFO] [req:N/A] [ImageWorker] Processing job for product 68e2586ea755ba40be6b8d8a, image index 0 with key products/originals/68e2586ea755ba40be6b8d89-1759664238301.jpeg
2025-10-05T11:37:19.663Z [ERROR] [req:N/A] [ImageWorker] Failed to download products/originals/68e2586ea755ba40be6b8d89-1759664238301.jpeg from S3: The specified key does not exist.
2025-10-05T11:37:19.664Z [ERROR] [req:N/A] [ImageWorker] Failed to process image for product 68e2586ea755ba40be6b8d8a, image index 0: The specified key does not exist.
2025-10-05T11:37:20.033Z [HTTP] [req:N/A] ::1 - - [05/Oct/2025:11:37:20 +0000] "POST /api/v1/products HTTP/1.1" 201 714 "http://localhost:5173/" "Mozilla/5.0 (Windows NT 10.0; Win64; x64) AppleWebKit/537.36 (KHTML, like Gecko) Chrome/123.0.0.0 Safari/537.36"
2025-10-05T11:37:20.058Z [ERROR] [req:N/A] [ImageWorker] Job 1 failed for product 68e2586ea755ba40be6b8d8a: The specified key does not exist.
2025-10-05T11:37:20.521Z [HTTP] [req:ad4fdce6-8bf0-4c7d-a1dc-70483c9942c4] ::1 - - [05/Oct/2025:11:37:20 +0000] "GET /api/v1/products?page=1&limit=10&sortBy=name-asc HTTP/1.1" 304 - "http://localhost:5173/" "Mozilla/5.0 (Windows NT 10.0; Win64; x64) AppleWebKit/537.36 (KHTML, like Gecko) Chrome/123.0.0.0 Safari/537.36"
2025-10-05T11:37:21.136Z [INFO] [req:N/A] [ImageWorker] Processing job for product 68e2586ea755ba40be6b8d8a, image index 0 with key products/originals/68e2586ea755ba40be6b8d89-1759664238301.jpeg
2025-10-05T11:37:21.320Z [ERROR] [req:N/A] [ImageWorker] Failed to download products/originals/68e2586ea755ba40be6b8d89-1759664238301.jpeg from S3: The specified key does not exist.
2025-10-05T11:37:21.322Z [ERROR] [req:N/A] [ImageWorker] Failed to process image for product 68e2586ea755ba40be6b8d8a, image index 0: The specified key does not exist.
2025-10-05T11:37:21.713Z [ERROR] [req:N/A] [ImageWorker] Job 1 failed for product 68e2586ea755ba40be6b8d8a: The specified key does not exist.
2025-10-05T11:37:24.527Z [INFO] [req:N/A] [ImageWorker] Processing job for product 68e2586ea755ba40be6b8d8a, image index 0 with key products/originals/68e2586ea755ba40be6b8d89-1759664238301.jpeg
2025-10-05T11:37:24.707Z [ERROR] [req:N/A] [ImageWorker] Failed to download products/originals/68e2586ea755ba40be6b8d89-1759664238301.jpeg from S3: The specified key does not exist.
2025-10-05T11:37:24.708Z [ERROR] [req:N/A] [ImageWorker] Failed to process image for product 68e2586ea755ba40be6b8d8a, image index 0: The specified key does not exist.
2025-10-05T11:37:26.404Z [ERROR] [req:N/A] [ImageWorker] Job 1 failed for product 68e2586ea755ba40be6b8d8a: The specified key does not exist.
2025-10-05T11:38:49.952Z [INFO] [req:N/A] [ImageProcessingQueue] Image processing queue initialized.
2025-10-05T11:38:50.075Z [INFO] [req:N/A] [ImageWorker] Image processing worker started.
2025-10-05T11:38:53.905Z [INFO] [req:N/A] MongoClient connected for sessions.
2025-10-05T11:38:56.773Z [INFO] [req:N/A] ✅ Mongoose connected to DB
2025-10-05T11:38:56.779Z [INFO] [req:N/A] 📦 MongoDB Connected: cluster0-shard-00-00.oissf.mongodb.net
2025-10-05T11:38:58.048Z [INFO] [req:N/A] 41 products already exist in the database. Skipping product seeding.
2025-10-05T11:38:58.566Z [INFO] [req:N/A] 7 categories already exist in the database. Skipping category seeding.
2025-10-05T11:38:58.764Z [INFO] [req:N/A] Order number counter already exists, current sequence: 1003
2025-10-05T11:38:58.768Z [INFO] [req:N/A] 🚀 Server running in development mode on port 3001
2025-10-05T11:39:47.188Z [INFO] [req:N/A] Connecting to MongoDB...
2025-10-05T11:39:51.856Z [INFO] [req:N/A] ✅ Connected to MongoDB.
2025-10-05T11:39:51.856Z [INFO] [req:N/A] Deleting all products from MongoDB...
2025-10-05T11:39:53.063Z [INFO] [req:N/A] ✅ Deleted 41 products from MongoDB.
2025-10-05T11:39:53.065Z [INFO] [req:N/A] Connecting to Meilisearch...
2025-10-05T11:39:53.089Z [INFO] [req:N/A] ✅ Connected to Meilisearch.
2025-10-05T11:39:53.090Z [INFO] [req:N/A] Deleting Meilisearch index "products"...
2025-10-05T11:39:53.505Z [INFO] [req:N/A] 📦 Meilisearch index deletion task UID: 52
2025-10-05T11:39:53.643Z [INFO] [req:N/A] ✅ Meilisearch index "products" deleted successfully.
2025-10-05T11:39:53.644Z [INFO] [req:N/A] Disconnecting from MongoDB...
2025-10-05T11:39:53.651Z [INFO] [req:N/A] ✅ Disconnected from MongoDB.
2025-10-05T11:39:53.652Z [INFO] [req:N/A] Product clearing process finished.
2025-10-05T11:40:13.815Z [WARN] [req:N/A] Received SIGINT, starting graceful shutdown...
2025-10-05T11:40:19.725Z [INFO] [req:N/A] [ImageProcessingQueue] Image processing queue initialized.
2025-10-05T11:40:19.805Z [INFO] [req:N/A] [ImageWorker] Image processing worker started.
2025-10-05T11:40:21.651Z [INFO] [req:N/A] MongoClient connected for sessions.
2025-10-05T11:40:23.451Z [INFO] [req:N/A] ✅ Mongoose connected to DB
2025-10-05T11:40:23.454Z [INFO] [req:N/A] 📦 MongoDB Connected: cluster0-shard-00-01.oissf.mongodb.net
2025-10-05T11:40:24.702Z [INFO] [req:N/A] No products found. Seeding database with mock data...
2025-10-05T11:40:25.454Z [INFO] [req:N/A] ✅ Database seeded successfully with mock products.
2025-10-05T11:40:26.675Z [INFO] [req:N/A] 7 categories already exist in the database. Skipping category seeding.
2025-10-05T11:40:26.845Z [INFO] [req:N/A] Order number counter already exists, current sequence: 1003
2025-10-05T11:40:26.848Z [INFO] [req:N/A] 🚀 Server running in development mode on port 3001
2025-10-05T11:41:15.984Z [INFO] [req:N/A] ✅ File uploaded: products/originals/68e2595bf9b314d0675e801c-1759664475905.jpeg
2025-10-05T11:41:16.824Z [INFO] [req:N/A] [ImageWorker] Processing job for product 68e2595bf9b314d0675e801d, image index 0 with key products/originals/68e2595bf9b314d0675e801c-1759664475905.jpeg
2025-10-05T11:41:17.242Z [HTTP] [req:N/A] ::1 - - [05/Oct/2025:11:41:17 +0000] "POST /api/v1/products HTTP/1.1" 201 665 "http://localhost:5173/" "Mozilla/5.0 (Windows NT 10.0; Win64; x64) AppleWebKit/537.36 (KHTML, like Gecko) Chrome/123.0.0.0 Safari/537.36"
2025-10-05T11:41:17.770Z [HTTP] [req:6dc1269f-d5a8-4d69-8e04-3e7dd8ff81e8] ::1 - - [05/Oct/2025:11:41:17 +0000] "GET /api/v1/products?page=1&limit=10&sortBy=name-asc HTTP/1.1" 200 6490 "http://localhost:5173/" "Mozilla/5.0 (Windows NT 10.0; Win64; x64) AppleWebKit/537.36 (KHTML, like Gecko) Chrome/123.0.0.0 Safari/537.36"
2025-10-05T11:41:18.976Z [INFO] [req:N/A] [ImageWorker] Product 68e2595bf9b314d0675e801d image 0 processed and updated successfully.
2025-10-05T11:41:19.068Z [INFO] [req:N/A] [ImageWorker] Deleted original S3 object: products/originals/68e2595bf9b314d0675e801c-1759664475905.jpeg
2025-10-05T11:41:20.558Z [INFO] [req:N/A] [ImageWorker] Job 2 completed for product 68e2595bf9b314d0675e801d
2025-10-05T11:41:39.043Z [HTTP] [req:c3357637-e062-43af-9e66-46601bd2b176] ::1 - - [05/Oct/2025:11:41:39 +0000] "GET /api/v1/products?page=1&limit=10&searchTerm=re&sortBy=name-asc HTTP/1.1" 200 1430 "http://localhost:5173/" "Mozilla/5.0 (Windows NT 10.0; Win64; x64) AppleWebKit/537.36 (KHTML, like Gecko) Chrome/123.0.0.0 Safari/537.36"
2025-10-05T11:41:40.399Z [HTTP] [req:d0d59067-58ff-40c2-b1f4-afd5d80dd0aa] ::1 - - [05/Oct/2025:11:41:40 +0000] "GET /api/v1/products?page=1&limit=10&searchTerm=rea&sortBy=name-asc HTTP/1.1" 200 2951 "http://localhost:5173/" "Mozilla/5.0 (Windows NT 10.0; Win64; x64) AppleWebKit/537.36 (KHTML, like Gecko) Chrome/123.0.0.0 Safari/537.36"
2025-10-05T11:42:22.154Z [HTTP] [req:475e1998-7cce-4281-8934-b87c83cec7ce] ::1 - - [05/Oct/2025:11:42:22 +0000] "GET /api/v1/auth/check-auth HTTP/1.1" 304 - "http://localhost:5173/" "Mozilla/5.0 (Windows NT 10.0; Win64; x64) AppleWebKit/537.36 (KHTML, like Gecko) Chrome/123.0.0.0 Safari/537.36"
2025-10-05T11:42:22.706Z [HTTP] [req:8e238db9-8c1e-45aa-a078-c249849b9b24] ::1 - - [05/Oct/2025:11:42:22 +0000] "GET /api/v1/categories HTTP/1.1" 304 - "http://localhost:5173/" "Mozilla/5.0 (Windows NT 10.0; Win64; x64) AppleWebKit/537.36 (KHTML, like Gecko) Chrome/123.0.0.0 Safari/537.36"
2025-10-05T11:42:22.961Z [HTTP] [req:39c03f86-1c4d-4f60-97c6-9db92f4e5384] ::1 - - [05/Oct/2025:11:42:22 +0000] "GET /api/v1/products?page=1&limit=10&sortBy=name-asc HTTP/1.1" 304 - "http://localhost:5173/" "Mozilla/5.0 (Windows NT 10.0; Win64; x64) AppleWebKit/537.36 (KHTML, like Gecko) Chrome/123.0.0.0 Safari/537.36"
2025-10-05T11:42:26.096Z [HTTP] [req:c96b0342-4706-40f6-8f4c-32cc0aa14973] ::1 - - [05/Oct/2025:11:42:26 +0000] "GET /api/v1/products?page=1&limit=10&categories=Accessories&sortBy=name-asc HTTP/1.1" 200 4765 "http://localhost:5173/" "Mozilla/5.0 (Windows NT 10.0; Win64; x64) AppleWebKit/537.36 (KHTML, like Gecko) Chrome/123.0.0.0 Safari/537.36"
2025-10-05T11:47:45.552Z [INFO] [req:N/A] [ImageProcessingQueue] Image processing queue initialized.
2025-10-05T11:47:45.686Z [INFO] [req:N/A] [ImageWorker] Image processing worker started.
2025-10-05T11:47:48.854Z [INFO] [req:N/A] MongoClient connected for sessions.
2025-10-05T11:47:50.682Z [INFO] [req:N/A] ✅ Mongoose connected to DB
2025-10-05T11:47:50.685Z [INFO] [req:N/A] 📦 MongoDB Connected: cluster0-shard-00-00.oissf.mongodb.net
2025-10-05T11:47:52.023Z [INFO] [req:N/A] 41 products already exist in the database. Skipping product seeding.
2025-10-05T11:47:52.749Z [INFO] [req:N/A] 7 categories already exist in the database. Skipping category seeding.
2025-10-05T11:47:52.924Z [INFO] [req:N/A] Order number counter already exists, current sequence: 1003
2025-10-05T11:47:52.927Z [INFO] [req:N/A] 🚀 Server running in development mode on port 3001
2025-10-05T11:47:57.179Z [INFO] [req:N/A] Connecting to MongoDB...
2025-10-05T11:48:00.118Z [INFO] [req:N/A] ✅ Connected to MongoDB.
2025-10-05T11:48:00.120Z [INFO] [req:N/A] Deleting all products from MongoDB...
2025-10-05T11:48:01.458Z [INFO] [req:N/A] ✅ Deleted 41 products from MongoDB.
2025-10-05T11:48:01.459Z [INFO] [req:N/A] Connecting to Meilisearch...
2025-10-05T11:48:01.482Z [INFO] [req:N/A] ✅ Connected to Meilisearch.
2025-10-05T11:48:01.484Z [INFO] [req:N/A] Deleting Meilisearch index "products"...
2025-10-05T11:48:02.020Z [INFO] [req:N/A] 📦 Meilisearch index deletion task UID: 57
2025-10-05T11:48:02.161Z [INFO] [req:N/A] ✅ Meilisearch index "products" deleted successfully.
2025-10-05T11:48:02.161Z [INFO] [req:N/A] Disconnecting from MongoDB...
2025-10-05T11:48:02.169Z [INFO] [req:N/A] ✅ Disconnected from MongoDB.
2025-10-05T11:48:02.169Z [INFO] [req:N/A] Product clearing process finished.
2025-10-05T11:48:14.954Z [INFO] [req:N/A] [ImageProcessingQueue] Image processing queue initialized.
2025-10-05T11:48:15.061Z [INFO] [req:N/A] [ImageWorker] Image processing worker started.
2025-10-05T11:48:16.915Z [INFO] [req:N/A] MongoClient connected for sessions.
2025-10-05T11:48:21.756Z [INFO] [req:N/A] ✅ Mongoose connected to DB
2025-10-05T11:48:21.759Z [INFO] [req:N/A] 📦 MongoDB Connected: cluster0-shard-00-02.oissf.mongodb.net
2025-10-05T11:48:24.560Z [INFO] [req:N/A] No products found. Seeding database with mock data...
2025-10-05T11:48:25.066Z [INFO] [req:N/A] ✅ Database seeded successfully with mock products.
2025-10-05T11:48:25.234Z [INFO] [req:N/A] 7 categories already exist in the database. Skipping category seeding.
2025-10-05T11:48:25.406Z [INFO] [req:N/A] Order number counter already exists, current sequence: 1003
2025-10-05T11:48:25.410Z [INFO] [req:N/A] 🚀 Server running in development mode on port 3001
2025-10-05T11:49:03.630Z [HTTP] [req:69760283-c3e1-47d9-b182-7074948178d1] ::1 - - [05/Oct/2025:11:49:03 +0000] "GET /api/v1/auth/check-auth HTTP/1.1" 304 - "http://localhost:5173/" "Mozilla/5.0 (Windows NT 10.0; Win64; x64) AppleWebKit/537.36 (KHTML, like Gecko) Chrome/123.0.0.0 Safari/537.36"
2025-10-05T11:49:04.209Z [HTTP] [req:f9e2f01f-b765-4f11-97b3-0b2367c9dc30] ::1 - - [05/Oct/2025:11:49:04 +0000] "GET /api/v1/categories HTTP/1.1" 304 - "http://localhost:5173/" "Mozilla/5.0 (Windows NT 10.0; Win64; x64) AppleWebKit/537.36 (KHTML, like Gecko) Chrome/123.0.0.0 Safari/537.36"
2025-10-05T11:49:05.691Z [HTTP] [req:0175ef13-cb45-469c-9582-4062439a2a4c] ::1 - - [05/Oct/2025:11:49:05 +0000] "GET /api/v1/products?page=1&limit=10&sortBy=name-asc HTTP/1.1" 200 6490 "http://localhost:5173/" "Mozilla/5.0 (Windows NT 10.0; Win64; x64) AppleWebKit/537.36 (KHTML, like Gecko) Chrome/123.0.0.0 Safari/537.36"
2025-10-05T11:49:35.623Z [INFO] [req:N/A] ✅ File uploaded: products/originals/68e25b4f157a844ad53cd46f-1759664975569.jpeg
2025-10-05T11:49:36.983Z [INFO] [req:N/A] [ImageWorker] Processing job for product 68e25b4f157a844ad53cd470, image index 0 with key products/originals/68e25b4f157a844ad53cd46f-1759664975569.jpeg
2025-10-05T11:49:37.480Z [HTTP] [req:N/A] ::1 - - [05/Oct/2025:11:49:37 +0000] "POST /api/v1/products HTTP/1.1" 201 661 "http://localhost:5173/" "Mozilla/5.0 (Windows NT 10.0; Win64; x64) AppleWebKit/537.36 (KHTML, like Gecko) Chrome/123.0.0.0 Safari/537.36"
2025-10-05T11:49:38.190Z [HTTP] [req:40d47272-36c2-4e22-8329-f9496541f7a7] ::1 - - [05/Oct/2025:11:49:38 +0000] "GET /api/v1/products?page=1&limit=10&sortBy=name-asc HTTP/1.1" 304 - "http://localhost:5173/" "Mozilla/5.0 (Windows NT 10.0; Win64; x64) AppleWebKit/537.36 (KHTML, like Gecko) Chrome/123.0.0.0 Safari/537.36"
2025-10-05T11:49:38.866Z [INFO] [req:N/A] [ImageWorker] Product 68e25b4f157a844ad53cd470 image 0 processed and updated successfully.
2025-10-05T11:49:39.008Z [INFO] [req:N/A] [ImageWorker] Product 68e25b4f157a844ad53cd470 Meilisearch document updated with status 'completed'.
2025-10-05T11:49:39.016Z [INFO] [req:N/A] [ImageWorker] Deleted original S3 object: products/originals/68e25b4f157a844ad53cd46f-1759664975569.jpeg
2025-10-05T11:49:40.661Z [INFO] [req:N/A] [ImageWorker] Job 3 completed for product 68e25b4f157a844ad53cd470
2025-10-05T11:50:19.537Z [HTTP] [req:8698ddf5-63d1-428f-88f8-609911ab8a3b] ::1 - - [05/Oct/2025:11:50:19 +0000] "GET /api/v1/auth/check-auth HTTP/1.1" 304 - "http://localhost:5173/" "Mozilla/5.0 (Windows NT 10.0; Win64; x64) AppleWebKit/537.36 (KHTML, like Gecko) Chrome/123.0.0.0 Safari/537.36"
2025-10-05T11:50:20.538Z [HTTP] [req:e4063e16-8670-4595-a733-1a54c697c59b] ::1 - - [05/Oct/2025:11:50:20 +0000] "GET /api/v1/products?page=1&limit=10&sortBy=name-asc HTTP/1.1" 200 6490 "http://localhost:5173/" "Mozilla/5.0 (Windows NT 10.0; Win64; x64) AppleWebKit/537.36 (KHTML, like Gecko) Chrome/123.0.0.0 Safari/537.36"
2025-10-05T11:50:20.549Z [HTTP] [req:91e856c9-7ec6-47da-9094-09a7c74a5676] ::1 - - [05/Oct/2025:11:50:20 +0000] "GET /api/v1/categories HTTP/1.1" 304 - "http://localhost:5173/" "Mozilla/5.0 (Windows NT 10.0; Win64; x64) AppleWebKit/537.36 (KHTML, like Gecko) Chrome/123.0.0.0 Safari/537.36"
2025-10-05T11:50:32.463Z [HTTP] [req:ab021b24-3720-415b-a551-8215d82171c6] ::1 - - [05/Oct/2025:11:50:32 +0000] "GET /api/v1/products?page=1&limit=10&searchTerm=Rea&sortBy=name-asc HTTP/1.1" 200 4179 "http://localhost:5173/" "Mozilla/5.0 (Windows NT 10.0; Win64; x64) AppleWebKit/537.36 (KHTML, like Gecko) Chrome/123.0.0.0 Safari/537.36"
2025-10-05T11:50:59.502Z [INFO] [req:N/A] ✅ File uploaded: products/originals/68e25ba3157a844ad53cd47b-1759665059458.jpeg
2025-10-05T11:50:59.510Z [ERROR] [req:N/A] ❌ Path: /api/v1/products/68e25b4f157a844ad53cd470/upload-images | Error: Product validation failed: imageRenditions.1.thumbnail: Path `thumbnail` is required., imageRenditions.1.medium: Path `medium` is required., imageRenditions.1.original: Path `original` is required.
2025-10-05T11:50:59.690Z [HTTP] [req:N/A] ::1 - - [05/Oct/2025:11:50:59 +0000] "POST /api/v1/products/68e25b4f157a844ad53cd470/upload-images HTTP/1.1" 500 228 "http://localhost:5173/" "Mozilla/5.0 (Windows NT 10.0; Win64; x64) AppleWebKit/537.36 (KHTML, like Gecko) Chrome/123.0.0.0 Safari/537.36"
2025-10-05T11:55:55.305Z [HTTP] [req:f4330ea6-d178-4b60-86f6-b461de9c72f6] ::1 - - [05/Oct/2025:11:55:55 +0000] "OPTIONS /api/v1/products/68e25b4f157a844ad53cd470 HTTP/1.1" 204 0 "http://localhost:5173/" "Mozilla/5.0 (Windows NT 10.0; Win64; x64) AppleWebKit/537.36 (KHTML, like Gecko) Chrome/123.0.0.0 Safari/537.36"
2025-10-05T11:55:57.284Z [HTTP] [req:735316d5-bba3-4b86-8cc6-997d0655852e] ::1 - - [05/Oct/2025:11:55:57 +0000] "PUT /api/v1/products/68e25b4f157a844ad53cd470 HTTP/1.1" 200 1334 "http://localhost:5173/" "Mozilla/5.0 (Windows NT 10.0; Win64; x64) AppleWebKit/537.36 (KHTML, like Gecko) Chrome/123.0.0.0 Safari/537.36"
2025-10-05T11:55:57.848Z [HTTP] [req:6d6ebef9-9b3f-4288-9de9-f26d71438d09] ::1 - - [05/Oct/2025:11:55:57 +0000] "GET /api/v1/products?page=1&limit=10&searchTerm=Rea&sortBy=name-asc HTTP/1.1" 200 4180 "http://localhost:5173/" "Mozilla/5.0 (Windows NT 10.0; Win64; x64) AppleWebKit/537.36 (KHTML, like Gecko) Chrome/123.0.0.0 Safari/537.36"
