2025-09-30T05:57:27.726Z [DEBUG] [req:N/A] Running in development mode
2025-09-30T05:57:34.009Z [INFO] [req:N/A] MongoClient connected for sessions.
2025-09-30T05:57:40.197Z [INFO] [req:N/A] ✅ Mongoose connected to DB
2025-09-30T05:57:40.203Z [INFO] [req:N/A] 📦 MongoDB Connected: cluster0-shard-00-00.oissf.mongodb.net
2025-09-30T05:57:43.029Z [INFO] [req:N/A] 42 products already exist in the database. Skipping product seeding.
2025-09-30T05:57:44.134Z [INFO] [req:N/A] 6 categories already exist in the database. Skipping category seeding.
2025-09-30T05:57:44.698Z [INFO] [req:N/A] Order number counter already exists, current sequence: 1001
2025-09-30T05:57:44.704Z [INFO] [req:N/A] 🚀 Server running in development mode on port 3001
2025-09-30T05:57:44.706Z [DEBUG] [req:N/A] http://localhost:3001
2025-09-30T06:01:01.948Z [DEBUG] [req:b0ff98f2-d454-4fcc-8c2e-33f3b991a9b0] [requireAuth] Attempting to authenticate for path: /check-auth
2025-09-30T06:01:01.949Z [DEBUG] [req:b0ff98f2-d454-4fcc-8c2e-33f3b991a9b0] [requireAuth] AccessToken from cookies: missing
2025-09-30T06:01:01.950Z [DEBUG] [req:b0ff98f2-d454-4fcc-8c2e-33f3b991a9b0] [requireAuth] Authorization header: missing
2025-09-30T06:01:01.950Z [WARN] [req:b0ff98f2-d454-4fcc-8c2e-33f3b991a9b0] [requireAuth] Unauthorized: No token provided for path: /check-auth
2025-09-30T06:01:02.254Z [HTTP] [req:b0ff98f2-d454-4fcc-8c2e-33f3b991a9b0] ::1 - - [30/Sep/2025:06:01:02 +0000] "GET /api/v1/auth/check-auth HTTP/1.1" 401 62 "http://localhost:5173/" "Mozilla/5.0 (Windows NT 10.0; Win64; x64) AppleWebKit/537.36 (KHTML, like Gecko) Chrome/123.0.0.0 Safari/537.36"
2025-09-30T06:01:11.258Z [HTTP] [req:db77cd59-e2b5-4bbf-b473-41e21051affc] ::1 - - [30/Sep/2025:06:01:11 +0000] "OPTIONS /api/v1/auth/login HTTP/1.1" 204 0 "http://localhost:5173/" "Mozilla/5.0 (Windows NT 10.0; Win64; x64) AppleWebKit/537.36 (KHTML, like Gecko) Chrome/123.0.0.0 Safari/537.36"
2025-09-30T06:01:13.883Z [HTTP] [req:a689d212-3330-4551-992d-3d8209a41589] ::1 - - [30/Sep/2025:06:01:13 +0000] "POST /api/v1/auth/login HTTP/1.1" 200 841 "http://localhost:5173/" "Mozilla/5.0 (Windows NT 10.0; Win64; x64) AppleWebKit/537.36 (KHTML, like Gecko) Chrome/123.0.0.0 Safari/537.36"
2025-09-30T06:01:14.190Z [DEBUG] [req:5c53cafa-49b0-4507-bd6a-172d04039bcc] [requireAuth] Attempting to authenticate for path: /check-auth
2025-09-30T06:01:14.190Z [DEBUG] [req:5c53cafa-49b0-4507-bd6a-172d04039bcc] [requireAuth] AccessToken from cookies: present
2025-09-30T06:01:14.191Z [DEBUG] [req:5c53cafa-49b0-4507-bd6a-172d04039bcc] [requireAuth] Authorization header: missing
2025-09-30T06:01:14.193Z [DEBUG] [req:5c53cafa-49b0-4507-bd6a-172d04039bcc] [requireAuth] Token decoded for userId: 68cf8b9f53809e4ca0436f97
2025-09-30T06:01:14.433Z [DEBUG] [req:5c53cafa-49b0-4507-bd6a-172d04039bcc] [requireAuth] User SHAH HUSSAIN authenticated.
2025-09-30T06:01:14.434Z [DEBUG] [req:5c53cafa-49b0-4507-bd6a-172d04039bcc] [requireAuth] Session fUqiOHpwHctAl6ZWubdLN01bVikquznR touched.
2025-09-30T06:01:14.692Z [HTTP] [req:5c53cafa-49b0-4507-bd6a-172d04039bcc] ::1 - - [30/Sep/2025:06:01:14 +0000] "GET /api/v1/auth/check-auth HTTP/1.1" 200 310 "http://localhost:5173/" "Mozilla/5.0 (Windows NT 10.0; Win64; x64) AppleWebKit/537.36 (KHTML, like Gecko) Chrome/123.0.0.0 Safari/537.36"
2025-09-30T06:01:14.999Z [DEBUG] [req:ece9341c-87c2-4ba5-9049-ddaef34640c5] [requireAuth] Attempting to authenticate for path: /metrics
2025-09-30T06:01:15.000Z [DEBUG] [req:ece9341c-87c2-4ba5-9049-ddaef34640c5] [requireAuth] AccessToken from cookies: present
2025-09-30T06:01:15.000Z [DEBUG] [req:ece9341c-87c2-4ba5-9049-ddaef34640c5] [requireAuth] Authorization header: missing
2025-09-30T06:01:15.002Z [DEBUG] [req:ece9341c-87c2-4ba5-9049-ddaef34640c5] [requireAuth] Token decoded for userId: 68cf8b9f53809e4ca0436f97
2025-09-30T06:01:15.213Z [DEBUG] [req:ece9341c-87c2-4ba5-9049-ddaef34640c5] [requireAuth] User SHAH HUSSAIN authenticated.
2025-09-30T06:01:15.214Z [DEBUG] [req:ece9341c-87c2-4ba5-9049-ddaef34640c5] [requireAuth] Session fUqiOHpwHctAl6ZWubdLN01bVikquznR touched.
2025-09-30T06:01:18.408Z [HTTP] [req:ece9341c-87c2-4ba5-9049-ddaef34640c5] ::1 - - [30/Sep/2025:06:01:18 +0000] "GET /api/v1/orders/metrics HTTP/1.1" 200 1809 "http://localhost:5173/" "Mozilla/5.0 (Windows NT 10.0; Win64; x64) AppleWebKit/537.36 (KHTML, like Gecko) Chrome/123.0.0.0 Safari/537.36"
2025-09-30T06:01:18.975Z [DEBUG] [req:8a8ef430-28fd-4dcd-8e26-aaaac9a62f6b] [requireAuth] Attempting to authenticate for path: /sales-over-time
2025-09-30T06:01:18.976Z [DEBUG] [req:8a8ef430-28fd-4dcd-8e26-aaaac9a62f6b] [requireAuth] AccessToken from cookies: present
2025-09-30T06:01:18.976Z [DEBUG] [req:8a8ef430-28fd-4dcd-8e26-aaaac9a62f6b] [requireAuth] Authorization header: missing
2025-09-30T06:01:18.977Z [DEBUG] [req:8a8ef430-28fd-4dcd-8e26-aaaac9a62f6b] [requireAuth] Token decoded for userId: 68cf8b9f53809e4ca0436f97
2025-09-30T06:01:20.619Z [DEBUG] [req:8a8ef430-28fd-4dcd-8e26-aaaac9a62f6b] [requireAuth] User SHAH HUSSAIN authenticated.
2025-09-30T06:01:20.620Z [DEBUG] [req:8a8ef430-28fd-4dcd-8e26-aaaac9a62f6b] [requireAuth] Session fUqiOHpwHctAl6ZWubdLN01bVikquznR touched.
2025-09-30T06:01:21.896Z [HTTP] [req:8a8ef430-28fd-4dcd-8e26-aaaac9a62f6b] ::1 - - [30/Sep/2025:06:01:21 +0000] "GET /api/v1/orders/sales-over-time?period=30days HTTP/1.1" 200 75 "http://localhost:5173/" "Mozilla/5.0 (Windows NT 10.0; Win64; x64) AppleWebKit/537.36 (KHTML, like Gecko) Chrome/123.0.0.0 Safari/537.36"
2025-09-30T06:01:28.259Z [DEBUG] [req:40c97960-4e25-4d6a-8022-3d0cf708014e] [requireAuth] Attempting to authenticate for path: /top-selling-products
2025-09-30T06:01:28.261Z [DEBUG] [req:40c97960-4e25-4d6a-8022-3d0cf708014e] [requireAuth] AccessToken from cookies: present
2025-09-30T06:01:28.262Z [DEBUG] [req:40c97960-4e25-4d6a-8022-3d0cf708014e] [requireAuth] Authorization header: missing
2025-09-30T06:01:28.265Z [DEBUG] [req:40c97960-4e25-4d6a-8022-3d0cf708014e] [requireAuth] Token decoded for userId: 68cf8b9f53809e4ca0436f97
2025-09-30T06:01:28.504Z [DEBUG] [req:40c97960-4e25-4d6a-8022-3d0cf708014e] [requireAuth] User SHAH HUSSAIN authenticated.
2025-09-30T06:01:28.505Z [DEBUG] [req:40c97960-4e25-4d6a-8022-3d0cf708014e] [requireAuth] Session fUqiOHpwHctAl6ZWubdLN01bVikquznR touched.
2025-09-30T06:01:28.922Z [HTTP] [req:40c97960-4e25-4d6a-8022-3d0cf708014e] ::1 - - [30/Sep/2025:06:01:28 +0000] "GET /api/v1/orders/top-selling-products?limit=5&sortBy=revenue HTTP/1.1" 200 166 "http://localhost:5173/" "Mozilla/5.0 (Windows NT 10.0; Win64; x64) AppleWebKit/537.36 (KHTML, like Gecko) Chrome/123.0.0.0 Safari/537.36"
2025-09-30T06:01:35.475Z [DEBUG] [req:405a9186-d3d0-4885-afeb-2611580c671c] [requireAuth] Attempting to authenticate for path: /admin
2025-09-30T06:01:35.476Z [DEBUG] [req:405a9186-d3d0-4885-afeb-2611580c671c] [requireAuth] AccessToken from cookies: present
2025-09-30T06:01:35.476Z [DEBUG] [req:405a9186-d3d0-4885-afeb-2611580c671c] [requireAuth] Authorization header: missing
2025-09-30T06:01:35.478Z [DEBUG] [req:405a9186-d3d0-4885-afeb-2611580c671c] [requireAuth] Token decoded for userId: 68cf8b9f53809e4ca0436f97
2025-09-30T06:01:35.713Z [DEBUG] [req:405a9186-d3d0-4885-afeb-2611580c671c] [requireAuth] User SHAH HUSSAIN authenticated.
2025-09-30T06:01:35.714Z [DEBUG] [req:405a9186-d3d0-4885-afeb-2611580c671c] [requireAuth] Session fUqiOHpwHctAl6ZWubdLN01bVikquznR touched.
2025-09-30T06:01:36.635Z [HTTP] [req:405a9186-d3d0-4885-afeb-2611580c671c] ::1 - - [30/Sep/2025:06:01:36 +0000] "GET /api/v1/orders/admin?page=1&limit=10&sortBy=date&sortOrder=desc HTTP/1.1" 200 1687 "http://localhost:5173/" "Mozilla/5.0 (Windows NT 10.0; Win64; x64) AppleWebKit/537.36 (KHTML, like Gecko) Chrome/123.0.0.0 Safari/537.36"
2025-09-30T06:01:58.612Z [WARN] [req:N/A] Received SIGINT, starting graceful shutdown...
2025-09-30T06:01:58.613Z [INFO] [req:N/A] Starting cleanup process...
2025-09-30T06:01:58.613Z [INFO] [req:N/A] Starting cleanup process...
2025-09-30T06:01:58.614Z [DEBUG] [req:N/A] Closing HTTP server...
2025-09-30T06:01:58.614Z [INFO] [req:N/A] HTTP server closed.
2025-09-30T06:01:58.615Z [DEBUG] [req:N/A] Disconnecting Mongoose...
2025-09-30T06:01:58.621Z [WARN] [req:N/A] ⚠️ Mongoose connection is disconnected.
2025-09-30T06:01:58.622Z [INFO] [req:N/A] Mongoose disconnected.
2025-09-30T06:01:58.623Z [DEBUG] [req:N/A] Closing Mongo client...
2025-09-30T06:01:58.629Z [INFO] [req:N/A] MongoStore client disconnected.
2025-09-30T06:01:58.630Z [INFO] [req:N/A] All connections closed successfully.
2025-09-30T06:01:58.630Z [INFO] [req:N/A] ✅ Cleanup complete, exiting.
2025-09-30T06:01:58.631Z [INFO] [req:N/A] Flushing logs...
2025-09-30T06:01:58.631Z [DEBUG] [req:N/A] Flushing logs...
2025-09-30T06:02:55.483Z [DEBUG] [req:N/A] Running in development mode
2025-09-30T06:03:10.884Z [INFO] [req:N/A] MongoClient connected for sessions.
2025-09-30T06:03:16.015Z [INFO] [req:N/A] ✅ Mongoose connected to DB
2025-09-30T06:03:16.020Z [INFO] [req:N/A] 📦 MongoDB Connected: cluster0-shard-00-01.oissf.mongodb.net
2025-09-30T06:03:17.917Z [INFO] [req:N/A] 42 products already exist in the database. Skipping product seeding.
2025-09-30T06:03:21.439Z [INFO] [req:N/A] 6 categories already exist in the database. Skipping category seeding.
2025-09-30T06:03:21.674Z [INFO] [req:N/A] Order number counter already exists, current sequence: 1001
2025-09-30T06:03:21.677Z [INFO] [req:N/A] 🚀 Server running in development mode on port 3001
2025-09-30T06:03:21.678Z [DEBUG] [req:N/A] http://localhost:3001
2025-09-30T06:07:33.928Z [DEBUG] [req:f9eff548-691c-490a-af7c-4ba386e342b6] [requireAuth] Attempting to authenticate for path: /check-auth
2025-09-30T06:07:33.928Z [DEBUG] [req:f9eff548-691c-490a-af7c-4ba386e342b6] [requireAuth] AccessToken from cookies: present
2025-09-30T06:07:33.929Z [DEBUG] [req:f9eff548-691c-490a-af7c-4ba386e342b6] [requireAuth] Authorization header: missing
2025-09-30T06:07:33.933Z [DEBUG] [req:f9eff548-691c-490a-af7c-4ba386e342b6] [requireAuth] Token decoded for userId: 68cf8b9f53809e4ca0436f97
2025-09-30T06:07:34.218Z [DEBUG] [req:f9eff548-691c-490a-af7c-4ba386e342b6] [requireAuth] User SHAH HUSSAIN authenticated.
2025-09-30T06:07:34.218Z [DEBUG] [req:f9eff548-691c-490a-af7c-4ba386e342b6] [requireAuth] Session fUqiOHpwHctAl6ZWubdLN01bVikquznR touched.
2025-09-30T06:07:34.499Z [HTTP] [req:f9eff548-691c-490a-af7c-4ba386e342b6] ::1 - - [30/Sep/2025:06:07:34 +0000] "GET /api/v1/auth/check-auth HTTP/1.1" 304 - "http://localhost:5173/" "Mozilla/5.0 (Windows NT 10.0; Win64; x64) AppleWebKit/537.36 (KHTML, like Gecko) Chrome/123.0.0.0 Safari/537.36"
2025-09-30T06:07:34.878Z [DEBUG] [req:a662f90a-302e-4728-bd8c-1db5e2de493b] [requireAuth] Attempting to authenticate for path: /admin
2025-09-30T06:07:34.878Z [DEBUG] [req:a662f90a-302e-4728-bd8c-1db5e2de493b] [requireAuth] AccessToken from cookies: present
2025-09-30T06:07:34.879Z [DEBUG] [req:a662f90a-302e-4728-bd8c-1db5e2de493b] [requireAuth] Authorization header: missing
2025-09-30T06:07:34.881Z [DEBUG] [req:a662f90a-302e-4728-bd8c-1db5e2de493b] [requireAuth] Token decoded for userId: 68cf8b9f53809e4ca0436f97
2025-09-30T06:07:35.202Z [DEBUG] [req:a662f90a-302e-4728-bd8c-1db5e2de493b] [requireAuth] User SHAH HUSSAIN authenticated.
2025-09-30T06:07:35.203Z [DEBUG] [req:a662f90a-302e-4728-bd8c-1db5e2de493b] [requireAuth] Session fUqiOHpwHctAl6ZWubdLN01bVikquznR touched.
2025-09-30T06:07:36.257Z [HTTP] [req:a662f90a-302e-4728-bd8c-1db5e2de493b] ::1 - - [30/Sep/2025:06:07:36 +0000] "GET /api/v1/orders/admin?page=1&limit=10&sortBy=date&sortOrder=desc HTTP/1.1" 304 - "http://localhost:5173/" "Mozilla/5.0 (Windows NT 10.0; Win64; x64) AppleWebKit/537.36 (KHTML, like Gecko) Chrome/123.0.0.0 Safari/537.36"
2025-09-30T06:11:05.044Z [WARN] [req:N/A] ⚠️ Mongoose connection is disconnected.
2025-09-30T06:11:06.158Z [INFO] [req:N/A] ✅ Mongoose connected to DB
2025-09-30T06:14:20.798Z [DEBUG] [req:85f29ad9-40fa-45fd-aacd-13132edb70fc] [requireAuth] Attempting to authenticate for path: /check-auth
2025-09-30T06:14:20.799Z [DEBUG] [req:85f29ad9-40fa-45fd-aacd-13132edb70fc] [requireAuth] AccessToken from cookies: present
2025-09-30T06:14:20.800Z [DEBUG] [req:85f29ad9-40fa-45fd-aacd-13132edb70fc] [requireAuth] Authorization header: missing
2025-09-30T06:14:20.802Z [DEBUG] [req:85f29ad9-40fa-45fd-aacd-13132edb70fc] [requireAuth] Token decoded for userId: 68cf8b9f53809e4ca0436f97
2025-09-30T06:14:24.943Z [DEBUG] [req:85f29ad9-40fa-45fd-aacd-13132edb70fc] [requireAuth] User SHAH HUSSAIN authenticated.
2025-09-30T06:14:24.944Z [DEBUG] [req:85f29ad9-40fa-45fd-aacd-13132edb70fc] [requireAuth] Session fUqiOHpwHctAl6ZWubdLN01bVikquznR touched.
2025-09-30T06:14:25.237Z [HTTP] [req:85f29ad9-40fa-45fd-aacd-13132edb70fc] ::1 - - [30/Sep/2025:06:14:25 +0000] "GET /api/v1/auth/check-auth HTTP/1.1" 304 - "http://localhost:5173/" "Mozilla/5.0 (Windows NT 10.0; Win64; x64) AppleWebKit/537.36 (KHTML, like Gecko) Chrome/123.0.0.0 Safari/537.36"
2025-09-30T06:14:25.591Z [DEBUG] [req:c6beb5c4-8d01-4e49-a4dd-680f91d1615c] [requireAuth] Attempting to authenticate for path: /admin
2025-09-30T06:14:25.592Z [DEBUG] [req:c6beb5c4-8d01-4e49-a4dd-680f91d1615c] [requireAuth] AccessToken from cookies: present
2025-09-30T06:14:25.593Z [DEBUG] [req:c6beb5c4-8d01-4e49-a4dd-680f91d1615c] [requireAuth] Authorization header: missing
2025-09-30T06:14:25.595Z [DEBUG] [req:c6beb5c4-8d01-4e49-a4dd-680f91d1615c] [requireAuth] Token decoded for userId: 68cf8b9f53809e4ca0436f97
2025-09-30T06:14:26.388Z [DEBUG] [req:c6beb5c4-8d01-4e49-a4dd-680f91d1615c] [requireAuth] User SHAH HUSSAIN authenticated.
2025-09-30T06:14:26.389Z [DEBUG] [req:c6beb5c4-8d01-4e49-a4dd-680f91d1615c] [requireAuth] Session fUqiOHpwHctAl6ZWubdLN01bVikquznR touched.
2025-09-30T06:14:27.193Z [HTTP] [req:c6beb5c4-8d01-4e49-a4dd-680f91d1615c] ::1 - - [30/Sep/2025:06:14:27 +0000] "GET /api/v1/orders/admin?page=1&limit=10&sortBy=date&sortOrder=desc HTTP/1.1" 304 - "http://localhost:5173/" "Mozilla/5.0 (Windows NT 10.0; Win64; x64) AppleWebKit/537.36 (KHTML, like Gecko) Chrome/123.0.0.0 Safari/537.36"
2025-09-30T06:17:04.855Z [DEBUG] [req:21c95525-1450-41fa-94fd-30eaa5e6ce75] [requireAuth] Attempting to authenticate for path: /admin
2025-09-30T06:17:04.856Z [DEBUG] [req:21c95525-1450-41fa-94fd-30eaa5e6ce75] [requireAuth] AccessToken from cookies: present
2025-09-30T06:17:04.857Z [DEBUG] [req:21c95525-1450-41fa-94fd-30eaa5e6ce75] [requireAuth] Authorization header: missing
2025-09-30T06:17:04.859Z [DEBUG] [req:21c95525-1450-41fa-94fd-30eaa5e6ce75] [requireAuth] Token decoded for userId: 68cf8b9f53809e4ca0436f97
2025-09-30T06:17:06.068Z [DEBUG] [req:21c95525-1450-41fa-94fd-30eaa5e6ce75] [requireAuth] User SHAH HUSSAIN authenticated.
2025-09-30T06:17:06.068Z [DEBUG] [req:21c95525-1450-41fa-94fd-30eaa5e6ce75] [requireAuth] Session fUqiOHpwHctAl6ZWubdLN01bVikquznR touched.
2025-09-30T06:17:06.753Z [HTTP] [req:21c95525-1450-41fa-94fd-30eaa5e6ce75] ::1 - - [30/Sep/2025:06:17:06 +0000] "GET /api/v1/orders/admin?page=1&limit=10&sortBy=date&sortOrder=desc HTTP/1.1" 304 - "http://localhost:5173/" "Mozilla/5.0 (Windows NT 10.0; Win64; x64) AppleWebKit/537.36 (KHTML, like Gecko) Chrome/123.0.0.0 Safari/537.36"
2025-09-30T06:18:30.773Z [WARN] [req:N/A] ⚠️ Mongoose connection is disconnected.
2025-09-30T06:18:31.042Z [INFO] [req:N/A] ✅ Mongoose connected to DB
