2025-10-04T07:06:57.302Z [DEBUG] [req:N/A] Running in development mode
2025-10-04T07:07:03.988Z [INFO] [req:N/A] MongoClient connected for sessions.
2025-10-04T07:07:06.800Z [INFO] [req:N/A] ✅ Mongoose connected to DB
2025-10-04T07:07:06.804Z [INFO] [req:N/A] 📦 MongoDB Connected: cluster0-shard-00-02.oissf.mongodb.net
2025-10-04T07:07:09.298Z [INFO] [req:N/A] 42 products already exist in the database. Skipping product seeding.
2025-10-04T07:07:10.154Z [INFO] [req:N/A] 6 categories already exist in the database. Skipping category seeding.
2025-10-04T07:07:12.833Z [INFO] [req:N/A] Order number counter already exists, current sequence: 1003
2025-10-04T07:07:12.837Z [INFO] [req:N/A] 🚀 Server running in development mode on port 3001
2025-10-04T07:07:12.837Z [DEBUG] [req:N/A] http://localhost:3001
2025-10-04T07:09:26.989Z [DEBUG] [req:c1d03223-4e07-462b-8e81-b2ca6c0ae1fa] [requireAuth] Attempting to authenticate for path: /check-auth
2025-10-04T07:09:26.989Z [DEBUG] [req:c1d03223-4e07-462b-8e81-b2ca6c0ae1fa] [requireAuth] AccessToken from cookies: missing
2025-10-04T07:09:26.991Z [DEBUG] [req:c1d03223-4e07-462b-8e81-b2ca6c0ae1fa] [requireAuth] Authorization header: missing
2025-10-04T07:09:26.992Z [WARN] [req:c1d03223-4e07-462b-8e81-b2ca6c0ae1fa] [requireAuth] Unauthorized: No token provided for path: /check-auth
2025-10-04T07:09:27.185Z [HTTP] [req:c1d03223-4e07-462b-8e81-b2ca6c0ae1fa] ::1 - - [04/Oct/2025:07:09:27 +0000] "GET /api/v1/auth/check-auth HTTP/1.1" 401 62 "http://localhost:5173/" "Mozilla/5.0 (Windows NT 10.0; Win64; x64) AppleWebKit/537.36 (KHTML, like Gecko) Chrome/123.0.0.0 Safari/537.36"
2025-10-04T07:09:52.474Z [HTTP] [req:e91a5726-afcf-4091-abcc-ce4c3ccfbc69] ::1 - - [04/Oct/2025:07:09:52 +0000] "OPTIONS /api/v1/auth/login HTTP/1.1" 204 0 "http://localhost:5173/" "Mozilla/5.0 (Windows NT 10.0; Win64; x64) AppleWebKit/537.36 (KHTML, like Gecko) Chrome/123.0.0.0 Safari/537.36"
2025-10-04T07:09:54.560Z [HTTP] [req:24b43e43-39c6-452a-8c14-9a5bbba8a694] ::1 - - [04/Oct/2025:07:09:54 +0000] "POST /api/v1/auth/login HTTP/1.1" 200 841 "http://localhost:5173/" "Mozilla/5.0 (Windows NT 10.0; Win64; x64) AppleWebKit/537.36 (KHTML, like Gecko) Chrome/123.0.0.0 Safari/537.36"
2025-10-04T07:09:54.781Z [DEBUG] [req:544fc212-50fb-41b1-9027-b5ed45723d77] [requireAuth] Attempting to authenticate for path: /check-auth
2025-10-04T07:09:54.782Z [DEBUG] [req:544fc212-50fb-41b1-9027-b5ed45723d77] [requireAuth] AccessToken from cookies: present
2025-10-04T07:09:54.784Z [DEBUG] [req:544fc212-50fb-41b1-9027-b5ed45723d77] [requireAuth] Authorization header: missing
2025-10-04T07:09:54.792Z [DEBUG] [req:544fc212-50fb-41b1-9027-b5ed45723d77] [requireAuth] Token decoded for userId: 68cf8b9f53809e4ca0436f97
2025-10-04T07:09:54.979Z [DEBUG] [req:544fc212-50fb-41b1-9027-b5ed45723d77] [requireAuth] User SHAH HUSSAIN authenticated.
2025-10-04T07:09:54.980Z [DEBUG] [req:544fc212-50fb-41b1-9027-b5ed45723d77] [requireAuth] Session thNDfj5xFdFkt-tXJiTRyuj_C7ASbxl_ touched.
2025-10-04T07:09:55.167Z [HTTP] [req:544fc212-50fb-41b1-9027-b5ed45723d77] ::1 - - [04/Oct/2025:07:09:55 +0000] "GET /api/v1/auth/check-auth HTTP/1.1" 200 310 "http://localhost:5173/" "Mozilla/5.0 (Windows NT 10.0; Win64; x64) AppleWebKit/537.36 (KHTML, like Gecko) Chrome/123.0.0.0 Safari/537.36"
2025-10-04T07:09:55.400Z [DEBUG] [req:086dd8c5-0afa-4ac1-8d97-0ae58cad3899] [requireAuth] Attempting to authenticate for path: /metrics
2025-10-04T07:09:55.400Z [DEBUG] [req:086dd8c5-0afa-4ac1-8d97-0ae58cad3899] [requireAuth] AccessToken from cookies: present
2025-10-04T07:09:55.401Z [DEBUG] [req:086dd8c5-0afa-4ac1-8d97-0ae58cad3899] [requireAuth] Authorization header: missing
2025-10-04T07:09:55.403Z [DEBUG] [req:086dd8c5-0afa-4ac1-8d97-0ae58cad3899] [requireAuth] Token decoded for userId: 68cf8b9f53809e4ca0436f97
2025-10-04T07:09:55.597Z [DEBUG] [req:086dd8c5-0afa-4ac1-8d97-0ae58cad3899] [requireAuth] User SHAH HUSSAIN authenticated.
2025-10-04T07:09:55.597Z [DEBUG] [req:086dd8c5-0afa-4ac1-8d97-0ae58cad3899] [requireAuth] Session thNDfj5xFdFkt-tXJiTRyuj_C7ASbxl_ touched.
2025-10-04T07:09:56.825Z [DEBUG] [req:a537ff3b-7b9d-409b-8864-1b3eccb151b6] [requireAuth] Attempting to authenticate for path: /top-selling-products
2025-10-04T07:09:56.826Z [DEBUG] [req:a537ff3b-7b9d-409b-8864-1b3eccb151b6] [requireAuth] AccessToken from cookies: present
2025-10-04T07:09:56.827Z [DEBUG] [req:a537ff3b-7b9d-409b-8864-1b3eccb151b6] [requireAuth] Authorization header: missing
2025-10-04T07:09:56.830Z [DEBUG] [req:a537ff3b-7b9d-409b-8864-1b3eccb151b6] [requireAuth] Token decoded for userId: 68cf8b9f53809e4ca0436f97
2025-10-04T07:09:57.001Z [DEBUG] [req:a537ff3b-7b9d-409b-8864-1b3eccb151b6] [requireAuth] User SHAH HUSSAIN authenticated.
2025-10-04T07:09:57.002Z [DEBUG] [req:a537ff3b-7b9d-409b-8864-1b3eccb151b6] [requireAuth] Session thNDfj5xFdFkt-tXJiTRyuj_C7ASbxl_ touched.
2025-10-04T07:09:57.009Z [HTTP] [req:086dd8c5-0afa-4ac1-8d97-0ae58cad3899] ::1 - - [04/Oct/2025:07:09:57 +0000] "GET /api/v1/orders/metrics HTTP/1.1" 200 3401 "http://localhost:5173/" "Mozilla/5.0 (Windows NT 10.0; Win64; x64) AppleWebKit/537.36 (KHTML, like Gecko) Chrome/123.0.0.0 Safari/537.36"
2025-10-04T07:09:57.018Z [DEBUG] [req:b59744d0-9972-4306-874c-d9107f0e6e02] [requireAuth] Attempting to authenticate for path: /sales-over-time
2025-10-04T07:09:57.020Z [DEBUG] [req:b59744d0-9972-4306-874c-d9107f0e6e02] [requireAuth] AccessToken from cookies: present
2025-10-04T07:09:57.022Z [DEBUG] [req:b59744d0-9972-4306-874c-d9107f0e6e02] [requireAuth] Authorization header: missing
2025-10-04T07:09:57.026Z [DEBUG] [req:b59744d0-9972-4306-874c-d9107f0e6e02] [requireAuth] Token decoded for userId: 68cf8b9f53809e4ca0436f97
2025-10-04T07:09:57.197Z [DEBUG] [req:b59744d0-9972-4306-874c-d9107f0e6e02] [requireAuth] User SHAH HUSSAIN authenticated.
2025-10-04T07:09:57.198Z [DEBUG] [req:b59744d0-9972-4306-874c-d9107f0e6e02] [requireAuth] Session thNDfj5xFdFkt-tXJiTRyuj_C7ASbxl_ touched.
2025-10-04T07:09:57.443Z [HTTP] [req:a537ff3b-7b9d-409b-8864-1b3eccb151b6] ::1 - - [04/Oct/2025:07:09:57 +0000] "GET /api/v1/orders/top-selling-products?limit=5&sortBy=revenue HTTP/1.1" 200 417 "http://localhost:5173/" "Mozilla/5.0 (Windows NT 10.0; Win64; x64) AppleWebKit/537.36 (KHTML, like Gecko) Chrome/123.0.0.0 Safari/537.36"
2025-10-04T07:09:57.544Z [HTTP] [req:b59744d0-9972-4306-874c-d9107f0e6e02] ::1 - - [04/Oct/2025:07:09:57 +0000] "GET /api/v1/orders/sales-over-time?period=30days HTTP/1.1" 200 124 "http://localhost:5173/" "Mozilla/5.0 (Windows NT 10.0; Win64; x64) AppleWebKit/537.36 (KHTML, like Gecko) Chrome/123.0.0.0 Safari/537.36"
2025-10-04T07:10:03.483Z [HTTP] [req:739393aa-faf8-4d8d-90cc-f5e3dffb3fe1] ::1 - - [04/Oct/2025:07:10:03 +0000] "GET /api/v1/categories HTTP/1.1" 200 1215 "http://localhost:5173/" "Mozilla/5.0 (Windows NT 10.0; Win64; x64) AppleWebKit/537.36 (KHTML, like Gecko) Chrome/123.0.0.0 Safari/537.36"
2025-10-04T07:10:04.196Z [HTTP] [req:2dd6af09-9907-4bff-b258-4316dcd558d6] ::1 - - [04/Oct/2025:07:10:04 +0000] "GET /api/v1/products?page=1&limit=10&sortBy=name-asc HTTP/1.1" 200 6023 "http://localhost:5173/" "Mozilla/5.0 (Windows NT 10.0; Win64; x64) AppleWebKit/537.36 (KHTML, like Gecko) Chrome/123.0.0.0 Safari/537.36"
2025-10-04T07:31:32.726Z [HTTP] [req:N/A] ::1 - - [04/Oct/2025:07:31:32 +0000] "GET /api/v1/categories HTTP/1.1" - - "http://localhost:5173/" "Mozilla/5.0 (Windows NT 10.0; Win64; x64) AppleWebKit/537.36 (KHTML, like Gecko) Chrome/123.0.0.0 Safari/537.36"
2025-10-04T07:31:32.973Z [HTTP] [req:N/A] ::1 - - [04/Oct/2025:07:31:32 +0000] "GET /api/v1/products?page=1&limit=10&sortBy=name-asc HTTP/1.1" - - "http://localhost:5173/" "Mozilla/5.0 (Windows NT 10.0; Win64; x64) AppleWebKit/537.36 (KHTML, like Gecko) Chrome/123.0.0.0 Safari/537.36"
2025-10-04T07:31:37.860Z [DEBUG] [req:a1bbd9eb-b4d4-48bc-a68a-3d7545a6dbcb] [requireAuth] Attempting to authenticate for path: /check-auth
2025-10-04T07:31:37.861Z [DEBUG] [req:a1bbd9eb-b4d4-48bc-a68a-3d7545a6dbcb] [requireAuth] AccessToken from cookies: present
2025-10-04T07:31:37.862Z [DEBUG] [req:a1bbd9eb-b4d4-48bc-a68a-3d7545a6dbcb] [requireAuth] Authorization header: missing
2025-10-04T07:31:37.866Z [DEBUG] [req:a1bbd9eb-b4d4-48bc-a68a-3d7545a6dbcb] [requireAuth] Token decoded for userId: 68cf8b9f53809e4ca0436f97
2025-10-04T07:31:38.047Z [DEBUG] [req:a1bbd9eb-b4d4-48bc-a68a-3d7545a6dbcb] [requireAuth] User SHAH HUSSAIN authenticated.
2025-10-04T07:31:38.047Z [DEBUG] [req:a1bbd9eb-b4d4-48bc-a68a-3d7545a6dbcb] [requireAuth] Session thNDfj5xFdFkt-tXJiTRyuj_C7ASbxl_ touched.
2025-10-04T07:31:38.222Z [HTTP] [req:a1bbd9eb-b4d4-48bc-a68a-3d7545a6dbcb] ::1 - - [04/Oct/2025:07:31:38 +0000] "GET /api/v1/auth/check-auth HTTP/1.1" 304 - "http://localhost:5173/" "Mozilla/5.0 (Windows NT 10.0; Win64; x64) AppleWebKit/537.36 (KHTML, like Gecko) Chrome/123.0.0.0 Safari/537.36"
2025-10-04T07:31:38.927Z [HTTP] [req:cd55cc62-3782-4b77-94d2-a1e65cfb0e41] ::1 - - [04/Oct/2025:07:31:38 +0000] "GET /api/v1/categories HTTP/1.1" 200 1215 "http://localhost:5173/" "Mozilla/5.0 (Windows NT 10.0; Win64; x64) AppleWebKit/537.36 (KHTML, like Gecko) Chrome/123.0.0.0 Safari/537.36"
2025-10-04T07:31:39.232Z [HTTP] [req:ab255831-31ef-4c3d-a796-e112bf8d8adf] ::1 - - [04/Oct/2025:07:31:39 +0000] "GET /api/v1/products?page=1&limit=10&sortBy=name-asc HTTP/1.1" 200 6023 "http://localhost:5173/" "Mozilla/5.0 (Windows NT 10.0; Win64; x64) AppleWebKit/537.36 (KHTML, like Gecko) Chrome/123.0.0.0 Safari/537.36"
2025-10-04T07:31:51.202Z [DEBUG] [req:4d9e05d0-ad2e-4560-a90d-41a407c157ff] [requireAuth] Attempting to authenticate for path: /check-auth
2025-10-04T07:31:51.203Z [DEBUG] [req:4d9e05d0-ad2e-4560-a90d-41a407c157ff] [requireAuth] AccessToken from cookies: missing
2025-10-04T07:31:51.204Z [DEBUG] [req:4d9e05d0-ad2e-4560-a90d-41a407c157ff] [requireAuth] Authorization header: missing
2025-10-04T07:31:51.204Z [WARN] [req:4d9e05d0-ad2e-4560-a90d-41a407c157ff] [requireAuth] Unauthorized: No token provided for path: /check-auth
2025-10-04T07:31:51.207Z [HTTP] [req:4d9e05d0-ad2e-4560-a90d-41a407c157ff] ::1 - - [04/Oct/2025:07:31:51 +0000] "GET /api/v1/auth/check-auth HTTP/1.1" 401 62 "http://localhost:55466/" "Mozilla/5.0 (Windows NT 10.0; Win64; x64) AppleWebKit/537.36 (KHTML, like Gecko) dyad/0.22.0 Chrome/134.0.6998.179 Electron/35.1.4 Safari/537.36"
2025-10-04T07:31:54.663Z [HTTP] [req:d1481471-0d65-4d9a-bf0f-49f6619a1ebf] ::1 - - [04/Oct/2025:07:31:54 +0000] "GET /api/v1/products/featured HTTP/1.1" 200 2624 "http://localhost:55466/" "Mozilla/5.0 (Windows NT 10.0; Win64; x64) AppleWebKit/537.36 (KHTML, like Gecko) dyad/0.22.0 Chrome/134.0.6998.179 Electron/35.1.4 Safari/537.36"
2025-10-04T07:31:54.680Z [HTTP] [req:7416fa20-a816-49e5-a23e-a8a9b6e45580] ::1 - - [04/Oct/2025:07:31:54 +0000] "GET /api/v1/categories HTTP/1.1" 200 1215 "http://localhost:55466/" "Mozilla/5.0 (Windows NT 10.0; Win64; x64) AppleWebKit/537.36 (KHTML, like Gecko) dyad/0.22.0 Chrome/134.0.6998.179 Electron/35.1.4 Safari/537.36"
2025-10-04T07:32:29.431Z [HTTP] [req:f87c5f57-9c2a-469e-9196-6e8390893e6b] ::1 - - [04/Oct/2025:07:32:29 +0000] "GET /api/v1/categories HTTP/1.1" 200 1215 "http://localhost:55466/" "Mozilla/5.0 (Windows NT 10.0; Win64; x64) AppleWebKit/537.36 (KHTML, like Gecko) dyad/0.22.0 Chrome/134.0.6998.179 Electron/35.1.4 Safari/537.36"
2025-10-04T07:32:29.452Z [HTTP] [req:e47285bf-2766-4368-9460-eb6a0336517b] ::1 - - [04/Oct/2025:07:32:29 +0000] "GET /api/v1/products/featured HTTP/1.1" 200 2624 "http://localhost:55466/" "Mozilla/5.0 (Windows NT 10.0; Win64; x64) AppleWebKit/537.36 (KHTML, like Gecko) dyad/0.22.0 Chrome/134.0.6998.179 Electron/35.1.4 Safari/537.36"
2025-10-04T07:33:27.107Z [HTTP] [req:19176736-843d-4cb1-919a-c609d0e139e5] ::1 - - [04/Oct/2025:07:33:27 +0000] "OPTIONS /api/v1/products HTTP/1.1" 204 0 "http://localhost:5173/" "Mozilla/5.0 (Windows NT 10.0; Win64; x64) AppleWebKit/537.36 (KHTML, like Gecko) Chrome/123.0.0.0 Safari/537.36"
2025-10-04T07:33:27.378Z [DEBUG] [req:7bd00b1a-0a20-4e63-a7c9-e3f725fb8fb6] [requireAuth] Attempting to authenticate for path: /
2025-10-04T07:33:27.379Z [DEBUG] [req:7bd00b1a-0a20-4e63-a7c9-e3f725fb8fb6] [requireAuth] AccessToken from cookies: present
2025-10-04T07:33:27.381Z [DEBUG] [req:7bd00b1a-0a20-4e63-a7c9-e3f725fb8fb6] [requireAuth] Authorization header: missing
2025-10-04T07:33:27.387Z [DEBUG] [req:7bd00b1a-0a20-4e63-a7c9-e3f725fb8fb6] [requireAuth] Token decoded for userId: 68cf8b9f53809e4ca0436f97
2025-10-04T07:33:27.577Z [DEBUG] [req:7bd00b1a-0a20-4e63-a7c9-e3f725fb8fb6] [requireAuth] User SHAH HUSSAIN authenticated.
2025-10-04T07:33:27.578Z [DEBUG] [req:7bd00b1a-0a20-4e63-a7c9-e3f725fb8fb6] [requireAuth] Session thNDfj5xFdFkt-tXJiTRyuj_C7ASbxl_ touched.
2025-10-04T07:33:27.583Z [ERROR] [req:7bd00b1a-0a20-4e63-a7c9-e3f725fb8fb6] ❌ Path: /api/v1/products | Error: [
  {
    "code": "too_small",
    "minimum": 1,
    "type": "string",
    "inclusive": true,
    "exact": false,
    "message": "Size is required.",
    "path": [
      "variants",
      0,
      "size"
    ]
  },
  {
    "code": "too_small",
    "minimum": 1,
    "type": "string",
    "inclusive": true,
    "exact": false,
    "message": "Color is required.",
    "path": [
      "variants",
      0,
      "color"
    ]
  }
]
2025-10-04T07:33:27.854Z [HTTP] [req:7bd00b1a-0a20-4e63-a7c9-e3f725fb8fb6] ::1 - - [04/Oct/2025:07:33:27 +0000] "POST /api/v1/products HTTP/1.1" 400 181 "http://localhost:5173/" "Mozilla/5.0 (Windows NT 10.0; Win64; x64) AppleWebKit/537.36 (KHTML, like Gecko) Chrome/123.0.0.0 Safari/537.36"
2025-10-04T07:33:55.439Z [HTTP] [req:8ea79f31-b4ed-46e2-90a1-5946a47fafed] ::1 - - [04/Oct/2025:07:33:55 +0000] "OPTIONS /api/v1/products HTTP/1.1" 204 0 "http://localhost:5173/" "Mozilla/5.0 (Windows NT 10.0; Win64; x64) AppleWebKit/537.36 (KHTML, like Gecko) Chrome/123.0.0.0 Safari/537.36"
2025-10-04T07:33:55.690Z [DEBUG] [req:1deacfaf-8582-4f8c-b8e2-f1f0ffd3390a] [requireAuth] Attempting to authenticate for path: /
2025-10-04T07:33:55.690Z [DEBUG] [req:1deacfaf-8582-4f8c-b8e2-f1f0ffd3390a] [requireAuth] AccessToken from cookies: present
2025-10-04T07:33:55.691Z [DEBUG] [req:1deacfaf-8582-4f8c-b8e2-f1f0ffd3390a] [requireAuth] Authorization header: missing
2025-10-04T07:33:55.693Z [DEBUG] [req:1deacfaf-8582-4f8c-b8e2-f1f0ffd3390a] [requireAuth] Token decoded for userId: 68cf8b9f53809e4ca0436f97
2025-10-04T07:33:55.934Z [DEBUG] [req:1deacfaf-8582-4f8c-b8e2-f1f0ffd3390a] [requireAuth] User SHAH HUSSAIN authenticated.
2025-10-04T07:33:55.935Z [DEBUG] [req:1deacfaf-8582-4f8c-b8e2-f1f0ffd3390a] [requireAuth] Session thNDfj5xFdFkt-tXJiTRyuj_C7ASbxl_ touched.
2025-10-04T07:33:55.964Z [ERROR] [req:1deacfaf-8582-4f8c-b8e2-f1f0ffd3390a] ❌ Path: /api/v1/products | Error: Product validation failed: imageUrls: At least one image URL is required.
2025-10-04T07:33:56.294Z [HTTP] [req:1deacfaf-8582-4f8c-b8e2-f1f0ffd3390a] ::1 - - [04/Oct/2025:07:33:56 +0000] "POST /api/v1/products HTTP/1.1" 500 155 "http://localhost:5173/" "Mozilla/5.0 (Windows NT 10.0; Win64; x64) AppleWebKit/537.36 (KHTML, like Gecko) Chrome/123.0.0.0 Safari/537.36"
2025-10-04T07:34:21.115Z [HTTP] [req:326072b3-24a4-464e-9972-933fcc4e284e] ::1 - - [04/Oct/2025:07:34:21 +0000] "OPTIONS /api/v1/products HTTP/1.1" 204 0 "http://localhost:5173/" "Mozilla/5.0 (Windows NT 10.0; Win64; x64) AppleWebKit/537.36 (KHTML, like Gecko) Chrome/123.0.0.0 Safari/537.36"
2025-10-04T07:34:21.426Z [DEBUG] [req:f3e9de24-7553-483a-ba63-59defae1c212] [requireAuth] Attempting to authenticate for path: /
2025-10-04T07:34:21.428Z [DEBUG] [req:f3e9de24-7553-483a-ba63-59defae1c212] [requireAuth] AccessToken from cookies: present
2025-10-04T07:34:21.428Z [DEBUG] [req:f3e9de24-7553-483a-ba63-59defae1c212] [requireAuth] Authorization header: missing
2025-10-04T07:34:21.431Z [DEBUG] [req:f3e9de24-7553-483a-ba63-59defae1c212] [requireAuth] Token decoded for userId: 68cf8b9f53809e4ca0436f97
2025-10-04T07:34:21.599Z [DEBUG] [req:f3e9de24-7553-483a-ba63-59defae1c212] [requireAuth] User SHAH HUSSAIN authenticated.
2025-10-04T07:34:21.600Z [DEBUG] [req:f3e9de24-7553-483a-ba63-59defae1c212] [requireAuth] Session thNDfj5xFdFkt-tXJiTRyuj_C7ASbxl_ touched.
2025-10-04T07:34:21.604Z [ERROR] [req:f3e9de24-7553-483a-ba63-59defae1c212] ❌ Path: /api/v1/products | Error: Product validation failed: imageUrls: At least one image URL is required.
2025-10-04T07:34:21.946Z [HTTP] [req:f3e9de24-7553-483a-ba63-59defae1c212] ::1 - - [04/Oct/2025:07:34:21 +0000] "POST /api/v1/products HTTP/1.1" 500 155 "http://localhost:5173/" "Mozilla/5.0 (Windows NT 10.0; Win64; x64) AppleWebKit/537.36 (KHTML, like Gecko) Chrome/123.0.0.0 Safari/537.36"
2025-10-04T07:44:40.034Z [DEBUG] [req:N/A] Running in development mode
2025-10-04T07:50:14.476Z [DEBUG] [req:N/A] Running in development mode
2025-10-04T07:50:16.479Z [INFO] [req:N/A] MongoClient connected for sessions.
2025-10-04T07:50:19.643Z [INFO] [req:N/A] ✅ Mongoose connected to DB
2025-10-04T07:50:19.650Z [INFO] [req:N/A] 📦 MongoDB Connected: cluster0-shard-00-01.oissf.mongodb.net
2025-10-04T07:50:21.689Z [INFO] [req:N/A] 42 products already exist in the database. Skipping product seeding.
2025-10-04T07:50:25.401Z [INFO] [req:N/A] 6 categories already exist in the database. Skipping category seeding.
2025-10-04T07:50:25.647Z [INFO] [req:N/A] Order number counter already exists, current sequence: 1003
2025-10-04T07:50:25.655Z [INFO] [req:N/A] 🚀 Server running in development mode on port 3001
2025-10-04T07:50:25.657Z [DEBUG] [req:N/A] http://localhost:3001
2025-10-04T07:50:43.500Z [HTTP] [req:ede26fde-148e-40f3-afeb-656584064060] ::1 - - [04/Oct/2025:07:50:43 +0000] "OPTIONS /api/v1/auth/login HTTP/1.1" 204 0 "http://localhost:5173/" "Mozilla/5.0 (Windows NT 10.0; Win64; x64) AppleWebKit/537.36 (KHTML, like Gecko) Chrome/123.0.0.0 Safari/537.36"
2025-10-04T07:50:45.710Z [HTTP] [req:851901c3-be9a-4cd6-adc2-57df806ef723] ::1 - - [04/Oct/2025:07:50:45 +0000] "POST /api/v1/auth/login HTTP/1.1" 200 841 "http://localhost:5173/" "Mozilla/5.0 (Windows NT 10.0; Win64; x64) AppleWebKit/537.36 (KHTML, like Gecko) Chrome/123.0.0.0 Safari/537.36"
2025-10-04T07:50:45.996Z [DEBUG] [req:51aadd68-80d2-4a2e-8a21-3ff4aa8cc430] [requireAuth] Attempting to authenticate for path: /check-auth
2025-10-04T07:50:45.996Z [DEBUG] [req:51aadd68-80d2-4a2e-8a21-3ff4aa8cc430] [requireAuth] AccessToken from cookies: present
2025-10-04T07:50:45.997Z [DEBUG] [req:51aadd68-80d2-4a2e-8a21-3ff4aa8cc430] [requireAuth] Authorization header: missing
2025-10-04T07:50:46.000Z [DEBUG] [req:51aadd68-80d2-4a2e-8a21-3ff4aa8cc430] [requireAuth] Token decoded for userId: 68cf8b9f53809e4ca0436f97
2025-10-04T07:50:46.703Z [DEBUG] [req:51aadd68-80d2-4a2e-8a21-3ff4aa8cc430] [requireAuth] User SHAH HUSSAIN authenticated.
2025-10-04T07:50:46.703Z [DEBUG] [req:51aadd68-80d2-4a2e-8a21-3ff4aa8cc430] [requireAuth] Session DgIZ_GlBsNE3gDOCvLZRGGLsFAK7qEGg touched.
2025-10-04T07:50:46.923Z [HTTP] [req:51aadd68-80d2-4a2e-8a21-3ff4aa8cc430] ::1 - - [04/Oct/2025:07:50:46 +0000] "GET /api/v1/auth/check-auth HTTP/1.1" 200 310 "http://localhost:5173/" "Mozilla/5.0 (Windows NT 10.0; Win64; x64) AppleWebKit/537.36 (KHTML, like Gecko) Chrome/123.0.0.0 Safari/537.36"
2025-10-04T07:50:47.169Z [DEBUG] [req:c0b19a0b-181a-4159-ae23-5b70bf511cd4] [requireAuth] Attempting to authenticate for path: /metrics
2025-10-04T07:50:47.170Z [DEBUG] [req:c0b19a0b-181a-4159-ae23-5b70bf511cd4] [requireAuth] AccessToken from cookies: present
2025-10-04T07:50:47.172Z [DEBUG] [req:c0b19a0b-181a-4159-ae23-5b70bf511cd4] [requireAuth] Authorization header: missing
2025-10-04T07:50:47.177Z [DEBUG] [req:c0b19a0b-181a-4159-ae23-5b70bf511cd4] [requireAuth] Token decoded for userId: 68cf8b9f53809e4ca0436f97
2025-10-04T07:50:47.377Z [DEBUG] [req:c0b19a0b-181a-4159-ae23-5b70bf511cd4] [requireAuth] User SHAH HUSSAIN authenticated.
2025-10-04T07:50:47.378Z [DEBUG] [req:c0b19a0b-181a-4159-ae23-5b70bf511cd4] [requireAuth] Session DgIZ_GlBsNE3gDOCvLZRGGLsFAK7qEGg touched.
2025-10-04T07:50:49.113Z [DEBUG] [req:3cd44ed9-b2af-4ee1-92c0-10c84ec1326a] [requireAuth] Attempting to authenticate for path: /sales-over-time
2025-10-04T07:50:49.114Z [DEBUG] [req:3cd44ed9-b2af-4ee1-92c0-10c84ec1326a] [requireAuth] AccessToken from cookies: present
2025-10-04T07:50:49.116Z [DEBUG] [req:3cd44ed9-b2af-4ee1-92c0-10c84ec1326a] [requireAuth] Authorization header: missing
2025-10-04T07:50:49.121Z [DEBUG] [req:3cd44ed9-b2af-4ee1-92c0-10c84ec1326a] [requireAuth] Token decoded for userId: 68cf8b9f53809e4ca0436f97
2025-10-04T07:50:49.231Z [HTTP] [req:c0b19a0b-181a-4159-ae23-5b70bf511cd4] ::1 - - [04/Oct/2025:07:50:49 +0000] "GET /api/v1/orders/metrics HTTP/1.1" 304 - "http://localhost:5173/" "Mozilla/5.0 (Windows NT 10.0; Win64; x64) AppleWebKit/537.36 (KHTML, like Gecko) Chrome/123.0.0.0 Safari/537.36"
2025-10-04T07:50:49.332Z [DEBUG] [req:3cd44ed9-b2af-4ee1-92c0-10c84ec1326a] [requireAuth] User SHAH HUSSAIN authenticated.
2025-10-04T07:50:49.333Z [DEBUG] [req:3cd44ed9-b2af-4ee1-92c0-10c84ec1326a] [requireAuth] Session DgIZ_GlBsNE3gDOCvLZRGGLsFAK7qEGg touched.
2025-10-04T07:50:49.699Z [DEBUG] [req:8f5f6317-1c32-4a55-8add-57184b5d165e] [requireAuth] Attempting to authenticate for path: /top-selling-products
2025-10-04T07:50:49.700Z [DEBUG] [req:8f5f6317-1c32-4a55-8add-57184b5d165e] [requireAuth] AccessToken from cookies: present
2025-10-04T07:50:49.702Z [DEBUG] [req:8f5f6317-1c32-4a55-8add-57184b5d165e] [requireAuth] Authorization header: missing
2025-10-04T07:50:49.706Z [DEBUG] [req:8f5f6317-1c32-4a55-8add-57184b5d165e] [requireAuth] Token decoded for userId: 68cf8b9f53809e4ca0436f97
2025-10-04T07:50:49.756Z [HTTP] [req:3cd44ed9-b2af-4ee1-92c0-10c84ec1326a] ::1 - - [04/Oct/2025:07:50:49 +0000] "GET /api/v1/orders/sales-over-time?period=30days HTTP/1.1" 304 - "http://localhost:5173/" "Mozilla/5.0 (Windows NT 10.0; Win64; x64) AppleWebKit/537.36 (KHTML, like Gecko) Chrome/123.0.0.0 Safari/537.36"
2025-10-04T07:50:49.928Z [DEBUG] [req:8f5f6317-1c32-4a55-8add-57184b5d165e] [requireAuth] User SHAH HUSSAIN authenticated.
2025-10-04T07:50:49.928Z [DEBUG] [req:8f5f6317-1c32-4a55-8add-57184b5d165e] [requireAuth] Session DgIZ_GlBsNE3gDOCvLZRGGLsFAK7qEGg touched.
2025-10-04T07:50:50.388Z [HTTP] [req:8f5f6317-1c32-4a55-8add-57184b5d165e] ::1 - - [04/Oct/2025:07:50:50 +0000] "GET /api/v1/orders/top-selling-products?limit=5&sortBy=revenue HTTP/1.1" 304 - "http://localhost:5173/" "Mozilla/5.0 (Windows NT 10.0; Win64; x64) AppleWebKit/537.36 (KHTML, like Gecko) Chrome/123.0.0.0 Safari/537.36"
2025-10-04T07:51:04.288Z [HTTP] [req:0979857e-c4d3-471a-9746-5cbfc86162de] ::1 - - [04/Oct/2025:07:51:04 +0000] "GET /api/v1/categories HTTP/1.1" 304 - "http://localhost:5173/" "Mozilla/5.0 (Windows NT 10.0; Win64; x64) AppleWebKit/537.36 (KHTML, like Gecko) Chrome/123.0.0.0 Safari/537.36"
2025-10-04T07:51:04.856Z [HTTP] [req:416e3306-478e-46ad-8b46-b7181c6cf0a2] ::1 - - [04/Oct/2025:07:51:04 +0000] "GET /api/v1/products?page=1&limit=10&sortBy=name-asc HTTP/1.1" 304 - "http://localhost:5173/" "Mozilla/5.0 (Windows NT 10.0; Win64; x64) AppleWebKit/537.36 (KHTML, like Gecko) Chrome/123.0.0.0 Safari/537.36"
2025-10-04T07:51:38.979Z [DEBUG] [req:83f20c36-3e09-4a8b-af5a-1acade2e0420] [requireAuth] Attempting to authenticate for path: /
2025-10-04T07:51:38.979Z [DEBUG] [req:83f20c36-3e09-4a8b-af5a-1acade2e0420] [requireAuth] AccessToken from cookies: present
2025-10-04T07:51:38.981Z [DEBUG] [req:83f20c36-3e09-4a8b-af5a-1acade2e0420] [requireAuth] Authorization header: missing
2025-10-04T07:51:38.983Z [DEBUG] [req:83f20c36-3e09-4a8b-af5a-1acade2e0420] [requireAuth] Token decoded for userId: 68cf8b9f53809e4ca0436f97
2025-10-04T07:51:39.616Z [DEBUG] [req:83f20c36-3e09-4a8b-af5a-1acade2e0420] [requireAuth] User SHAH HUSSAIN authenticated.
2025-10-04T07:51:39.617Z [DEBUG] [req:83f20c36-3e09-4a8b-af5a-1acade2e0420] [requireAuth] Session DgIZ_GlBsNE3gDOCvLZRGGLsFAK7qEGg touched.
2025-10-04T07:51:39.626Z [ERROR] [req:83f20c36-3e09-4a8b-af5a-1acade2e0420] ❌ Path: /api/v1/products | Error: [
  {
    "code": "invalid_type",
    "expected": "string",
    "received": "undefined",
    "path": [
      "name"
    ],
    "message": "Required"
  },
  {
    "code": "invalid_type",
    "expected": "string",
    "received": "undefined",
    "path": [
      "description"
    ],
    "message": "Required"
  },
  {
    "code": "invalid_type",
    "expected": "string",
    "received": "undefined",
    "path": [
      "category"
    ],
    "message": "Required"
  },
  {
    "code": "invalid_type",
    "expected": "array",
    "received": "undefined",
    "path": [
      "imageUrls"
    ],
    "message": "Required"
  }
]
2025-10-04T07:51:40.482Z [HTTP] [req:83f20c36-3e09-4a8b-af5a-1acade2e0420] ::1 - - [04/Oct/2025:07:51:40 +0000] "POST /api/v1/products HTTP/1.1" 400 229 "http://localhost:5173/" "Mozilla/5.0 (Windows NT 10.0; Win64; x64) AppleWebKit/537.36 (KHTML, like Gecko) Chrome/123.0.0.0 Safari/537.36"
2025-10-04T07:57:42.164Z [DEBUG] [req:fcaaca4f-1b93-4308-a476-8ec588108793] [requireAuth] Attempting to authenticate for path: /check-auth
2025-10-04T08:07:25.388Z [DEBUG] [req:fcaaca4f-1b93-4308-a476-8ec588108793] [requireAuth] AccessToken from cookies: present
2025-10-04T08:07:25.388Z [DEBUG] [req:fcaaca4f-1b93-4308-a476-8ec588108793] [requireAuth] Authorization header: missing
2025-10-04T08:07:25.391Z [DEBUG] [req:fcaaca4f-1b93-4308-a476-8ec588108793] [requireAuth] Token decoded for userId: 68cf8b9f53809e4ca0436f97
2025-10-04T08:07:25.576Z [HTTP] [req:N/A] ::1 - - [04/Oct/2025:08:07:25 +0000] "GET /api/v1/auth/check-auth HTTP/1.1" - - "http://localhost:5173/" "Mozilla/5.0 (Linux; Android 6.0; Nexus 5 Build/MRA58N) AppleWebKit/537.36 (KHTML, like Gecko) Chrome/123.0.0.0 Mobile Safari/537.36"
2025-10-04T08:07:25.577Z [HTTP] [req:N/A] ::1 - - [04/Oct/2025:08:07:25 +0000] "GET /api/v1/auth/check-auth HTTP/1.1" - - "http://localhost:5173/" "Mozilla/5.0 (Linux; Android 6.0; Nexus 5 Build/MRA58N) AppleWebKit/537.36 (KHTML, like Gecko) Chrome/123.0.0.0 Mobile Safari/537.36"
2025-10-04T08:07:25.578Z [HTTP] [req:N/A] ::1 - - [04/Oct/2025:08:07:25 +0000] "GET /api/v1/auth/check-auth HTTP/1.1" - - "http://localhost:5173/" "Mozilla/5.0 (Windows NT 10.0; Win64; x64) AppleWebKit/537.36 (KHTML, like Gecko) Chrome/123.0.0.0 Safari/537.36"
2025-10-04T08:07:25.579Z [HTTP] [req:N/A] ::1 - - [04/Oct/2025:08:07:25 +0000] "GET /api/v1/auth/check-auth HTTP/1.1" - - "http://localhost:5173/" "Mozilla/5.0 (Windows NT 10.0; Win64; x64) AppleWebKit/537.36 (KHTML, like Gecko) Chrome/123.0.0.0 Safari/537.36"
2025-10-04T08:07:25.579Z [HTTP] [req:N/A] ::1 - - [04/Oct/2025:08:07:25 +0000] "GET /api/v1/auth/check-auth HTTP/1.1" - - "http://localhost:5173/" "Mozilla/5.0 (Windows NT 10.0; Win64; x64) AppleWebKit/537.36 (KHTML, like Gecko) Chrome/123.0.0.0 Safari/537.36"
2025-10-04T08:07:25.648Z [DEBUG] [req:fcaaca4f-1b93-4308-a476-8ec588108793] [requireAuth] User SHAH HUSSAIN authenticated.
2025-10-04T08:07:25.648Z [DEBUG] [req:fcaaca4f-1b93-4308-a476-8ec588108793] [requireAuth] Session DgIZ_GlBsNE3gDOCvLZRGGLsFAK7qEGg touched.
2025-10-04T08:07:25.807Z [DEBUG] [req:191b8c20-8972-49fd-9ece-269d684d316a] [requireAuth] Attempting to authenticate for path: /check-auth
2025-10-04T08:07:25.807Z [DEBUG] [req:191b8c20-8972-49fd-9ece-269d684d316a] [requireAuth] AccessToken from cookies: present
2025-10-04T08:07:25.809Z [DEBUG] [req:191b8c20-8972-49fd-9ece-269d684d316a] [requireAuth] Authorization header: missing
2025-10-04T08:07:25.811Z [DEBUG] [req:191b8c20-8972-49fd-9ece-269d684d316a] [requireAuth] Token decoded for userId: 68cf8b9f53809e4ca0436f97
2025-10-04T08:07:25.815Z [DEBUG] [req:18f543f6-116f-45f7-9a47-06056667df83] [requireAuth] Attempting to authenticate for path: /check-auth
2025-10-04T08:07:25.816Z [DEBUG] [req:18f543f6-116f-45f7-9a47-06056667df83] [requireAuth] AccessToken from cookies: present
2025-10-04T08:07:25.817Z [DEBUG] [req:18f543f6-116f-45f7-9a47-06056667df83] [requireAuth] Authorization header: missing
2025-10-04T08:07:25.820Z [DEBUG] [req:18f543f6-116f-45f7-9a47-06056667df83] [requireAuth] Token decoded for userId: 68cf8b9f53809e4ca0436f97
2025-10-04T08:07:25.840Z [DEBUG] [req:943f43e3-437c-493e-bc7f-a5b7f803683b] [requireAuth] Attempting to authenticate for path: /check-auth
2025-10-04T08:07:25.841Z [DEBUG] [req:943f43e3-437c-493e-bc7f-a5b7f803683b] [requireAuth] AccessToken from cookies: present
2025-10-04T08:07:25.842Z [DEBUG] [req:943f43e3-437c-493e-bc7f-a5b7f803683b] [requireAuth] Authorization header: missing
2025-10-04T08:07:25.846Z [DEBUG] [req:943f43e3-437c-493e-bc7f-a5b7f803683b] [requireAuth] Token decoded for userId: 68cf8b9f53809e4ca0436f97
2025-10-04T08:07:25.981Z [DEBUG] [req:191b8c20-8972-49fd-9ece-269d684d316a] [requireAuth] User SHAH HUSSAIN authenticated.
2025-10-04T08:07:25.982Z [DEBUG] [req:191b8c20-8972-49fd-9ece-269d684d316a] [requireAuth] Session DgIZ_GlBsNE3gDOCvLZRGGLsFAK7qEGg touched.
2025-10-04T08:07:25.987Z [DEBUG] [req:18f543f6-116f-45f7-9a47-06056667df83] [requireAuth] User SHAH HUSSAIN authenticated.
2025-10-04T08:07:25.987Z [DEBUG] [req:18f543f6-116f-45f7-9a47-06056667df83] [requireAuth] Session DgIZ_GlBsNE3gDOCvLZRGGLsFAK7qEGg touched.
2025-10-04T08:07:26.011Z [DEBUG] [req:943f43e3-437c-493e-bc7f-a5b7f803683b] [requireAuth] User SHAH HUSSAIN authenticated.
2025-10-04T08:07:26.012Z [DEBUG] [req:943f43e3-437c-493e-bc7f-a5b7f803683b] [requireAuth] Session DgIZ_GlBsNE3gDOCvLZRGGLsFAK7qEGg touched.
2025-10-04T08:07:27.223Z [DEBUG] [req:3e672d44-fc15-48eb-9c46-fdc76904e557] [requireAuth] Attempting to authenticate for path: /check-auth
2025-10-04T08:07:27.224Z [DEBUG] [req:3e672d44-fc15-48eb-9c46-fdc76904e557] [requireAuth] AccessToken from cookies: present
2025-10-04T08:07:27.225Z [DEBUG] [req:3e672d44-fc15-48eb-9c46-fdc76904e557] [requireAuth] Authorization header: missing
2025-10-04T08:07:27.228Z [DEBUG] [req:3e672d44-fc15-48eb-9c46-fdc76904e557] [requireAuth] Token decoded for userId: 68cf8b9f53809e4ca0436f97
2025-10-04T08:07:27.265Z [DEBUG] [req:9bf994d1-2bfb-4e2d-8000-225c90aa8401] [requireAuth] Attempting to authenticate for path: /check-auth
2025-10-04T08:07:27.266Z [DEBUG] [req:9bf994d1-2bfb-4e2d-8000-225c90aa8401] [requireAuth] AccessToken from cookies: present
2025-10-04T08:07:27.267Z [DEBUG] [req:9bf994d1-2bfb-4e2d-8000-225c90aa8401] [requireAuth] Authorization header: missing
2025-10-04T08:07:27.270Z [DEBUG] [req:9bf994d1-2bfb-4e2d-8000-225c90aa8401] [requireAuth] Token decoded for userId: 68cf8b9f53809e4ca0436f97
2025-10-04T08:07:27.396Z [DEBUG] [req:3e672d44-fc15-48eb-9c46-fdc76904e557] [requireAuth] User SHAH HUSSAIN authenticated.
2025-10-04T08:07:27.396Z [DEBUG] [req:3e672d44-fc15-48eb-9c46-fdc76904e557] [requireAuth] Session DgIZ_GlBsNE3gDOCvLZRGGLsFAK7qEGg touched.
2025-10-04T08:07:27.440Z [DEBUG] [req:9bf994d1-2bfb-4e2d-8000-225c90aa8401] [requireAuth] User SHAH HUSSAIN authenticated.
2025-10-04T08:07:27.441Z [DEBUG] [req:9bf994d1-2bfb-4e2d-8000-225c90aa8401] [requireAuth] Session DgIZ_GlBsNE3gDOCvLZRGGLsFAK7qEGg touched.
2025-10-04T08:07:27.574Z [HTTP] [req:3e672d44-fc15-48eb-9c46-fdc76904e557] ::1 - - [04/Oct/2025:08:07:27 +0000] "GET /api/v1/auth/check-auth HTTP/1.1" 200 310 "http://localhost:5173/" "Mozilla/5.0 (Windows NT 10.0; Win64; x64) AppleWebKit/537.36 (KHTML, like Gecko) Chrome/123.0.0.0 Safari/537.36"
2025-10-04T08:07:27.790Z [DEBUG] [req:e33fac5e-bfc6-4446-9587-4716d203e38c] [requireAuth] Attempting to authenticate for path: /metrics
2025-10-04T08:07:27.791Z [DEBUG] [req:e33fac5e-bfc6-4446-9587-4716d203e38c] [requireAuth] AccessToken from cookies: present
2025-10-04T08:07:27.792Z [DEBUG] [req:e33fac5e-bfc6-4446-9587-4716d203e38c] [requireAuth] Authorization header: missing
2025-10-04T08:07:27.794Z [DEBUG] [req:e33fac5e-bfc6-4446-9587-4716d203e38c] [requireAuth] Token decoded for userId: 68cf8b9f53809e4ca0436f97
2025-10-04T08:07:27.798Z [DEBUG] [req:214b7dea-ea0c-40b6-ad14-eaa3cf4dfdeb] [requireAuth] Attempting to authenticate for path: /sales-over-time
2025-10-04T08:07:27.799Z [DEBUG] [req:214b7dea-ea0c-40b6-ad14-eaa3cf4dfdeb] [requireAuth] AccessToken from cookies: present
2025-10-04T08:07:27.800Z [DEBUG] [req:214b7dea-ea0c-40b6-ad14-eaa3cf4dfdeb] [requireAuth] Authorization header: missing
2025-10-04T08:07:27.802Z [DEBUG] [req:214b7dea-ea0c-40b6-ad14-eaa3cf4dfdeb] [requireAuth] Token decoded for userId: 68cf8b9f53809e4ca0436f97
2025-10-04T08:07:27.879Z [DEBUG] [req:9fd9489e-d840-4f0f-ab10-6d81401b65a6] [requireAuth] Attempting to authenticate for path: /top-selling-products
2025-10-04T08:07:27.880Z [DEBUG] [req:9fd9489e-d840-4f0f-ab10-6d81401b65a6] [requireAuth] AccessToken from cookies: present
2025-10-04T08:07:27.880Z [DEBUG] [req:9fd9489e-d840-4f0f-ab10-6d81401b65a6] [requireAuth] Authorization header: missing
2025-10-04T08:07:27.883Z [DEBUG] [req:9fd9489e-d840-4f0f-ab10-6d81401b65a6] [requireAuth] Token decoded for userId: 68cf8b9f53809e4ca0436f97
2025-10-04T08:07:27.959Z [DEBUG] [req:e33fac5e-bfc6-4446-9587-4716d203e38c] [requireAuth] User SHAH HUSSAIN authenticated.
2025-10-04T08:07:27.959Z [DEBUG] [req:e33fac5e-bfc6-4446-9587-4716d203e38c] [requireAuth] Session DgIZ_GlBsNE3gDOCvLZRGGLsFAK7qEGg touched.
2025-10-04T08:07:27.968Z [DEBUG] [req:214b7dea-ea0c-40b6-ad14-eaa3cf4dfdeb] [requireAuth] User SHAH HUSSAIN authenticated.
2025-10-04T08:07:27.969Z [DEBUG] [req:214b7dea-ea0c-40b6-ad14-eaa3cf4dfdeb] [requireAuth] Session DgIZ_GlBsNE3gDOCvLZRGGLsFAK7qEGg touched.
2025-10-04T08:07:28.052Z [DEBUG] [req:9fd9489e-d840-4f0f-ab10-6d81401b65a6] [requireAuth] User SHAH HUSSAIN authenticated.
2025-10-04T08:07:28.053Z [DEBUG] [req:9fd9489e-d840-4f0f-ab10-6d81401b65a6] [requireAuth] Session DgIZ_GlBsNE3gDOCvLZRGGLsFAK7qEGg touched.
2025-10-04T08:07:28.398Z [HTTP] [req:214b7dea-ea0c-40b6-ad14-eaa3cf4dfdeb] ::1 - - [04/Oct/2025:08:07:28 +0000] "GET /api/v1/orders/sales-over-time?period=30days HTTP/1.1" 304 - "http://localhost:5173/" "Mozilla/5.0 (Windows NT 10.0; Win64; x64) AppleWebKit/537.36 (KHTML, like Gecko) Chrome/123.0.0.0 Safari/537.36"
2025-10-04T08:07:28.416Z [HTTP] [req:9fd9489e-d840-4f0f-ab10-6d81401b65a6] ::1 - - [04/Oct/2025:08:07:28 +0000] "GET /api/v1/orders/top-selling-products?limit=5&sortBy=revenue HTTP/1.1" 304 - "http://localhost:5173/" "Mozilla/5.0 (Windows NT 10.0; Win64; x64) AppleWebKit/537.36 (KHTML, like Gecko) Chrome/123.0.0.0 Safari/537.36"
2025-10-04T08:07:29.735Z [HTTP] [req:e33fac5e-bfc6-4446-9587-4716d203e38c] ::1 - - [04/Oct/2025:08:07:29 +0000] "GET /api/v1/orders/metrics HTTP/1.1" 200 3401 "http://localhost:5173/" "Mozilla/5.0 (Windows NT 10.0; Win64; x64) AppleWebKit/537.36 (KHTML, like Gecko) Chrome/123.0.0.0 Safari/537.36"
2025-10-04T08:14:35.121Z [DEBUG] [req:dbebecc9-9036-44cd-8e74-b7faa86f18b1] [requireAuth] Attempting to authenticate for path: /check-auth
2025-10-04T08:14:35.143Z [DEBUG] [req:dbebecc9-9036-44cd-8e74-b7faa86f18b1] [requireAuth] AccessToken from cookies: present
2025-10-04T08:14:35.145Z [DEBUG] [req:dbebecc9-9036-44cd-8e74-b7faa86f18b1] [requireAuth] Authorization header: missing
2025-10-04T08:14:35.147Z [DEBUG] [req:dbebecc9-9036-44cd-8e74-b7faa86f18b1] [requireAuth] Token decoded for userId: 68cf8b9f53809e4ca0436f97
2025-10-04T08:14:35.312Z [DEBUG] [req:dbebecc9-9036-44cd-8e74-b7faa86f18b1] [requireAuth] User SHAH HUSSAIN authenticated.
2025-10-04T08:14:35.312Z [DEBUG] [req:dbebecc9-9036-44cd-8e74-b7faa86f18b1] [requireAuth] Session DgIZ_GlBsNE3gDOCvLZRGGLsFAK7qEGg touched.
2025-10-04T08:14:35.498Z [HTTP] [req:dbebecc9-9036-44cd-8e74-b7faa86f18b1] ::1 - - [04/Oct/2025:08:14:35 +0000] "GET /api/v1/auth/check-auth HTTP/1.1" 304 - "http://localhost:5173/" "Mozilla/5.0 (Linux; Android 6.0; Nexus 5 Build/MRA58N) AppleWebKit/537.36 (KHTML, like Gecko) Chrome/123.0.0.0 Mobile Safari/537.36"
2025-10-04T08:16:06.544Z [HTTP] [req:29ede510-1fd7-4c7e-918e-58420c1c140d] ::1 - - [04/Oct/2025:08:16:06 +0000] "GET /api/v1/categories HTTP/1.1" 304 - "http://localhost:5173/" "Mozilla/5.0 (Linux; Android 6.0; Nexus 5 Build/MRA58N) AppleWebKit/537.36 (KHTML, like Gecko) Chrome/123.0.0.0 Mobile Safari/537.36"
2025-10-04T08:16:06.989Z [HTTP] [req:21fd414c-18ee-47b5-8dc7-7a5449459580] ::1 - - [04/Oct/2025:08:16:06 +0000] "GET /api/v1/products?page=1&limit=10&sortBy=name-asc HTTP/1.1" 304 - "http://localhost:5173/" "Mozilla/5.0 (Linux; Android 6.0; Nexus 5 Build/MRA58N) AppleWebKit/537.36 (KHTML, like Gecko) Chrome/123.0.0.0 Mobile Safari/537.36"
2025-10-04T08:20:55.132Z [DEBUG] [req:4d55b6ef-1060-4a6a-b7bf-ab476ae1bff3] [requireAuth] Attempting to authenticate for path: /check-auth
2025-10-04T08:20:55.132Z [DEBUG] [req:4d55b6ef-1060-4a6a-b7bf-ab476ae1bff3] [requireAuth] AccessToken from cookies: present
2025-10-04T08:20:55.133Z [DEBUG] [req:4d55b6ef-1060-4a6a-b7bf-ab476ae1bff3] [requireAuth] Authorization header: missing
2025-10-04T08:20:55.135Z [DEBUG] [req:4d55b6ef-1060-4a6a-b7bf-ab476ae1bff3] [requireAuth] Token decoded for userId: 68cf8b9f53809e4ca0436f97
2025-10-04T08:20:55.340Z [DEBUG] [req:4d55b6ef-1060-4a6a-b7bf-ab476ae1bff3] [requireAuth] User SHAH HUSSAIN authenticated.
2025-10-04T08:20:55.364Z [DEBUG] [req:4d55b6ef-1060-4a6a-b7bf-ab476ae1bff3] [requireAuth] Session DgIZ_GlBsNE3gDOCvLZRGGLsFAK7qEGg touched.
2025-10-04T08:20:55.641Z [HTTP] [req:4d55b6ef-1060-4a6a-b7bf-ab476ae1bff3] ::1 - - [04/Oct/2025:08:20:55 +0000] "GET /api/v1/auth/check-auth HTTP/1.1" 304 - "http://localhost:5173/" "Mozilla/5.0 (Linux; Android 6.0; Nexus 5 Build/MRA58N) AppleWebKit/537.36 (KHTML, like Gecko) Chrome/123.0.0.0 Mobile Safari/537.36"
2025-10-04T08:28:08.257Z [DEBUG] [req:5d784ed5-417f-4e07-8010-8e4bfdb60794] [requireAuth] Attempting to authenticate for path: /check-auth
2025-10-04T08:28:08.258Z [DEBUG] [req:5d784ed5-417f-4e07-8010-8e4bfdb60794] [requireAuth] AccessToken from cookies: present
2025-10-04T08:28:08.259Z [DEBUG] [req:5d784ed5-417f-4e07-8010-8e4bfdb60794] [requireAuth] Authorization header: missing
2025-10-04T08:28:08.261Z [DEBUG] [req:5d784ed5-417f-4e07-8010-8e4bfdb60794] [requireAuth] Token decoded for userId: 68cf8b9f53809e4ca0436f97
2025-10-04T08:28:08.526Z [DEBUG] [req:5d784ed5-417f-4e07-8010-8e4bfdb60794] [requireAuth] User SHAH HUSSAIN authenticated.
2025-10-04T08:28:08.527Z [DEBUG] [req:5d784ed5-417f-4e07-8010-8e4bfdb60794] [requireAuth] Session DgIZ_GlBsNE3gDOCvLZRGGLsFAK7qEGg touched.
2025-10-04T08:28:08.837Z [HTTP] [req:5d784ed5-417f-4e07-8010-8e4bfdb60794] ::1 - - [04/Oct/2025:08:28:08 +0000] "GET /api/v1/auth/check-auth HTTP/1.1" 304 - "http://localhost:5173/" "Mozilla/5.0 (Linux; Android 6.0; Nexus 5 Build/MRA58N) AppleWebKit/537.36 (KHTML, like Gecko) Chrome/123.0.0.0 Mobile Safari/537.36"
2025-10-04T08:28:09.713Z [HTTP] [req:4142a598-35fe-4350-a15e-298b616b4a9a] ::1 - - [04/Oct/2025:08:28:09 +0000] "GET /api/v1/categories HTTP/1.1" 304 - "http://localhost:5173/" "Mozilla/5.0 (Linux; Android 6.0; Nexus 5 Build/MRA58N) AppleWebKit/537.36 (KHTML, like Gecko) Chrome/123.0.0.0 Mobile Safari/537.36"
2025-10-04T08:28:10.046Z [HTTP] [req:41ab139f-b4d7-446f-88f5-a95229c2f47a] ::1 - - [04/Oct/2025:08:28:10 +0000] "GET /api/v1/products?page=1&limit=10&sortBy=name-asc HTTP/1.1" 304 - "http://localhost:5173/" "Mozilla/5.0 (Linux; Android 6.0; Nexus 5 Build/MRA58N) AppleWebKit/537.36 (KHTML, like Gecko) Chrome/123.0.0.0 Mobile Safari/537.36"
2025-10-04T08:28:33.876Z [HTTP] [req:5ed7ef4d-0b0c-4e24-a473-a76d9cdcddb7] ::1 - - [04/Oct/2025:08:28:33 +0000] "GET /api/v1/products?page=1&limit=10&categories=Accessories&sortBy=name-asc HTTP/1.1" 200 4309 "http://localhost:5173/" "Mozilla/5.0 (Windows NT 10.0; Win64; x64) AppleWebKit/537.36 (KHTML, like Gecko) Chrome/123.0.0.0 Safari/537.36"
2025-10-04T08:28:58.993Z [HTTP] [req:178a4148-f3ce-4df6-a308-4ce36d53db3a] ::1 - - [04/Oct/2025:08:28:58 +0000] "OPTIONS /api/v1/products/68cf8b4953809e4ca0436f22 HTTP/1.1" 204 0 "http://localhost:5173/" "Mozilla/5.0 (Windows NT 10.0; Win64; x64) AppleWebKit/537.36 (KHTML, like Gecko) Chrome/123.0.0.0 Safari/537.36"
2025-10-04T08:28:59.347Z [DEBUG] [req:e9f898c3-1d50-4b07-aa61-e368d9d3fd9a] [requireAuth] Attempting to authenticate for path: /68cf8b4953809e4ca0436f22
2025-10-04T08:28:59.348Z [DEBUG] [req:e9f898c3-1d50-4b07-aa61-e368d9d3fd9a] [requireAuth] AccessToken from cookies: present
2025-10-04T08:28:59.350Z [DEBUG] [req:e9f898c3-1d50-4b07-aa61-e368d9d3fd9a] [requireAuth] Authorization header: missing
2025-10-04T08:28:59.354Z [DEBUG] [req:e9f898c3-1d50-4b07-aa61-e368d9d3fd9a] [requireAuth] Token decoded for userId: 68cf8b9f53809e4ca0436f97
2025-10-04T08:28:59.603Z [DEBUG] [req:e9f898c3-1d50-4b07-aa61-e368d9d3fd9a] [requireAuth] User SHAH HUSSAIN authenticated.
2025-10-04T08:28:59.604Z [DEBUG] [req:e9f898c3-1d50-4b07-aa61-e368d9d3fd9a] [requireAuth] Session DgIZ_GlBsNE3gDOCvLZRGGLsFAK7qEGg touched.
2025-10-04T08:28:59.606Z [ERROR] [req:e9f898c3-1d50-4b07-aa61-e368d9d3fd9a] ❌ Path: /api/v1/products/68cf8b4953809e4ca0436f22 | Error: [
  {
    "code": "invalid_type",
    "expected": "boolean",
    "received": "string",
    "path": [
      "isFeatured"
    ],
    "message": "Expected boolean, received string"
  },
  {
    "code": "invalid_type",
    "expected": "array",
    "received": "string",
    "path": [
      "variants"
    ],
    "message": "Expected array, received string"
  }
]
2025-10-04T08:28:59.955Z [HTTP] [req:e9f898c3-1d50-4b07-aa61-e368d9d3fd9a] ::1 - - [04/Oct/2025:08:28:59 +0000] "PUT /api/v1/products/68cf8b4953809e4ca0436f22 HTTP/1.1" 400 193 "http://localhost:5173/" "Mozilla/5.0 (Windows NT 10.0; Win64; x64) AppleWebKit/537.36 (KHTML, like Gecko) Chrome/123.0.0.0 Safari/537.36"
2025-10-04T08:29:00.786Z [DEBUG] [req:475345c8-146f-44ef-bd31-f953eb59b4aa] [requireAuth] Attempting to authenticate for path: /68cf8b4953809e4ca0436f22
2025-10-04T08:29:00.786Z [DEBUG] [req:475345c8-146f-44ef-bd31-f953eb59b4aa] [requireAuth] AccessToken from cookies: present
2025-10-04T08:29:00.787Z [DEBUG] [req:475345c8-146f-44ef-bd31-f953eb59b4aa] [requireAuth] Authorization header: missing
2025-10-04T08:29:00.789Z [DEBUG] [req:475345c8-146f-44ef-bd31-f953eb59b4aa] [requireAuth] Token decoded for userId: 68cf8b9f53809e4ca0436f97
2025-10-04T08:29:01.505Z [DEBUG] [req:475345c8-146f-44ef-bd31-f953eb59b4aa] [requireAuth] User SHAH HUSSAIN authenticated.
2025-10-04T08:29:01.506Z [DEBUG] [req:475345c8-146f-44ef-bd31-f953eb59b4aa] [requireAuth] Session DgIZ_GlBsNE3gDOCvLZRGGLsFAK7qEGg touched.
2025-10-04T08:29:01.509Z [ERROR] [req:475345c8-146f-44ef-bd31-f953eb59b4aa] ❌ Path: /api/v1/products/68cf8b4953809e4ca0436f22 | Error: [
  {
    "code": "invalid_type",
    "expected": "boolean",
    "received": "string",
    "path": [
      "isFeatured"
    ],
    "message": "Expected boolean, received string"
  },
  {
    "code": "invalid_type",
    "expected": "array",
    "received": "string",
    "path": [
      "variants"
    ],
    "message": "Expected array, received string"
  }
]
2025-10-04T08:29:01.762Z [DEBUG] [req:70fdff47-d222-409f-96dc-d5d531909ab8] [requireAuth] Attempting to authenticate for path: /68cf8b4953809e4ca0436f22
2025-10-04T08:29:01.763Z [DEBUG] [req:70fdff47-d222-409f-96dc-d5d531909ab8] [requireAuth] AccessToken from cookies: present
2025-10-04T08:29:01.764Z [DEBUG] [req:70fdff47-d222-409f-96dc-d5d531909ab8] [requireAuth] Authorization header: missing
2025-10-04T08:29:01.765Z [DEBUG] [req:70fdff47-d222-409f-96dc-d5d531909ab8] [requireAuth] Token decoded for userId: 68cf8b9f53809e4ca0436f97
2025-10-04T08:29:01.849Z [HTTP] [req:475345c8-146f-44ef-bd31-f953eb59b4aa] ::1 - - [04/Oct/2025:08:29:01 +0000] "PUT /api/v1/products/68cf8b4953809e4ca0436f22 HTTP/1.1" 400 193 "http://localhost:5173/" "Mozilla/5.0 (Windows NT 10.0; Win64; x64) AppleWebKit/537.36 (KHTML, like Gecko) Chrome/123.0.0.0 Safari/537.36"
2025-10-04T08:29:02.004Z [DEBUG] [req:70fdff47-d222-409f-96dc-d5d531909ab8] [requireAuth] User SHAH HUSSAIN authenticated.
2025-10-04T08:29:02.005Z [DEBUG] [req:70fdff47-d222-409f-96dc-d5d531909ab8] [requireAuth] Session DgIZ_GlBsNE3gDOCvLZRGGLsFAK7qEGg touched.
2025-10-04T08:29:02.007Z [ERROR] [req:70fdff47-d222-409f-96dc-d5d531909ab8] ❌ Path: /api/v1/products/68cf8b4953809e4ca0436f22 | Error: [
  {
    "code": "invalid_type",
    "expected": "boolean",
    "received": "string",
    "path": [
      "isFeatured"
    ],
    "message": "Expected boolean, received string"
  },
  {
    "code": "invalid_type",
    "expected": "array",
    "received": "string",
    "path": [
      "variants"
    ],
    "message": "Expected array, received string"
  }
]
2025-10-04T08:29:02.138Z [HTTP] [req:1bb9e6e9-4fdb-4319-b08b-c8d03ccb5eca] ::1 - - [04/Oct/2025:08:29:02 +0000] "GET /api/v1/products?page=1&limit=10&sortBy=name-asc HTTP/1.1" 304 - "http://localhost:5173/" "Mozilla/5.0 (Windows NT 10.0; Win64; x64) AppleWebKit/537.36 (KHTML, like Gecko) Chrome/123.0.0.0 Safari/537.36"
2025-10-04T08:29:02.353Z [HTTP] [req:70fdff47-d222-409f-96dc-d5d531909ab8] ::1 - - [04/Oct/2025:08:29:02 +0000] "PUT /api/v1/products/68cf8b4953809e4ca0436f22 HTTP/1.1" 400 193 "http://localhost:5173/" "Mozilla/5.0 (Windows NT 10.0; Win64; x64) AppleWebKit/537.36 (KHTML, like Gecko) Chrome/123.0.0.0 Safari/537.36"
2025-10-04T08:29:03.126Z [HTTP] [req:72031336-8303-4630-9328-5f4c7cc2394c] ::1 - - [04/Oct/2025:08:29:03 +0000] "GET /api/v1/products?page=1&limit=10&sortBy=name-asc HTTP/1.1" 304 - "http://localhost:5173/" "Mozilla/5.0 (Windows NT 10.0; Win64; x64) AppleWebKit/537.36 (KHTML, like Gecko) Chrome/123.0.0.0 Safari/537.36"
2025-10-04T08:29:04.481Z [HTTP] [req:331224cf-2854-40be-abf6-c7294a86e067] ::1 - - [04/Oct/2025:08:29:04 +0000] "GET /api/v1/products?page=1&limit=10&sortBy=name-asc HTTP/1.1" 304 - "http://localhost:5173/" "Mozilla/5.0 (Windows NT 10.0; Win64; x64) AppleWebKit/537.36 (KHTML, like Gecko) Chrome/123.0.0.0 Safari/537.36"
2025-10-04T08:31:17.900Z [HTTP] [req:5ce4ef80-7ffc-4c2c-9d3f-6871506813bb] ::1 - - [04/Oct/2025:08:31:17 +0000] "OPTIONS /api/v1/products/68cf8b4953809e4ca0436f22 HTTP/1.1" 204 0 "http://localhost:5173/" "Mozilla/5.0 (Windows NT 10.0; Win64; x64) AppleWebKit/537.36 (KHTML, like Gecko) Chrome/123.0.0.0 Safari/537.36"
2025-10-04T08:31:18.813Z [DEBUG] [req:0c416c2d-57e4-479f-ab01-e63db142b21c] [requireAuth] Attempting to authenticate for path: /68cf8b4953809e4ca0436f22
2025-10-04T08:31:18.814Z [DEBUG] [req:0c416c2d-57e4-479f-ab01-e63db142b21c] [requireAuth] AccessToken from cookies: present
2025-10-04T08:31:18.815Z [DEBUG] [req:0c416c2d-57e4-479f-ab01-e63db142b21c] [requireAuth] Authorization header: missing
2025-10-04T08:31:18.819Z [DEBUG] [req:0c416c2d-57e4-479f-ab01-e63db142b21c] [requireAuth] Token decoded for userId: 68cf8b9f53809e4ca0436f97
2025-10-04T08:31:19.091Z [DEBUG] [req:0c416c2d-57e4-479f-ab01-e63db142b21c] [requireAuth] User SHAH HUSSAIN authenticated.
2025-10-04T08:31:19.091Z [DEBUG] [req:0c416c2d-57e4-479f-ab01-e63db142b21c] [requireAuth] Session DgIZ_GlBsNE3gDOCvLZRGGLsFAK7qEGg touched.
2025-10-04T08:31:19.093Z [ERROR] [req:0c416c2d-57e4-479f-ab01-e63db142b21c] ❌ Path: /api/v1/products/68cf8b4953809e4ca0436f22 | Error: [
  {
    "code": "invalid_type",
    "expected": "boolean",
    "received": "string",
    "path": [
      "isFeatured"
    ],
    "message": "Expected boolean, received string"
  },
  {
    "code": "invalid_type",
    "expected": "array",
    "received": "string",
    "path": [
      "variants"
    ],
    "message": "Expected array, received string"
  }
]
2025-10-04T08:31:19.167Z [DEBUG] [req:794866e6-d89a-403b-ba4b-082a0a8ea588] [requireAuth] Attempting to authenticate for path: /68cf8b4953809e4ca0436f22
2025-10-04T08:31:19.168Z [DEBUG] [req:794866e6-d89a-403b-ba4b-082a0a8ea588] [requireAuth] AccessToken from cookies: present
2025-10-04T08:31:19.169Z [DEBUG] [req:794866e6-d89a-403b-ba4b-082a0a8ea588] [requireAuth] Authorization header: missing
2025-10-04T08:31:19.170Z [DEBUG] [req:794866e6-d89a-403b-ba4b-082a0a8ea588] [requireAuth] Token decoded for userId: 68cf8b9f53809e4ca0436f97
2025-10-04T08:31:19.411Z [DEBUG] [req:794866e6-d89a-403b-ba4b-082a0a8ea588] [requireAuth] User SHAH HUSSAIN authenticated.
2025-10-04T08:31:19.412Z [DEBUG] [req:794866e6-d89a-403b-ba4b-082a0a8ea588] [requireAuth] Session DgIZ_GlBsNE3gDOCvLZRGGLsFAK7qEGg touched.
2025-10-04T08:31:19.414Z [ERROR] [req:794866e6-d89a-403b-ba4b-082a0a8ea588] ❌ Path: /api/v1/products/68cf8b4953809e4ca0436f22 | Error: [
  {
    "code": "invalid_type",
    "expected": "boolean",
    "received": "string",
    "path": [
      "isFeatured"
    ],
    "message": "Expected boolean, received string"
  },
  {
    "code": "invalid_type",
    "expected": "array",
    "received": "string",
    "path": [
      "variants"
    ],
    "message": "Expected array, received string"
  }
]
2025-10-04T08:31:19.435Z [HTTP] [req:0c416c2d-57e4-479f-ab01-e63db142b21c] ::1 - - [04/Oct/2025:08:31:19 +0000] "PUT /api/v1/products/68cf8b4953809e4ca0436f22 HTTP/1.1" 400 193 "http://localhost:5173/" "Mozilla/5.0 (Windows NT 10.0; Win64; x64) AppleWebKit/537.36 (KHTML, like Gecko) Chrome/123.0.0.0 Safari/537.36"
2025-10-04T08:31:19.889Z [DEBUG] [req:949f5c0f-e8b4-416b-b7d4-4d06ac8fe490] [requireAuth] Attempting to authenticate for path: /68cf8b4953809e4ca0436f22
2025-10-04T08:31:19.890Z [DEBUG] [req:949f5c0f-e8b4-416b-b7d4-4d06ac8fe490] [requireAuth] AccessToken from cookies: present
2025-10-04T08:31:19.891Z [DEBUG] [req:949f5c0f-e8b4-416b-b7d4-4d06ac8fe490] [requireAuth] Authorization header: missing
2025-10-04T08:31:19.893Z [DEBUG] [req:949f5c0f-e8b4-416b-b7d4-4d06ac8fe490] [requireAuth] Token decoded for userId: 68cf8b9f53809e4ca0436f97
2025-10-04T08:31:20.293Z [HTTP] [req:794866e6-d89a-403b-ba4b-082a0a8ea588] ::1 - - [04/Oct/2025:08:31:20 +0000] "PUT /api/v1/products/68cf8b4953809e4ca0436f22 HTTP/1.1" 400 193 "http://localhost:5173/" "Mozilla/5.0 (Windows NT 10.0; Win64; x64) AppleWebKit/537.36 (KHTML, like Gecko) Chrome/123.0.0.0 Safari/537.36"
2025-10-04T08:31:24.006Z [DEBUG] [req:949f5c0f-e8b4-416b-b7d4-4d06ac8fe490] [requireAuth] User SHAH HUSSAIN authenticated.
2025-10-04T08:31:24.007Z [DEBUG] [req:949f5c0f-e8b4-416b-b7d4-4d06ac8fe490] [requireAuth] Session DgIZ_GlBsNE3gDOCvLZRGGLsFAK7qEGg touched.
2025-10-04T08:31:24.009Z [ERROR] [req:949f5c0f-e8b4-416b-b7d4-4d06ac8fe490] ❌ Path: /api/v1/products/68cf8b4953809e4ca0436f22 | Error: [
  {
    "code": "invalid_type",
    "expected": "boolean",
    "received": "string",
    "path": [
      "isFeatured"
    ],
    "message": "Expected boolean, received string"
  },
  {
    "code": "invalid_type",
    "expected": "array",
    "received": "string",
    "path": [
      "variants"
    ],
    "message": "Expected array, received string"
  }
]
2025-10-04T08:31:25.224Z [HTTP] [req:949f5c0f-e8b4-416b-b7d4-4d06ac8fe490] ::1 - - [04/Oct/2025:08:31:25 +0000] "PUT /api/v1/products/68cf8b4953809e4ca0436f22 HTTP/1.1" 400 193 "http://localhost:5173/" "Mozilla/5.0 (Windows NT 10.0; Win64; x64) AppleWebKit/537.36 (KHTML, like Gecko) Chrome/123.0.0.0 Safari/537.36"
2025-10-04T08:31:26.662Z [HTTP] [req:051663fd-5bb6-40dd-bacf-59976d157326] ::1 - - [04/Oct/2025:08:31:26 +0000] "GET /api/v1/products?page=1&limit=10&sortBy=name-asc HTTP/1.1" 304 - "http://localhost:5173/" "Mozilla/5.0 (Windows NT 10.0; Win64; x64) AppleWebKit/537.36 (KHTML, like Gecko) Chrome/123.0.0.0 Safari/537.36"
2025-10-04T08:31:27.462Z [HTTP] [req:85385e73-d9f2-4921-b35f-7277776e618a] ::1 - - [04/Oct/2025:08:31:27 +0000] "GET /api/v1/products?page=1&limit=10&sortBy=name-asc HTTP/1.1" 304 - "http://localhost:5173/" "Mozilla/5.0 (Windows NT 10.0; Win64; x64) AppleWebKit/537.36 (KHTML, like Gecko) Chrome/123.0.0.0 Safari/537.36"
2025-10-04T08:31:28.853Z [HTTP] [req:b5f8d41b-6b75-4ba3-af4b-fdd68f3ca4f8] ::1 - - [04/Oct/2025:08:31:28 +0000] "GET /api/v1/products?page=1&limit=10&sortBy=name-asc HTTP/1.1" 304 - "http://localhost:5173/" "Mozilla/5.0 (Windows NT 10.0; Win64; x64) AppleWebKit/537.36 (KHTML, like Gecko) Chrome/123.0.0.0 Safari/537.36"
2025-10-04T08:33:08.181Z [DEBUG] [req:N/A] Running in development mode
2025-10-04T08:33:13.183Z [INFO] [req:N/A] MongoClient connected for sessions.
2025-10-04T08:33:18.235Z [INFO] [req:N/A] ✅ Mongoose connected to DB
2025-10-04T08:33:18.239Z [INFO] [req:N/A] 📦 MongoDB Connected: cluster0-shard-00-00.oissf.mongodb.net
2025-10-04T08:33:21.484Z [INFO] [req:N/A] 42 products already exist in the database. Skipping product seeding.
2025-10-04T08:33:22.353Z [INFO] [req:N/A] 6 categories already exist in the database. Skipping category seeding.
2025-10-04T08:33:24.147Z [INFO] [req:N/A] Order number counter already exists, current sequence: 1003
2025-10-04T08:33:24.150Z [INFO] [req:N/A] 🚀 Server running in development mode on port 3001
2025-10-04T08:33:24.151Z [DEBUG] [req:N/A] http://localhost:3001
2025-10-04T08:33:36.501Z [HTTP] [req:3894db75-c8fe-4a42-8a3c-7c53658e327b] ::1 - - [04/Oct/2025:08:33:36 +0000] "OPTIONS /api/v1/products/68cf8b4953809e4ca0436f22 HTTP/1.1" 204 0 "http://localhost:5173/" "Mozilla/5.0 (Windows NT 10.0; Win64; x64) AppleWebKit/537.36 (KHTML, like Gecko) Chrome/123.0.0.0 Safari/537.36"
2025-10-04T08:33:39.084Z [DEBUG] [req:9f9a1c35-a353-45ee-85a8-7f264e60e818] [requireAuth] Attempting to authenticate for path: /68cf8b4953809e4ca0436f22
2025-10-04T08:33:39.084Z [DEBUG] [req:9f9a1c35-a353-45ee-85a8-7f264e60e818] [requireAuth] AccessToken from cookies: present
2025-10-04T08:33:39.086Z [DEBUG] [req:9f9a1c35-a353-45ee-85a8-7f264e60e818] [requireAuth] Authorization header: missing
2025-10-04T08:33:39.090Z [DEBUG] [req:9f9a1c35-a353-45ee-85a8-7f264e60e818] [requireAuth] Token decoded for userId: 68cf8b9f53809e4ca0436f97
2025-10-04T08:33:39.494Z [DEBUG] [req:9f9a1c35-a353-45ee-85a8-7f264e60e818] [requireAuth] User SHAH HUSSAIN authenticated.
2025-10-04T08:33:39.495Z [DEBUG] [req:9f9a1c35-a353-45ee-85a8-7f264e60e818] [requireAuth] Session DgIZ_GlBsNE3gDOCvLZRGGLsFAK7qEGg touched.
2025-10-04T08:33:39.502Z [ERROR] [req:9f9a1c35-a353-45ee-85a8-7f264e60e818] ❌ Path: /api/v1/products/68cf8b4953809e4ca0436f22 | Error: [
  {
    "code": "invalid_type",
    "expected": "boolean",
    "received": "string",
    "path": [
      "isFeatured"
    ],
    "message": "Expected boolean, received string"
  },
  {
    "code": "invalid_type",
    "expected": "array",
    "received": "string",
    "path": [
      "variants"
    ],
    "message": "Expected array, received string"
  }
]
2025-10-04T08:33:39.856Z [HTTP] [req:9f9a1c35-a353-45ee-85a8-7f264e60e818] ::1 - - [04/Oct/2025:08:33:39 +0000] "PUT /api/v1/products/68cf8b4953809e4ca0436f22 HTTP/1.1" 400 193 "http://localhost:5173/" "Mozilla/5.0 (Windows NT 10.0; Win64; x64) AppleWebKit/537.36 (KHTML, like Gecko) Chrome/123.0.0.0 Safari/537.36"
2025-10-04T08:33:42.026Z [HTTP] [req:3ce47ad7-f142-4807-ad43-ceab087cf6ae] ::1 - - [04/Oct/2025:08:33:42 +0000] "GET /api/v1/products?page=1&limit=10&sortBy=name-asc HTTP/1.1" 304 - "http://localhost:5173/" "Mozilla/5.0 (Windows NT 10.0; Win64; x64) AppleWebKit/537.36 (KHTML, like Gecko) Chrome/123.0.0.0 Safari/537.36"
2025-10-04T08:37:32.771Z [DEBUG] [req:N/A] Running in development mode
2025-10-04T08:37:34.771Z [INFO] [req:N/A] MongoClient connected for sessions.
2025-10-04T08:37:36.891Z [INFO] [req:N/A] ✅ Mongoose connected to DB
2025-10-04T08:37:36.898Z [INFO] [req:N/A] 📦 MongoDB Connected: cluster0-shard-00-02.oissf.mongodb.net
2025-10-04T08:37:38.343Z [INFO] [req:N/A] 42 products already exist in the database. Skipping product seeding.
2025-10-04T08:37:39.012Z [INFO] [req:N/A] 6 categories already exist in the database. Skipping category seeding.
2025-10-04T08:37:40.772Z [INFO] [req:N/A] Order number counter already exists, current sequence: 1003
2025-10-04T08:37:40.778Z [INFO] [req:N/A] 🚀 Server running in development mode on port 3001
2025-10-04T08:37:40.779Z [DEBUG] [req:N/A] http://localhost:3001
2025-10-04T08:38:42.745Z [DEBUG] [req:88cc4163-d649-4f29-82ec-b2596e642063] [requireAuth] Attempting to authenticate for path: /check-auth
2025-10-04T08:38:42.746Z [DEBUG] [req:88cc4163-d649-4f29-82ec-b2596e642063] [requireAuth] AccessToken from cookies: present
2025-10-04T08:38:42.748Z [DEBUG] [req:88cc4163-d649-4f29-82ec-b2596e642063] [requireAuth] Authorization header: missing
2025-10-04T08:38:42.754Z [DEBUG] [req:88cc4163-d649-4f29-82ec-b2596e642063] [requireAuth] Token decoded for userId: 68cf8b9f53809e4ca0436f97
2025-10-04T08:38:43.035Z [DEBUG] [req:88cc4163-d649-4f29-82ec-b2596e642063] [requireAuth] User SHAH HUSSAIN authenticated.
2025-10-04T08:38:43.037Z [DEBUG] [req:88cc4163-d649-4f29-82ec-b2596e642063] [requireAuth] Session DgIZ_GlBsNE3gDOCvLZRGGLsFAK7qEGg touched.
2025-10-04T08:38:43.232Z [HTTP] [req:88cc4163-d649-4f29-82ec-b2596e642063] ::1 - - [04/Oct/2025:08:38:43 +0000] "GET /api/v1/auth/check-auth HTTP/1.1" 304 - "http://localhost:5173/" "Mozilla/5.0 (Windows NT 10.0; Win64; x64) AppleWebKit/537.36 (KHTML, like Gecko) Chrome/123.0.0.0 Safari/537.36"
2025-10-04T08:38:43.593Z [DEBUG] [req:811462c1-b022-4ae1-bd0f-a9f156357ee5] [requireAuth] Attempting to authenticate for path: /metrics
2025-10-04T08:38:43.594Z [DEBUG] [req:811462c1-b022-4ae1-bd0f-a9f156357ee5] [requireAuth] AccessToken from cookies: present
2025-10-04T08:38:43.595Z [DEBUG] [req:811462c1-b022-4ae1-bd0f-a9f156357ee5] [requireAuth] Authorization header: missing
2025-10-04T08:38:43.598Z [DEBUG] [req:811462c1-b022-4ae1-bd0f-a9f156357ee5] [requireAuth] Token decoded for userId: 68cf8b9f53809e4ca0436f97
2025-10-04T08:38:43.855Z [DEBUG] [req:811462c1-b022-4ae1-bd0f-a9f156357ee5] [requireAuth] User SHAH HUSSAIN authenticated.
2025-10-04T08:38:43.856Z [DEBUG] [req:811462c1-b022-4ae1-bd0f-a9f156357ee5] [requireAuth] Session DgIZ_GlBsNE3gDOCvLZRGGLsFAK7qEGg touched.
2025-10-04T08:38:44.682Z [DEBUG] [req:7ed6a267-1698-4129-b39c-784bf3abb1b7] [requireAuth] Attempting to authenticate for path: /sales-over-time
2025-10-04T08:38:44.683Z [DEBUG] [req:7ed6a267-1698-4129-b39c-784bf3abb1b7] [requireAuth] AccessToken from cookies: present
2025-10-04T08:38:44.683Z [DEBUG] [req:7ed6a267-1698-4129-b39c-784bf3abb1b7] [requireAuth] Authorization header: missing
2025-10-04T08:38:44.685Z [DEBUG] [req:7ed6a267-1698-4129-b39c-784bf3abb1b7] [requireAuth] Token decoded for userId: 68cf8b9f53809e4ca0436f97
2025-10-04T08:38:44.861Z [DEBUG] [req:7ed6a267-1698-4129-b39c-784bf3abb1b7] [requireAuth] User SHAH HUSSAIN authenticated.
2025-10-04T08:38:44.862Z [DEBUG] [req:7ed6a267-1698-4129-b39c-784bf3abb1b7] [requireAuth] Session DgIZ_GlBsNE3gDOCvLZRGGLsFAK7qEGg touched.
2025-10-04T08:38:45.224Z [HTTP] [req:7ed6a267-1698-4129-b39c-784bf3abb1b7] ::1 - - [04/Oct/2025:08:38:45 +0000] "GET /api/v1/orders/sales-over-time?period=30days HTTP/1.1" 304 - "http://localhost:5173/" "Mozilla/5.0 (Windows NT 10.0; Win64; x64) AppleWebKit/537.36 (KHTML, like Gecko) Chrome/123.0.0.0 Safari/537.36"
2025-10-04T08:38:45.238Z [DEBUG] [req:05aa8143-50c1-4d55-a4b6-20fb3f8ecdd1] [requireAuth] Attempting to authenticate for path: /top-selling-products
2025-10-04T08:38:45.239Z [DEBUG] [req:05aa8143-50c1-4d55-a4b6-20fb3f8ecdd1] [requireAuth] AccessToken from cookies: present
2025-10-04T08:38:45.241Z [DEBUG] [req:05aa8143-50c1-4d55-a4b6-20fb3f8ecdd1] [requireAuth] Authorization header: missing
2025-10-04T08:38:45.246Z [DEBUG] [req:05aa8143-50c1-4d55-a4b6-20fb3f8ecdd1] [requireAuth] Token decoded for userId: 68cf8b9f53809e4ca0436f97
2025-10-04T08:38:45.413Z [DEBUG] [req:05aa8143-50c1-4d55-a4b6-20fb3f8ecdd1] [requireAuth] User SHAH HUSSAIN authenticated.
2025-10-04T08:38:45.414Z [DEBUG] [req:05aa8143-50c1-4d55-a4b6-20fb3f8ecdd1] [requireAuth] Session DgIZ_GlBsNE3gDOCvLZRGGLsFAK7qEGg touched.
2025-10-04T08:38:45.839Z [HTTP] [req:811462c1-b022-4ae1-bd0f-a9f156357ee5] ::1 - - [04/Oct/2025:08:38:45 +0000] "GET /api/v1/orders/metrics HTTP/1.1" 200 3401 "http://localhost:5173/" "Mozilla/5.0 (Windows NT 10.0; Win64; x64) AppleWebKit/537.36 (KHTML, like Gecko) Chrome/123.0.0.0 Safari/537.36"
2025-10-04T08:38:45.847Z [HTTP] [req:05aa8143-50c1-4d55-a4b6-20fb3f8ecdd1] ::1 - - [04/Oct/2025:08:38:45 +0000] "GET /api/v1/orders/top-selling-products?limit=5&sortBy=revenue HTTP/1.1" 304 - "http://localhost:5173/" "Mozilla/5.0 (Windows NT 10.0; Win64; x64) AppleWebKit/537.36 (KHTML, like Gecko) Chrome/123.0.0.0 Safari/537.36"
2025-10-04T08:38:48.767Z [HTTP] [req:b5fa9efb-c174-4838-bf6b-900f96b9206e] ::1 - - [04/Oct/2025:08:38:48 +0000] "GET /api/v1/categories HTTP/1.1" 304 - "http://localhost:5173/" "Mozilla/5.0 (Windows NT 10.0; Win64; x64) AppleWebKit/537.36 (KHTML, like Gecko) Chrome/123.0.0.0 Safari/537.36"
2025-10-04T08:38:49.108Z [HTTP] [req:7c976a4d-4924-4b86-a9a1-b954bcaebbe8] ::1 - - [04/Oct/2025:08:38:49 +0000] "GET /api/v1/products?page=1&limit=10&sortBy=name-asc HTTP/1.1" 304 - "http://localhost:5173/" "Mozilla/5.0 (Windows NT 10.0; Win64; x64) AppleWebKit/537.36 (KHTML, like Gecko) Chrome/123.0.0.0 Safari/537.36"
2025-10-04T08:39:14.335Z [DEBUG] [req:ffdb95f3-e34d-477c-a3be-9298e7933ca5] [requireAuth] Attempting to authenticate for path: /
2025-10-04T08:39:14.336Z [DEBUG] [req:ffdb95f3-e34d-477c-a3be-9298e7933ca5] [requireAuth] AccessToken from cookies: present
2025-10-04T08:39:14.337Z [DEBUG] [req:ffdb95f3-e34d-477c-a3be-9298e7933ca5] [requireAuth] Authorization header: missing
2025-10-04T08:39:14.339Z [DEBUG] [req:ffdb95f3-e34d-477c-a3be-9298e7933ca5] [requireAuth] Token decoded for userId: 68cf8b9f53809e4ca0436f97
2025-10-04T08:39:14.596Z [DEBUG] [req:ffdb95f3-e34d-477c-a3be-9298e7933ca5] [requireAuth] User SHAH HUSSAIN authenticated.
2025-10-04T08:39:14.597Z [DEBUG] [req:ffdb95f3-e34d-477c-a3be-9298e7933ca5] [requireAuth] Session DgIZ_GlBsNE3gDOCvLZRGGLsFAK7qEGg touched.
2025-10-04T08:39:14.598Z [DEBUG] [req:ffdb95f3-e34d-477c-a3be-9298e7933ca5] [createProduct] Raw req.body: {}
2025-10-04T08:39:14.599Z [DEBUG] [req:ffdb95f3-e34d-477c-a3be-9298e7933ca5] [createProduct] Parsed body before Zod: {"isFeatured":false}
2025-10-04T08:39:14.602Z [ERROR] [req:ffdb95f3-e34d-477c-a3be-9298e7933ca5] ❌ Path: /api/v1/products | Error: [
  {
    "code": "invalid_type",
    "expected": "string",
    "received": "undefined",
    "path": [
      "name"
    ],
    "message": "Required"
  },
  {
    "code": "invalid_type",
    "expected": "string",
    "received": "undefined",
    "path": [
      "description"
    ],
    "message": "Required"
  },
  {
    "code": "invalid_type",
    "expected": "string",
    "received": "undefined",
    "path": [
      "category"
    ],
    "message": "Required"
  },
  {
    "code": "invalid_type",
    "expected": "array",
    "received": "undefined",
    "path": [
      "imageUrls"
    ],
    "message": "Required"
  }
]
2025-10-04T08:39:14.858Z [HTTP] [req:ffdb95f3-e34d-477c-a3be-9298e7933ca5] ::1 - - [04/Oct/2025:08:39:14 +0000] "POST /api/v1/products HTTP/1.1" 400 229 "http://localhost:5173/" "Mozilla/5.0 (Windows NT 10.0; Win64; x64) AppleWebKit/537.36 (KHTML, like Gecko) Chrome/123.0.0.0 Safari/537.36"
2025-10-04T08:41:25.529Z [DEBUG] [req:N/A] Running in development mode
2025-10-04T08:41:28.819Z [INFO] [req:N/A] MongoClient connected for sessions.
2025-10-04T08:41:36.718Z [INFO] [req:N/A] ✅ Mongoose connected to DB
2025-10-04T08:41:36.722Z [INFO] [req:N/A] 📦 MongoDB Connected: cluster0-shard-00-02.oissf.mongodb.net
2025-10-04T08:41:52.633Z [INFO] [req:N/A] 42 products already exist in the database. Skipping product seeding.
2025-10-04T08:41:52.844Z [INFO] [req:N/A] 6 categories already exist in the database. Skipping category seeding.
2025-10-04T08:41:53.069Z [INFO] [req:N/A] Order number counter already exists, current sequence: 1003
2025-10-04T08:41:53.073Z [INFO] [req:N/A] 🚀 Server running in development mode on port 3001
2025-10-04T08:41:53.074Z [DEBUG] [req:N/A] http://localhost:3001
2025-10-04T08:42:16.715Z [DEBUG] [req:3491a461-7950-4bbe-878c-53e9711905fa] [requireAuth] Attempting to authenticate for path: /
2025-10-04T08:42:16.716Z [DEBUG] [req:3491a461-7950-4bbe-878c-53e9711905fa] [requireAuth] AccessToken from cookies: present
2025-10-04T08:42:16.717Z [DEBUG] [req:3491a461-7950-4bbe-878c-53e9711905fa] [requireAuth] Authorization header: missing
2025-10-04T08:42:16.721Z [DEBUG] [req:3491a461-7950-4bbe-878c-53e9711905fa] [requireAuth] Token decoded for userId: 68cf8b9f53809e4ca0436f97
2025-10-04T08:42:16.891Z [DEBUG] [req:3491a461-7950-4bbe-878c-53e9711905fa] [requireAuth] User SHAH HUSSAIN authenticated.
2025-10-04T08:42:16.892Z [DEBUG] [req:3491a461-7950-4bbe-878c-53e9711905fa] [requireAuth] Session DgIZ_GlBsNE3gDOCvLZRGGLsFAK7qEGg touched.
2025-10-04T08:42:16.903Z [DEBUG] [req:N/A] [createProduct] Raw req.body: {"name":"Team Helper","description":"wgfsfgsgegsdgsdgegseggsgsdgsd","category":"Electronics","isFeatured":"false","variants":"[{\"size\":\"S\",\"color\":\"red\",\"price\":10,\"stock\":10}]"}
2025-10-04T08:42:16.904Z [DEBUG] [req:N/A] [createProduct] Raw req.files: ["team-working.jpg"]
2025-10-04T08:42:16.905Z [DEBUG] [req:N/A] [createProduct] Parsed body before Zod: {"name":"Team Helper","description":"wgfsfgsgegsdgsdgegseggsgsdgsd","category":"Electronics","isFeatured":false,"variants":[{"size":"S","color":"red","price":10,"stock":10}]}
2025-10-04T08:42:20.324Z [ERROR] [req:N/A] ❌ Upload failed: The specified bucket does not exist
2025-10-04T08:42:20.325Z [ERROR] [req:N/A] Failed to upload file team-working.jpg during product creation: Failed to upload image: The specified bucket does not exist
2025-10-04T08:42:21.020Z [HTTP] [req:N/A] ::1 - - [04/Oct/2025:08:42:21 +0000] "POST /api/v1/products HTTP/1.1" 500 113 "http://localhost:5173/" "Mozilla/5.0 (Windows NT 10.0; Win64; x64) AppleWebKit/537.36 (KHTML, like Gecko) Chrome/123.0.0.0 Safari/537.36"
2025-10-04T08:43:19.104Z [DEBUG] [req:30be5014-18a9-41af-9917-7e562a99c209] [requireAuth] Attempting to authenticate for path: /
2025-10-04T08:43:19.105Z [DEBUG] [req:30be5014-18a9-41af-9917-7e562a99c209] [requireAuth] AccessToken from cookies: present
2025-10-04T08:43:19.106Z [DEBUG] [req:30be5014-18a9-41af-9917-7e562a99c209] [requireAuth] Authorization header: missing
2025-10-04T08:43:19.109Z [DEBUG] [req:30be5014-18a9-41af-9917-7e562a99c209] [requireAuth] Token decoded for userId: 68cf8b9f53809e4ca0436f97
2025-10-04T08:43:19.278Z [DEBUG] [req:30be5014-18a9-41af-9917-7e562a99c209] [requireAuth] User SHAH HUSSAIN authenticated.
2025-10-04T08:43:19.279Z [DEBUG] [req:30be5014-18a9-41af-9917-7e562a99c209] [requireAuth] Session DgIZ_GlBsNE3gDOCvLZRGGLsFAK7qEGg touched.
2025-10-04T08:43:19.286Z [DEBUG] [req:N/A] [createProduct] Raw req.body: {"name":"Team Helper","description":"wgfsfgsgegsdgsdgegseggsgsdgsd","category":"Electronics","isFeatured":"false","variants":"[{\"size\":\"S\",\"color\":\"red\",\"price\":10,\"stock\":10}]"}
2025-10-04T08:43:19.289Z [DEBUG] [req:N/A] [createProduct] Raw req.files: ["team-working.jpg"]
2025-10-04T08:43:19.289Z [DEBUG] [req:N/A] [createProduct] Parsed body before Zod: {"name":"Team Helper","description":"wgfsfgsgegsdgsdgegseggsgsdgsd","category":"Electronics","isFeatured":false,"variants":[{"size":"S","color":"red","price":10,"stock":10}]}
2025-10-04T08:43:19.483Z [INFO] [req:N/A] ✅ File uploaded: products/8c9580d5-f759-4222-b99e-97cbe0d13fa2-1759567399290.jpg
2025-10-04T08:43:20.307Z [HTTP] [req:N/A] ::1 - - [04/Oct/2025:08:43:20 +0000] "POST /api/v1/products HTTP/1.1" 201 582 "http://localhost:5173/" "Mozilla/5.0 (Windows NT 10.0; Win64; x64) AppleWebKit/537.36 (KHTML, like Gecko) Chrome/123.0.0.0 Safari/537.36"
2025-10-04T08:43:20.800Z [HTTP] [req:7b09a3e6-05fa-4d50-8929-f56cc6344d4c] ::1 - - [04/Oct/2025:08:43:20 +0000] "GET /api/v1/products?page=1&limit=10&sortBy=name-asc HTTP/1.1" 200 6023 "http://localhost:5173/" "Mozilla/5.0 (Windows NT 10.0; Win64; x64) AppleWebKit/537.36 (KHTML, like Gecko) Chrome/123.0.0.0 Safari/537.36"
2025-10-04T08:43:33.777Z [HTTP] [req:805e6d5e-f90c-4994-9e0c-f72a8fba84e7] ::1 - - [04/Oct/2025:08:43:33 +0000] "GET /api/v1/products?page=1&limit=10&searchTerm=Tea&sortBy=name-asc HTTP/1.1" 200 5764 "http://localhost:5173/" "Mozilla/5.0 (Windows NT 10.0; Win64; x64) AppleWebKit/537.36 (KHTML, like Gecko) Chrome/123.0.0.0 Safari/537.36"
2025-10-04T08:43:35.223Z [HTTP] [req:0f976d9c-26d2-45cd-b5cd-a67ddbab84d8] ::1 - - [04/Oct/2025:08:43:35 +0000] "GET /api/v1/products?page=1&limit=10&searchTerm=Team&sortBy=name-asc HTTP/1.1" 200 1013 "http://localhost:5173/" "Mozilla/5.0 (Windows NT 10.0; Win64; x64) AppleWebKit/537.36 (KHTML, like Gecko) Chrome/123.0.0.0 Safari/537.36"
2025-10-04T08:46:38.725Z [DEBUG] [req:838e7e45-10bc-41eb-a11f-cca540ebd48b] [requireAuth] Attempting to authenticate for path: /check-auth
2025-10-04T08:46:38.726Z [DEBUG] [req:838e7e45-10bc-41eb-a11f-cca540ebd48b] [requireAuth] AccessToken from cookies: present
2025-10-04T08:46:38.726Z [DEBUG] [req:838e7e45-10bc-41eb-a11f-cca540ebd48b] [requireAuth] Authorization header: missing
2025-10-04T08:46:38.728Z [DEBUG] [req:838e7e45-10bc-41eb-a11f-cca540ebd48b] [requireAuth] Token decoded for userId: 68cf8b9f53809e4ca0436f97
2025-10-04T08:46:38.972Z [DEBUG] [req:838e7e45-10bc-41eb-a11f-cca540ebd48b] [requireAuth] User SHAH HUSSAIN authenticated.
2025-10-04T08:46:38.972Z [DEBUG] [req:838e7e45-10bc-41eb-a11f-cca540ebd48b] [requireAuth] Session DgIZ_GlBsNE3gDOCvLZRGGLsFAK7qEGg touched.
2025-10-04T08:46:39.187Z [HTTP] [req:838e7e45-10bc-41eb-a11f-cca540ebd48b] ::1 - - [04/Oct/2025:08:46:39 +0000] "GET /api/v1/auth/check-auth HTTP/1.1" 304 - "http://localhost:5173/" "Mozilla/5.0 (Linux; Android 6.0; Nexus 5 Build/MRA58N) AppleWebKit/537.36 (KHTML, like Gecko) Chrome/123.0.0.0 Mobile Safari/537.36"
2025-10-04T08:46:39.837Z [HTTP] [req:9270f925-c88a-4057-a014-3065596de580] ::1 - - [04/Oct/2025:08:46:39 +0000] "GET /api/v1/categories HTTP/1.1" 304 - "http://localhost:5173/" "Mozilla/5.0 (Linux; Android 6.0; Nexus 5 Build/MRA58N) AppleWebKit/537.36 (KHTML, like Gecko) Chrome/123.0.0.0 Mobile Safari/537.36"
2025-10-04T08:46:40.364Z [HTTP] [req:3331fd18-fb7b-438d-9462-6e321a71b610] ::1 - - [04/Oct/2025:08:46:40 +0000] "GET /api/v1/products?page=1&limit=10&sortBy=name-asc HTTP/1.1" 304 - "http://localhost:5173/" "Mozilla/5.0 (Linux; Android 6.0; Nexus 5 Build/MRA58N) AppleWebKit/537.36 (KHTML, like Gecko) Chrome/123.0.0.0 Mobile Safari/537.36"
2025-10-04T08:46:47.637Z [HTTP] [req:234828b5-7be5-4d36-b65f-bd1900319634] ::1 - - [04/Oct/2025:08:46:47 +0000] "GET /api/v1/products?page=1&limit=10&searchTerm=tea&sortBy=name-asc HTTP/1.1" 200 5764 "http://localhost:5173/" "Mozilla/5.0 (Linux; Android 6.0; Nexus 5 Build/MRA58N) AppleWebKit/537.36 (KHTML, like Gecko) Chrome/123.0.0.0 Mobile Safari/537.36"
2025-10-04T08:46:48.824Z [HTTP] [req:f4f02253-38fa-42ce-b162-38761b46b3dc] ::1 - - [04/Oct/2025:08:46:48 +0000] "GET /api/v1/products?page=1&limit=10&searchTerm=team&sortBy=name-asc HTTP/1.1" 200 1013 "http://localhost:5173/" "Mozilla/5.0 (Linux; Android 6.0; Nexus 5 Build/MRA58N) AppleWebKit/537.36 (KHTML, like Gecko) Chrome/123.0.0.0 Mobile Safari/537.36"
2025-10-04T08:50:33.697Z [DEBUG] [req:933d18bf-c9cd-468d-94da-c9a3355834ed] [requireAuth] Attempting to authenticate for path: /check-auth
2025-10-04T08:50:33.697Z [DEBUG] [req:933d18bf-c9cd-468d-94da-c9a3355834ed] [requireAuth] AccessToken from cookies: present
2025-10-04T08:50:33.698Z [DEBUG] [req:933d18bf-c9cd-468d-94da-c9a3355834ed] [requireAuth] Authorization header: missing
2025-10-04T08:50:33.700Z [DEBUG] [req:933d18bf-c9cd-468d-94da-c9a3355834ed] [requireAuth] Token decoded for userId: 68cf8b9f53809e4ca0436f97
2025-10-04T08:50:33.867Z [DEBUG] [req:933d18bf-c9cd-468d-94da-c9a3355834ed] [requireAuth] User SHAH HUSSAIN authenticated.
2025-10-04T08:50:33.867Z [DEBUG] [req:933d18bf-c9cd-468d-94da-c9a3355834ed] [requireAuth] Session DgIZ_GlBsNE3gDOCvLZRGGLsFAK7qEGg touched.
2025-10-04T08:50:34.045Z [HTTP] [req:933d18bf-c9cd-468d-94da-c9a3355834ed] ::1 - - [04/Oct/2025:08:50:34 +0000] "GET /api/v1/auth/check-auth HTTP/1.1" 304 - "http://localhost:5173/" "Mozilla/5.0 (Linux; Android 6.0; Nexus 5 Build/MRA58N) AppleWebKit/537.36 (KHTML, like Gecko) Chrome/123.0.0.0 Mobile Safari/537.36"
2025-10-04T08:50:34.677Z [HTTP] [req:511b2a25-8080-4d1b-9187-1c20f6180795] ::1 - - [04/Oct/2025:08:50:34 +0000] "GET /api/v1/categories HTTP/1.1" 304 - "http://localhost:5173/" "Mozilla/5.0 (Linux; Android 6.0; Nexus 5 Build/MRA58N) AppleWebKit/537.36 (KHTML, like Gecko) Chrome/123.0.0.0 Mobile Safari/537.36"
2025-10-04T08:50:34.904Z [HTTP] [req:800e9476-242e-4af8-b3d8-f1bac30ce142] ::1 - - [04/Oct/2025:08:50:34 +0000] "GET /api/v1/products?page=1&limit=10&sortBy=name-asc HTTP/1.1" 304 - "http://localhost:5173/" "Mozilla/5.0 (Linux; Android 6.0; Nexus 5 Build/MRA58N) AppleWebKit/537.36 (KHTML, like Gecko) Chrome/123.0.0.0 Mobile Safari/537.36"
2025-10-04T08:50:49.280Z [HTTP] [req:2ba67af8-2aef-42fb-92f9-b95d85fe1cd9] ::1 - - [04/Oct/2025:08:50:49 +0000] "GET /api/v1/products?page=1&limit=10&searchTerm=team&sortBy=name-asc HTTP/1.1" 304 - "http://localhost:5173/" "Mozilla/5.0 (Linux; Android 6.0; Nexus 5 Build/MRA58N) AppleWebKit/537.36 (KHTML, like Gecko) Chrome/123.0.0.0 Mobile Safari/537.36"
2025-10-04T08:56:20.702Z [DEBUG] [req:10f44169-1339-4584-b04b-a0bba6f3d35e] [requireAuth] Attempting to authenticate for path: /check-auth
2025-10-04T08:56:20.703Z [DEBUG] [req:10f44169-1339-4584-b04b-a0bba6f3d35e] [requireAuth] AccessToken from cookies: missing
2025-10-04T08:56:20.704Z [DEBUG] [req:10f44169-1339-4584-b04b-a0bba6f3d35e] [requireAuth] Authorization header: missing
2025-10-04T08:56:20.705Z [WARN] [req:10f44169-1339-4584-b04b-a0bba6f3d35e] [requireAuth] Unauthorized: No token provided for path: /check-auth
2025-10-04T08:56:20.901Z [HTTP] [req:10f44169-1339-4584-b04b-a0bba6f3d35e] ::1 - - [04/Oct/2025:08:56:20 +0000] "GET /api/v1/auth/check-auth HTTP/1.1" 401 62 "http://localhost:5173/" "Mozilla/5.0 (Linux; Android 6.0; Nexus 5 Build/MRA58N) AppleWebKit/537.36 (KHTML, like Gecko) Chrome/123.0.0.0 Mobile Safari/537.36"
2025-10-04T08:56:28.545Z [HTTP] [req:dd0c69bb-778f-4835-bfa9-fde19f025367] ::1 - - [04/Oct/2025:08:56:28 +0000] "OPTIONS /api/v1/auth/login HTTP/1.1" 204 0 "http://localhost:5173/" "Mozilla/5.0 (Linux; Android 6.0; Nexus 5 Build/MRA58N) AppleWebKit/537.36 (KHTML, like Gecko) Chrome/123.0.0.0 Mobile Safari/537.36"
2025-10-04T08:56:30.194Z [HTTP] [req:72f9e421-a080-45e1-8e8f-5f8e84b4163d] ::1 - - [04/Oct/2025:08:56:30 +0000] "POST /api/v1/auth/login HTTP/1.1" 200 841 "http://localhost:5173/" "Mozilla/5.0 (Linux; Android 6.0; Nexus 5 Build/MRA58N) AppleWebKit/537.36 (KHTML, like Gecko) Chrome/123.0.0.0 Mobile Safari/537.36"
2025-10-04T08:56:30.398Z [DEBUG] [req:a39246a7-f6f4-4d2d-8658-bb24cd044f75] [requireAuth] Attempting to authenticate for path: /check-auth
2025-10-04T08:56:30.398Z [DEBUG] [req:a39246a7-f6f4-4d2d-8658-bb24cd044f75] [requireAuth] AccessToken from cookies: present
2025-10-04T08:56:30.399Z [DEBUG] [req:a39246a7-f6f4-4d2d-8658-bb24cd044f75] [requireAuth] Authorization header: missing
2025-10-04T08:56:30.402Z [DEBUG] [req:a39246a7-f6f4-4d2d-8658-bb24cd044f75] [requireAuth] Token decoded for userId: 68cf8b9f53809e4ca0436f97
2025-10-04T08:56:30.571Z [DEBUG] [req:a39246a7-f6f4-4d2d-8658-bb24cd044f75] [requireAuth] User SHAH HUSSAIN authenticated.
2025-10-04T08:56:30.572Z [DEBUG] [req:a39246a7-f6f4-4d2d-8658-bb24cd044f75] [requireAuth] Session iPxW6-gekY_JLBsHz88OhlvxAwwkdI5T touched.
2025-10-04T08:56:30.740Z [HTTP] [req:a39246a7-f6f4-4d2d-8658-bb24cd044f75] ::1 - - [04/Oct/2025:08:56:30 +0000] "GET /api/v1/auth/check-auth HTTP/1.1" 200 310 "http://localhost:5173/" "Mozilla/5.0 (Linux; Android 6.0; Nexus 5 Build/MRA58N) AppleWebKit/537.36 (KHTML, like Gecko) Chrome/123.0.0.0 Mobile Safari/537.36"
2025-10-04T08:56:30.982Z [DEBUG] [req:b68dd399-ff58-419a-9b2e-163c4910ebe4] [requireAuth] Attempting to authenticate for path: /metrics
2025-10-04T08:56:30.983Z [DEBUG] [req:b68dd399-ff58-419a-9b2e-163c4910ebe4] [requireAuth] AccessToken from cookies: present
2025-10-04T08:56:30.984Z [DEBUG] [req:b68dd399-ff58-419a-9b2e-163c4910ebe4] [requireAuth] Authorization header: missing
2025-10-04T08:56:30.986Z [DEBUG] [req:b68dd399-ff58-419a-9b2e-163c4910ebe4] [requireAuth] Token decoded for userId: 68cf8b9f53809e4ca0436f97
2025-10-04T08:56:30.989Z [DEBUG] [req:f193b0c9-e885-4af2-ae0d-06fd366ec4ad] [requireAuth] Attempting to authenticate for path: /sales-over-time
2025-10-04T08:56:30.990Z [DEBUG] [req:f193b0c9-e885-4af2-ae0d-06fd366ec4ad] [requireAuth] AccessToken from cookies: present
2025-10-04T08:56:30.990Z [DEBUG] [req:f193b0c9-e885-4af2-ae0d-06fd366ec4ad] [requireAuth] Authorization header: missing
2025-10-04T08:56:30.992Z [DEBUG] [req:f193b0c9-e885-4af2-ae0d-06fd366ec4ad] [requireAuth] Token decoded for userId: 68cf8b9f53809e4ca0436f97
2025-10-04T08:56:31.151Z [DEBUG] [req:b68dd399-ff58-419a-9b2e-163c4910ebe4] [requireAuth] User SHAH HUSSAIN authenticated.
2025-10-04T08:56:31.152Z [DEBUG] [req:b68dd399-ff58-419a-9b2e-163c4910ebe4] [requireAuth] Session iPxW6-gekY_JLBsHz88OhlvxAwwkdI5T touched.
2025-10-04T08:56:31.158Z [DEBUG] [req:f193b0c9-e885-4af2-ae0d-06fd366ec4ad] [requireAuth] User SHAH HUSSAIN authenticated.
2025-10-04T08:56:31.159Z [DEBUG] [req:f193b0c9-e885-4af2-ae0d-06fd366ec4ad] [requireAuth] Session iPxW6-gekY_JLBsHz88OhlvxAwwkdI5T touched.
2025-10-04T08:56:31.496Z [HTTP] [req:f193b0c9-e885-4af2-ae0d-06fd366ec4ad] ::1 - - [04/Oct/2025:08:56:31 +0000] "GET /api/v1/orders/sales-over-time?period=30days HTTP/1.1" 304 - "http://localhost:5173/" "Mozilla/5.0 (Linux; Android 6.0; Nexus 5 Build/MRA58N) AppleWebKit/537.36 (KHTML, like Gecko) Chrome/123.0.0.0 Mobile Safari/537.36"
2025-10-04T08:56:32.516Z [HTTP] [req:b68dd399-ff58-419a-9b2e-163c4910ebe4] ::1 - - [04/Oct/2025:08:56:32 +0000] "GET /api/v1/orders/metrics HTTP/1.1" 200 3401 "http://localhost:5173/" "Mozilla/5.0 (Linux; Android 6.0; Nexus 5 Build/MRA58N) AppleWebKit/537.36 (KHTML, like Gecko) Chrome/123.0.0.0 Mobile Safari/537.36"
2025-10-04T08:56:32.649Z [DEBUG] [req:08715dba-df98-46e0-b303-a50b01693214] [requireAuth] Attempting to authenticate for path: /top-selling-products
2025-10-04T08:56:32.649Z [DEBUG] [req:08715dba-df98-46e0-b303-a50b01693214] [requireAuth] AccessToken from cookies: present
2025-10-04T08:56:32.650Z [DEBUG] [req:08715dba-df98-46e0-b303-a50b01693214] [requireAuth] Authorization header: missing
2025-10-04T08:56:32.652Z [DEBUG] [req:08715dba-df98-46e0-b303-a50b01693214] [requireAuth] Token decoded for userId: 68cf8b9f53809e4ca0436f97
2025-10-04T08:56:32.821Z [DEBUG] [req:08715dba-df98-46e0-b303-a50b01693214] [requireAuth] User SHAH HUSSAIN authenticated.
2025-10-04T08:56:32.821Z [DEBUG] [req:08715dba-df98-46e0-b303-a50b01693214] [requireAuth] Session iPxW6-gekY_JLBsHz88OhlvxAwwkdI5T touched.
2025-10-04T08:56:33.159Z [HTTP] [req:08715dba-df98-46e0-b303-a50b01693214] ::1 - - [04/Oct/2025:08:56:33 +0000] "GET /api/v1/orders/top-selling-products?limit=5&sortBy=revenue HTTP/1.1" 304 - "http://localhost:5173/" "Mozilla/5.0 (Linux; Android 6.0; Nexus 5 Build/MRA58N) AppleWebKit/537.36 (KHTML, like Gecko) Chrome/123.0.0.0 Mobile Safari/537.36"
2025-10-04T08:56:36.191Z [HTTP] [req:033dd19c-2667-4504-8561-e77bec602471] ::1 - - [04/Oct/2025:08:56:36 +0000] "GET /api/v1/categories HTTP/1.1" 304 - "http://localhost:5173/" "Mozilla/5.0 (Windows NT 10.0; Win64; x64) AppleWebKit/537.36 (KHTML, like Gecko) Chrome/123.0.0.0 Safari/537.36"
2025-10-04T08:56:37.631Z [HTTP] [req:df6f81f0-bd90-40ab-a3fd-2aa77e544e7a] ::1 - - [04/Oct/2025:08:56:37 +0000] "GET /api/v1/products?page=1&limit=10&sortBy=name-asc HTTP/1.1" 304 - "http://localhost:5173/" "Mozilla/5.0 (Windows NT 10.0; Win64; x64) AppleWebKit/537.36 (KHTML, like Gecko) Chrome/123.0.0.0 Safari/537.36"
2025-10-04T08:56:41.530Z [HTTP] [req:d69f1a2e-fb2b-49e7-b121-4531d7894927] ::1 - - [04/Oct/2025:08:56:41 +0000] "GET /api/v1/products?page=1&limit=10&searchTerm=Tea&sortBy=name-asc HTTP/1.1" 304 - "http://localhost:5173/" "Mozilla/5.0 (Windows NT 10.0; Win64; x64) AppleWebKit/537.36 (KHTML, like Gecko) Chrome/123.0.0.0 Safari/537.36"
2025-10-04T08:56:42.308Z [HTTP] [req:8ff76ca2-1e8a-4d55-834d-c21edc3d022f] ::1 - - [04/Oct/2025:08:56:42 +0000] "GET /api/v1/products?page=1&limit=10&searchTerm=Team&sortBy=name-asc HTTP/1.1" 304 - "http://localhost:5173/" "Mozilla/5.0 (Windows NT 10.0; Win64; x64) AppleWebKit/537.36 (KHTML, like Gecko) Chrome/123.0.0.0 Safari/537.36"
2025-10-04T08:57:07.321Z [HTTP] [req:525f4b26-a8b2-430f-94c7-37fc8d3edaf9] ::1 - - [04/Oct/2025:08:57:07 +0000] "OPTIONS /api/v1/products/68e0de27478b98e025aef066 HTTP/1.1" 204 0 "http://localhost:5173/" "Mozilla/5.0 (Windows NT 10.0; Win64; x64) AppleWebKit/537.36 (KHTML, like Gecko) Chrome/123.0.0.0 Safari/537.36"
2025-10-04T08:57:07.492Z [DEBUG] [req:696700e3-bd03-4f96-822c-f6c70f28bead] [requireAuth] Attempting to authenticate for path: /68e0de27478b98e025aef066
2025-10-04T08:57:07.492Z [DEBUG] [req:696700e3-bd03-4f96-822c-f6c70f28bead] [requireAuth] AccessToken from cookies: present
2025-10-04T08:57:07.494Z [DEBUG] [req:696700e3-bd03-4f96-822c-f6c70f28bead] [requireAuth] Authorization header: missing
2025-10-04T08:57:07.497Z [DEBUG] [req:696700e3-bd03-4f96-822c-f6c70f28bead] [requireAuth] Token decoded for userId: 68cf8b9f53809e4ca0436f97
2025-10-04T08:57:07.672Z [DEBUG] [req:696700e3-bd03-4f96-822c-f6c70f28bead] [requireAuth] User SHAH HUSSAIN authenticated.
2025-10-04T08:57:07.673Z [DEBUG] [req:696700e3-bd03-4f96-822c-f6c70f28bead] [requireAuth] Session iPxW6-gekY_JLBsHz88OhlvxAwwkdI5T touched.
2025-10-04T08:57:08.469Z [HTTP] [req:696700e3-bd03-4f96-822c-f6c70f28bead] ::1 - - [04/Oct/2025:08:57:08 +0000] "PUT /api/v1/products/68e0de27478b98e025aef066 HTTP/1.1" 200 582 "http://localhost:5173/" "Mozilla/5.0 (Windows NT 10.0; Win64; x64) AppleWebKit/537.36 (KHTML, like Gecko) Chrome/123.0.0.0 Safari/537.36"
2025-10-04T08:57:08.960Z [HTTP] [req:7019160a-a0de-4804-87f3-be320e54c772] ::1 - - [04/Oct/2025:08:57:08 +0000] "GET /api/v1/products?page=1&limit=10&searchTerm=Team&sortBy=name-asc HTTP/1.1" 304 - "http://localhost:5173/" "Mozilla/5.0 (Windows NT 10.0; Win64; x64) AppleWebKit/537.36 (KHTML, like Gecko) Chrome/123.0.0.0 Safari/537.36"
2025-10-04T08:57:19.192Z [DEBUG] [req:e11486c6-bcb6-4707-ad96-4f347ebd6319] [requireAuth] Attempting to authenticate for path: /check-auth
2025-10-04T08:57:19.193Z [DEBUG] [req:e11486c6-bcb6-4707-ad96-4f347ebd6319] [requireAuth] AccessToken from cookies: present
2025-10-04T08:57:19.195Z [DEBUG] [req:e11486c6-bcb6-4707-ad96-4f347ebd6319] [requireAuth] Authorization header: missing
2025-10-04T08:57:19.198Z [DEBUG] [req:e11486c6-bcb6-4707-ad96-4f347ebd6319] [requireAuth] Token decoded for userId: 68cf8b9f53809e4ca0436f97
2025-10-04T08:57:19.369Z [DEBUG] [req:e11486c6-bcb6-4707-ad96-4f347ebd6319] [requireAuth] User SHAH HUSSAIN authenticated.
2025-10-04T08:57:19.369Z [DEBUG] [req:e11486c6-bcb6-4707-ad96-4f347ebd6319] [requireAuth] Session iPxW6-gekY_JLBsHz88OhlvxAwwkdI5T touched.
2025-10-04T08:57:19.541Z [HTTP] [req:e11486c6-bcb6-4707-ad96-4f347ebd6319] ::1 - - [04/Oct/2025:08:57:19 +0000] "GET /api/v1/auth/check-auth HTTP/1.1" 304 - "http://localhost:5173/" "Mozilla/5.0 (Windows NT 10.0; Win64; x64) AppleWebKit/537.36 (KHTML, like Gecko) Chrome/123.0.0.0 Safari/537.36"
2025-10-04T08:57:20.104Z [HTTP] [req:e5c5a4e1-7017-4c94-93b1-b8fd2ac99851] ::1 - - [04/Oct/2025:08:57:20 +0000] "GET /api/v1/categories HTTP/1.1" 304 - "http://localhost:5173/" "Mozilla/5.0 (Windows NT 10.0; Win64; x64) AppleWebKit/537.36 (KHTML, like Gecko) Chrome/123.0.0.0 Safari/537.36"
2025-10-04T08:57:20.335Z [HTTP] [req:5d655a9d-ea44-41f1-81cd-4c6dd98d9ccc] ::1 - - [04/Oct/2025:08:57:20 +0000] "GET /api/v1/products?page=1&limit=10&sortBy=name-asc HTTP/1.1" 304 - "http://localhost:5173/" "Mozilla/5.0 (Windows NT 10.0; Win64; x64) AppleWebKit/537.36 (KHTML, like Gecko) Chrome/123.0.0.0 Safari/537.36"
2025-10-04T08:57:24.193Z [HTTP] [req:5d9e5ed0-b109-4b97-859f-726a98265123] ::1 - - [04/Oct/2025:08:57:24 +0000] "GET /api/v1/products?page=1&limit=10&searchTerm=te&sortBy=name-asc HTTP/1.1" 200 1593 "http://localhost:5173/" "Mozilla/5.0 (Windows NT 10.0; Win64; x64) AppleWebKit/537.36 (KHTML, like Gecko) Chrome/123.0.0.0 Safari/537.36"
2025-10-04T08:57:24.772Z [HTTP] [req:0aea4d91-8d42-4c02-8d9f-6befe2847dca] ::1 - - [04/Oct/2025:08:57:24 +0000] "GET /api/v1/products?page=1&limit=10&searchTerm=tea&sortBy=name-asc HTTP/1.1" 304 - "http://localhost:5173/" "Mozilla/5.0 (Windows NT 10.0; Win64; x64) AppleWebKit/537.36 (KHTML, like Gecko) Chrome/123.0.0.0 Safari/537.36"
