2025-11-03T08:08:15.657Z [INFO] [req:N/A] [ImageProcessingQueue] Image processing queue initialized.
2025-11-03T08:08:19.634Z [INFO] [req:N/A] [ImageWorker] Image processing worker started.
2025-11-03T08:08:19.637Z [DEBUG] [req:N/A] Running in development mode
2025-11-03T08:08:28.622Z [INFO] [req:N/A] MongoClient connected for sessions.
2025-11-03T08:08:33.502Z [INFO] [req:N/A] ✅ Mongoose connected to DB
2025-11-03T08:08:33.505Z [INFO] [req:N/A] 📦 MongoDB Connected: cluster0-shard-00-00.oissf.mongodb.net
2025-11-03T08:08:33.506Z [INFO] [req:N/A] Attempting to connect to RabbitMQ (attempt 1/5) -> amqps://riqnpmbs:vBYpUAaZEJKuVUrmL36JlCvKccoujOWi@fuji.lmq.cloudamqp.com/riqnpmbs
2025-11-03T08:08:37.985Z [INFO] [req:N/A] RabbitMQ connected and confirm channel created
2025-11-03T08:08:38.229Z [INFO] [req:N/A] Asserted queue order_emails
2025-11-03T08:08:38.453Z [INFO] [req:N/A] Asserted queue order_status_emails
2025-11-03T08:08:38.701Z [INFO] [req:N/A] 46 products already exist in the database. Skipping product seeding.
2025-11-03T08:08:38.944Z [INFO] [req:N/A] 7 categories already exist in the database. Skipping category seeding.
2025-11-03T08:08:39.160Z [INFO] [req:N/A] Order number counter already exists, current sequence: 1006
2025-11-03T08:08:39.164Z [INFO] [req:N/A] 🚀 Server running in development mode on port 3001
2025-11-03T08:08:39.164Z [DEBUG] [req:N/A] http://localhost:3001
2025-11-03T08:09:53.571Z [DEBUG] [req:fdfd1995-cd0f-41c2-9d02-c32ddf7eadd0] [requireAuth] Attempting to authenticate for path: /check-auth
2025-11-03T08:09:53.572Z [DEBUG] [req:fdfd1995-cd0f-41c2-9d02-c32ddf7eadd0] [requireAuth] AccessToken from cookies: missing
2025-11-03T08:09:53.577Z [DEBUG] [req:fdfd1995-cd0f-41c2-9d02-c32ddf7eadd0] [requireAuth] Authorization header: missing
2025-11-03T08:09:53.578Z [WARN] [req:fdfd1995-cd0f-41c2-9d02-c32ddf7eadd0] [requireAuth] Unauthorized: No token provided for path: /check-auth
2025-11-03T08:09:53.592Z [HTTP] [req:fdfd1995-cd0f-41c2-9d02-c32ddf7eadd0] ::1 - - [03/Nov/2025:08:09:53 +0000] "GET /api/v1/auth/check-auth HTTP/1.1" 401 62 "http://localhost:5173/" "Mozilla/5.0 (Windows NT 10.0; Win64; x64) AppleWebKit/537.36 (KHTML, like Gecko) Chrome/123.0.0.0 Safari/537.36"
2025-11-03T08:10:19.548Z [HTTP] [req:f51362d7-0ee3-412b-88c4-f49a49f1815d] ::1 - - [03/Nov/2025:08:10:19 +0000] "OPTIONS /api/v1/auth/login HTTP/1.1" 204 0 "http://localhost:5173/" "Mozilla/5.0 (Windows NT 10.0; Win64; x64) AppleWebKit/537.36 (KHTML, like Gecko) Chrome/123.0.0.0 Safari/537.36"
2025-11-03T08:10:21.427Z [HTTP] [req:85827738-99c4-40cd-8c0c-6c86a198e7af] ::1 - - [03/Nov/2025:08:10:21 +0000] "POST /api/v1/auth/login HTTP/1.1" 200 841 "http://localhost:5173/" "Mozilla/5.0 (Windows NT 10.0; Win64; x64) AppleWebKit/537.36 (KHTML, like Gecko) Chrome/123.0.0.0 Safari/537.36"
2025-11-03T08:10:21.439Z [DEBUG] [req:33d61ffa-8c24-4b5a-bd30-d9740b9192b7] [requireAuth] Attempting to authenticate for path: /check-auth
2025-11-03T08:10:21.441Z [DEBUG] [req:33d61ffa-8c24-4b5a-bd30-d9740b9192b7] [requireAuth] AccessToken from cookies: present
2025-11-03T08:10:21.442Z [DEBUG] [req:33d61ffa-8c24-4b5a-bd30-d9740b9192b7] [requireAuth] Authorization header: missing
2025-11-03T08:10:21.446Z [DEBUG] [req:33d61ffa-8c24-4b5a-bd30-d9740b9192b7] [requireAuth] Token decoded for userId: 6905f7a11c7ed2a04156ea74
2025-11-03T08:10:21.612Z [DEBUG] [req:33d61ffa-8c24-4b5a-bd30-d9740b9192b7] [requireAuth] User SHAH HUSSAIN authenticated.
2025-11-03T08:10:21.613Z [DEBUG] [req:33d61ffa-8c24-4b5a-bd30-d9740b9192b7] [requireAuth] Session AfYuRPeGcg0CLEq571LQA0RTqL8b8yK7 touched.
2025-11-03T08:10:21.615Z [HTTP] [req:33d61ffa-8c24-4b5a-bd30-d9740b9192b7] ::1 - - [03/Nov/2025:08:10:21 +0000] "GET /api/v1/auth/check-auth HTTP/1.1" 200 310 "http://localhost:5173/" "Mozilla/5.0 (Windows NT 10.0; Win64; x64) AppleWebKit/537.36 (KHTML, like Gecko) Chrome/123.0.0.0 Safari/537.36"
2025-11-03T08:10:21.643Z [DEBUG] [req:ccc383d5-3fe4-45df-bda2-794e63d47798] [requireAuth] Attempting to authenticate for path: /metrics
2025-11-03T08:10:21.644Z [DEBUG] [req:ccc383d5-3fe4-45df-bda2-794e63d47798] [requireAuth] AccessToken from cookies: present
2025-11-03T08:10:21.645Z [DEBUG] [req:ccc383d5-3fe4-45df-bda2-794e63d47798] [requireAuth] Authorization header: missing
2025-11-03T08:10:21.646Z [DEBUG] [req:ccc383d5-3fe4-45df-bda2-794e63d47798] [requireAuth] Token decoded for userId: 6905f7a11c7ed2a04156ea74
2025-11-03T08:10:21.654Z [DEBUG] [req:854723cd-c93e-4c31-83db-80b9315ff390] [requireAuth] Attempting to authenticate for path: /sales-over-time
2025-11-03T08:10:21.654Z [DEBUG] [req:854723cd-c93e-4c31-83db-80b9315ff390] [requireAuth] AccessToken from cookies: present
2025-11-03T08:10:21.656Z [DEBUG] [req:854723cd-c93e-4c31-83db-80b9315ff390] [requireAuth] Authorization header: missing
2025-11-03T08:10:21.660Z [DEBUG] [req:854723cd-c93e-4c31-83db-80b9315ff390] [requireAuth] Token decoded for userId: 6905f7a11c7ed2a04156ea74
2025-11-03T08:10:21.663Z [DEBUG] [req:57d1e9ba-e254-4a6b-95f4-aeb0dc0e6bf0] [requireAuth] Attempting to authenticate for path: /top-selling-products
2025-11-03T08:10:21.664Z [DEBUG] [req:57d1e9ba-e254-4a6b-95f4-aeb0dc0e6bf0] [requireAuth] AccessToken from cookies: present
2025-11-03T08:10:21.664Z [DEBUG] [req:57d1e9ba-e254-4a6b-95f4-aeb0dc0e6bf0] [requireAuth] Authorization header: missing
2025-11-03T08:10:21.666Z [DEBUG] [req:57d1e9ba-e254-4a6b-95f4-aeb0dc0e6bf0] [requireAuth] Token decoded for userId: 6905f7a11c7ed2a04156ea74
2025-11-03T08:10:21.813Z [DEBUG] [req:ccc383d5-3fe4-45df-bda2-794e63d47798] [requireAuth] User SHAH HUSSAIN authenticated.
2025-11-03T08:10:21.814Z [DEBUG] [req:ccc383d5-3fe4-45df-bda2-794e63d47798] [requireAuth] Session dWlUGJmn0KW0UES-R4m2uutqMNSxk6q_ touched.
2025-11-03T08:10:21.828Z [DEBUG] [req:854723cd-c93e-4c31-83db-80b9315ff390] [requireAuth] User SHAH HUSSAIN authenticated.
2025-11-03T08:10:21.829Z [DEBUG] [req:854723cd-c93e-4c31-83db-80b9315ff390] [requireAuth] Session CP45ngm_pEVW04S-bBINb9Md3RfWNL38 touched.
2025-11-03T08:10:21.834Z [DEBUG] [req:57d1e9ba-e254-4a6b-95f4-aeb0dc0e6bf0] [requireAuth] User SHAH HUSSAIN authenticated.
2025-11-03T08:10:21.834Z [DEBUG] [req:57d1e9ba-e254-4a6b-95f4-aeb0dc0e6bf0] [requireAuth] Session Bdmd78ToShZ0WwcXvhmmS2C8ICF5NKmw touched.
2025-11-03T08:10:22.003Z [HTTP] [req:854723cd-c93e-4c31-83db-80b9315ff390] ::1 - - [03/Nov/2025:08:10:22 +0000] "GET /api/v1/orders/sales-over-time?period=30days HTTP/1.1" 200 75 "http://localhost:5173/" "Mozilla/5.0 (Windows NT 10.0; Win64; x64) AppleWebKit/537.36 (KHTML, like Gecko) Chrome/123.0.0.0 Safari/537.36"
2025-11-03T08:10:22.006Z [HTTP] [req:57d1e9ba-e254-4a6b-95f4-aeb0dc0e6bf0] ::1 - - [03/Nov/2025:08:10:22 +0000] "GET /api/v1/orders/top-selling-products?limit=5&sortBy=revenue HTTP/1.1" 200 512 "http://localhost:5173/" "Mozilla/5.0 (Windows NT 10.0; Win64; x64) AppleWebKit/537.36 (KHTML, like Gecko) Chrome/123.0.0.0 Safari/537.36"
2025-11-03T08:10:22.982Z [HTTP] [req:ccc383d5-3fe4-45df-bda2-794e63d47798] ::1 - - [03/Nov/2025:08:10:22 +0000] "GET /api/v1/orders/metrics HTTP/1.1" 200 1972 "http://localhost:5173/" "Mozilla/5.0 (Windows NT 10.0; Win64; x64) AppleWebKit/537.36 (KHTML, like Gecko) Chrome/123.0.0.0 Safari/537.36"
2025-11-03T08:10:33.989Z [DEBUG] [req:734eec49-b134-4d62-bb1c-f8cecdb066f6] [requireAuth] Attempting to authenticate for path: /admin
2025-11-03T08:10:33.990Z [DEBUG] [req:734eec49-b134-4d62-bb1c-f8cecdb066f6] [requireAuth] AccessToken from cookies: present
2025-11-03T08:10:33.991Z [DEBUG] [req:734eec49-b134-4d62-bb1c-f8cecdb066f6] [requireAuth] Authorization header: missing
2025-11-03T08:10:33.993Z [DEBUG] [req:734eec49-b134-4d62-bb1c-f8cecdb066f6] [requireAuth] Token decoded for userId: 6905f7a11c7ed2a04156ea74
2025-11-03T08:10:34.161Z [DEBUG] [req:734eec49-b134-4d62-bb1c-f8cecdb066f6] [requireAuth] User SHAH HUSSAIN authenticated.
2025-11-03T08:10:34.161Z [DEBUG] [req:734eec49-b134-4d62-bb1c-f8cecdb066f6] [requireAuth] Session Jqrnnm_q4u-ZssvYxv4sAwQ_0PgEdeoV touched.
2025-11-03T08:10:34.662Z [HTTP] [req:734eec49-b134-4d62-bb1c-f8cecdb066f6] ::1 - - [03/Nov/2025:08:10:34 +0000] "GET /api/v1/orders/admin?page=1&limit=10&sortBy=date&sortOrder=desc HTTP/1.1" 200 1865 "http://localhost:5173/" "Mozilla/5.0 (Windows NT 10.0; Win64; x64) AppleWebKit/537.36 (KHTML, like Gecko) Chrome/123.0.0.0 Safari/537.36"
2025-11-03T08:10:45.349Z [HTTP] [req:58ac6217-12d6-4144-a990-916ff5fcec1c] ::1 - - [03/Nov/2025:08:10:45 +0000] "OPTIONS /api/v1/orders/690750dedeb73c8eedffdd95 HTTP/1.1" 204 0 "http://localhost:5173/" "Mozilla/5.0 (Windows NT 10.0; Win64; x64) AppleWebKit/537.36 (KHTML, like Gecko) Chrome/123.0.0.0 Safari/537.36"
2025-11-03T08:10:45.355Z [HTTP] [req:42a7ed88-49f1-4165-bbe8-9758c760e9bc] ::1 - - [03/Nov/2025:08:10:45 +0000] "OPTIONS /api/v1/orders/6907189a9b07f47b9d78b516 HTTP/1.1" 204 0 "http://localhost:5173/" "Mozilla/5.0 (Windows NT 10.0; Win64; x64) AppleWebKit/537.36 (KHTML, like Gecko) Chrome/123.0.0.0 Safari/537.36"
2025-11-03T08:10:45.360Z [DEBUG] [req:1ff5774c-c87f-48d2-a4f2-e16a2cad8124] [requireAuth] Attempting to authenticate for path: /690750dedeb73c8eedffdd95
2025-11-03T08:10:45.361Z [DEBUG] [req:1ff5774c-c87f-48d2-a4f2-e16a2cad8124] [requireAuth] AccessToken from cookies: present
2025-11-03T08:10:45.362Z [DEBUG] [req:1ff5774c-c87f-48d2-a4f2-e16a2cad8124] [requireAuth] Authorization header: missing
2025-11-03T08:10:45.363Z [DEBUG] [req:1ff5774c-c87f-48d2-a4f2-e16a2cad8124] [requireAuth] Token decoded for userId: 6905f7a11c7ed2a04156ea74
2025-11-03T08:10:45.368Z [DEBUG] [req:7c1a2713-f411-40b7-9839-15b4cbae9ecf] [requireAuth] Attempting to authenticate for path: /6907189a9b07f47b9d78b516
2025-11-03T08:10:45.368Z [DEBUG] [req:7c1a2713-f411-40b7-9839-15b4cbae9ecf] [requireAuth] AccessToken from cookies: present
2025-11-03T08:10:45.369Z [DEBUG] [req:7c1a2713-f411-40b7-9839-15b4cbae9ecf] [requireAuth] Authorization header: missing
2025-11-03T08:10:45.371Z [DEBUG] [req:7c1a2713-f411-40b7-9839-15b4cbae9ecf] [requireAuth] Token decoded for userId: 6905f7a11c7ed2a04156ea74
2025-11-03T08:10:45.528Z [DEBUG] [req:1ff5774c-c87f-48d2-a4f2-e16a2cad8124] [requireAuth] User SHAH HUSSAIN authenticated.
2025-11-03T08:10:45.529Z [DEBUG] [req:1ff5774c-c87f-48d2-a4f2-e16a2cad8124] [requireAuth] Session DkqF6WEywGMGndEZHRHEEiLpvdiqXiOU touched.
2025-11-03T08:10:45.540Z [DEBUG] [req:7c1a2713-f411-40b7-9839-15b4cbae9ecf] [requireAuth] User SHAH HUSSAIN authenticated.
2025-11-03T08:10:45.540Z [DEBUG] [req:7c1a2713-f411-40b7-9839-15b4cbae9ecf] [requireAuth] Session ILY__qkWtBriezYPJVOMZ5mAlKFEcdgg touched.
2025-11-03T08:10:46.380Z [INFO] [req:N/A] Published message to queue order_status_emails
2025-11-03T08:10:46.381Z [INFO] [req:1ff5774c-c87f-48d2-a4f2-e16a2cad8124] [updateOrderStatus] published order status email job
2025-11-03T08:10:46.383Z [HTTP] [req:1ff5774c-c87f-48d2-a4f2-e16a2cad8124] ::1 - - [03/Nov/2025:08:10:46 +0000] "PUT /api/v1/orders/690750dedeb73c8eedffdd95 HTTP/1.1" 200 900 "http://localhost:5173/" "Mozilla/5.0 (Windows NT 10.0; Win64; x64) AppleWebKit/537.36 (KHTML, like Gecko) Chrome/123.0.0.0 Safari/537.36"
2025-11-03T08:10:46.544Z [INFO] [req:N/A] Published message to queue order_status_emails
2025-11-03T08:10:46.545Z [INFO] [req:7c1a2713-f411-40b7-9839-15b4cbae9ecf] [updateOrderStatus] published order status email job
2025-11-03T08:10:46.548Z [HTTP] [req:7c1a2713-f411-40b7-9839-15b4cbae9ecf] ::1 - - [03/Nov/2025:08:10:46 +0000] "PUT /api/v1/orders/6907189a9b07f47b9d78b516 HTTP/1.1" 200 912 "http://localhost:5173/" "Mozilla/5.0 (Windows NT 10.0; Win64; x64) AppleWebKit/537.36 (KHTML, like Gecko) Chrome/123.0.0.0 Safari/537.36"
2025-11-03T08:10:46.555Z [DEBUG] [req:74bc81aa-0242-4f73-a9df-cffecf6d116a] [requireAuth] Attempting to authenticate for path: /admin
2025-11-03T08:10:46.555Z [DEBUG] [req:74bc81aa-0242-4f73-a9df-cffecf6d116a] [requireAuth] AccessToken from cookies: present
2025-11-03T08:10:46.556Z [DEBUG] [req:74bc81aa-0242-4f73-a9df-cffecf6d116a] [requireAuth] Authorization header: missing
2025-11-03T08:10:46.558Z [DEBUG] [req:74bc81aa-0242-4f73-a9df-cffecf6d116a] [requireAuth] Token decoded for userId: 6905f7a11c7ed2a04156ea74
2025-11-03T08:10:46.723Z [DEBUG] [req:74bc81aa-0242-4f73-a9df-cffecf6d116a] [requireAuth] User SHAH HUSSAIN authenticated.
2025-11-03T08:10:46.724Z [DEBUG] [req:74bc81aa-0242-4f73-a9df-cffecf6d116a] [requireAuth] Session wL7WVtO3388x6hjsTCIHt1F8-4pN4cQ_ touched.
2025-11-03T08:10:47.240Z [HTTP] [req:74bc81aa-0242-4f73-a9df-cffecf6d116a] ::1 - - [03/Nov/2025:08:10:47 +0000] "GET /api/v1/orders/admin?page=1&limit=10&sortBy=date&sortOrder=desc HTTP/1.1" 200 1861 "http://localhost:5173/" "Mozilla/5.0 (Windows NT 10.0; Win64; x64) AppleWebKit/537.36 (KHTML, like Gecko) Chrome/123.0.0.0 Safari/537.36"
2025-11-03T08:11:02.299Z [HTTP] [req:e125a9b5-18cb-4136-ad5c-7ed9470985bf] ::1 - - [03/Nov/2025:08:11:02 +0000] "OPTIONS /api/v1/orders/6907189a9b07f47b9d78b516 HTTP/1.1" 204 0 "http://localhost:5173/" "Mozilla/5.0 (Windows NT 10.0; Win64; x64) AppleWebKit/537.36 (KHTML, like Gecko) Chrome/123.0.0.0 Safari/537.36"
2025-11-03T08:11:02.304Z [DEBUG] [req:186e9607-d77b-451d-b8be-69ece6eb0b23] [requireAuth] Attempting to authenticate for path: /6907189a9b07f47b9d78b516
2025-11-03T08:11:02.304Z [DEBUG] [req:186e9607-d77b-451d-b8be-69ece6eb0b23] [requireAuth] AccessToken from cookies: present
2025-11-03T08:11:02.306Z [DEBUG] [req:186e9607-d77b-451d-b8be-69ece6eb0b23] [requireAuth] Authorization header: missing
2025-11-03T08:11:02.308Z [DEBUG] [req:186e9607-d77b-451d-b8be-69ece6eb0b23] [requireAuth] Token decoded for userId: 6905f7a11c7ed2a04156ea74
2025-11-03T08:11:02.473Z [DEBUG] [req:186e9607-d77b-451d-b8be-69ece6eb0b23] [requireAuth] User SHAH HUSSAIN authenticated.
2025-11-03T08:11:02.474Z [DEBUG] [req:186e9607-d77b-451d-b8be-69ece6eb0b23] [requireAuth] Session 0OAdgRLp9aY_It6QlYGwkI0wm-mK3C3i touched.
2025-11-03T08:11:03.140Z [INFO] [req:N/A] Published message to queue order_status_emails
2025-11-03T08:11:03.141Z [INFO] [req:186e9607-d77b-451d-b8be-69ece6eb0b23] [updateOrderStatus] published order status email job
2025-11-03T08:11:03.144Z [HTTP] [req:186e9607-d77b-451d-b8be-69ece6eb0b23] ::1 - - [03/Nov/2025:08:11:03 +0000] "PUT /api/v1/orders/6907189a9b07f47b9d78b516 HTTP/1.1" 200 914 "http://localhost:5173/" "Mozilla/5.0 (Windows NT 10.0; Win64; x64) AppleWebKit/537.36 (KHTML, like Gecko) Chrome/123.0.0.0 Safari/537.36"
2025-11-03T08:11:03.149Z [DEBUG] [req:661a03e5-9ff4-41b4-9c80-bac6afe48974] [requireAuth] Attempting to authenticate for path: /admin
2025-11-03T08:11:03.149Z [DEBUG] [req:661a03e5-9ff4-41b4-9c80-bac6afe48974] [requireAuth] AccessToken from cookies: present
2025-11-03T08:11:03.150Z [DEBUG] [req:661a03e5-9ff4-41b4-9c80-bac6afe48974] [requireAuth] Authorization header: missing
2025-11-03T08:11:03.153Z [DEBUG] [req:661a03e5-9ff4-41b4-9c80-bac6afe48974] [requireAuth] Token decoded for userId: 6905f7a11c7ed2a04156ea74
2025-11-03T08:11:03.319Z [DEBUG] [req:661a03e5-9ff4-41b4-9c80-bac6afe48974] [requireAuth] User SHAH HUSSAIN authenticated.
2025-11-03T08:11:03.319Z [DEBUG] [req:661a03e5-9ff4-41b4-9c80-bac6afe48974] [requireAuth] Session HO0CvikQ1Y9t_zmfktWSj0fN8oaFE1d7 touched.
2025-11-03T08:11:03.814Z [HTTP] [req:661a03e5-9ff4-41b4-9c80-bac6afe48974] ::1 - - [03/Nov/2025:08:11:03 +0000] "GET /api/v1/orders/admin?page=1&limit=10&sortBy=date&sortOrder=desc HTTP/1.1" 200 1863 "http://localhost:5173/" "Mozilla/5.0 (Windows NT 10.0; Win64; x64) AppleWebKit/537.36 (KHTML, like Gecko) Chrome/123.0.0.0 Safari/537.36"
2025-11-03T08:12:36.941Z [HTTP] [req:18485faa-eb89-4b69-ad13-4d848f340acd] ::1 - - [03/Nov/2025:08:12:36 +0000] "OPTIONS /api/v1/orders/6907189a9b07f47b9d78b516 HTTP/1.1" 204 0 "http://localhost:5173/" "Mozilla/5.0 (Windows NT 10.0; Win64; x64) AppleWebKit/537.36 (KHTML, like Gecko) Chrome/123.0.0.0 Safari/537.36"
2025-11-03T08:12:36.947Z [DEBUG] [req:f8df2faf-abd5-4f3e-8c29-a38516061495] [requireAuth] Attempting to authenticate for path: /6907189a9b07f47b9d78b516
2025-11-03T08:12:36.948Z [DEBUG] [req:f8df2faf-abd5-4f3e-8c29-a38516061495] [requireAuth] AccessToken from cookies: present
2025-11-03T08:12:36.949Z [DEBUG] [req:f8df2faf-abd5-4f3e-8c29-a38516061495] [requireAuth] Authorization header: missing
2025-11-03T08:12:36.952Z [DEBUG] [req:f8df2faf-abd5-4f3e-8c29-a38516061495] [requireAuth] Token decoded for userId: 6905f7a11c7ed2a04156ea74
2025-11-03T08:12:37.118Z [DEBUG] [req:f8df2faf-abd5-4f3e-8c29-a38516061495] [requireAuth] User SHAH HUSSAIN authenticated.
2025-11-03T08:12:37.119Z [DEBUG] [req:f8df2faf-abd5-4f3e-8c29-a38516061495] [requireAuth] Session Gh-ErzNsHd-ELADQSTwou7Ilr6lznb78 touched.
2025-11-03T08:12:37.784Z [INFO] [req:N/A] Published message to queue order_status_emails
2025-11-03T08:12:37.784Z [INFO] [req:f8df2faf-abd5-4f3e-8c29-a38516061495] [updateOrderStatus] published order status email job
2025-11-03T08:12:37.787Z [HTTP] [req:f8df2faf-abd5-4f3e-8c29-a38516061495] ::1 - - [03/Nov/2025:08:12:37 +0000] "PUT /api/v1/orders/6907189a9b07f47b9d78b516 HTTP/1.1" 200 912 "http://localhost:5173/" "Mozilla/5.0 (Windows NT 10.0; Win64; x64) AppleWebKit/537.36 (KHTML, like Gecko) Chrome/123.0.0.0 Safari/537.36"
2025-11-03T08:12:37.793Z [DEBUG] [req:2fc69e47-0f55-4f8d-b4d3-2de054c87f26] [requireAuth] Attempting to authenticate for path: /admin
2025-11-03T08:12:37.794Z [DEBUG] [req:2fc69e47-0f55-4f8d-b4d3-2de054c87f26] [requireAuth] AccessToken from cookies: present
2025-11-03T08:12:37.794Z [DEBUG] [req:2fc69e47-0f55-4f8d-b4d3-2de054c87f26] [requireAuth] Authorization header: missing
2025-11-03T08:12:37.796Z [DEBUG] [req:2fc69e47-0f55-4f8d-b4d3-2de054c87f26] [requireAuth] Token decoded for userId: 6905f7a11c7ed2a04156ea74
2025-11-03T08:12:37.960Z [DEBUG] [req:2fc69e47-0f55-4f8d-b4d3-2de054c87f26] [requireAuth] User SHAH HUSSAIN authenticated.
2025-11-03T08:12:37.960Z [DEBUG] [req:2fc69e47-0f55-4f8d-b4d3-2de054c87f26] [requireAuth] Session bQKWDCRW5naMQ_Hz9YH1bb8e4R_YjrJE touched.
2025-11-03T08:12:38.466Z [HTTP] [req:2fc69e47-0f55-4f8d-b4d3-2de054c87f26] ::1 - - [03/Nov/2025:08:12:38 +0000] "GET /api/v1/orders/admin?page=1&limit=10&sortBy=date&sortOrder=desc HTTP/1.1" 200 1861 "http://localhost:5173/" "Mozilla/5.0 (Windows NT 10.0; Win64; x64) AppleWebKit/537.36 (KHTML, like Gecko) Chrome/123.0.0.0 Safari/537.36"
2025-11-03T08:12:38.469Z [DEBUG] [req:e9df080e-3e29-4e0d-b96d-6fa44afda589] [requireAuth] Attempting to authenticate for path: /admin
2025-11-03T08:12:38.470Z [DEBUG] [req:e9df080e-3e29-4e0d-b96d-6fa44afda589] [requireAuth] AccessToken from cookies: present
2025-11-03T08:12:38.471Z [DEBUG] [req:e9df080e-3e29-4e0d-b96d-6fa44afda589] [requireAuth] Authorization header: missing
2025-11-03T08:12:38.475Z [DEBUG] [req:e9df080e-3e29-4e0d-b96d-6fa44afda589] [requireAuth] Token decoded for userId: 6905f7a11c7ed2a04156ea74
2025-11-03T08:12:38.639Z [DEBUG] [req:e9df080e-3e29-4e0d-b96d-6fa44afda589] [requireAuth] User SHAH HUSSAIN authenticated.
2025-11-03T08:12:38.639Z [DEBUG] [req:e9df080e-3e29-4e0d-b96d-6fa44afda589] [requireAuth] Session V7lNkNkfW0wQxjqhV9I7V8cOQM9C1xo6 touched.
2025-11-03T08:12:39.134Z [HTTP] [req:e9df080e-3e29-4e0d-b96d-6fa44afda589] ::1 - - [03/Nov/2025:08:12:39 +0000] "GET /api/v1/orders/admin?page=1&limit=10&sortBy=date&sortOrder=desc HTTP/1.1" 304 - "http://localhost:5173/" "Mozilla/5.0 (Windows NT 10.0; Win64; x64) AppleWebKit/537.36 (KHTML, like Gecko) Chrome/123.0.0.0 Safari/537.36"
2025-11-03T08:12:45.777Z [HTTP] [req:8b93417b-f0be-4ab8-a557-ffa62ee5d227] ::1 - - [03/Nov/2025:08:12:45 +0000] "OPTIONS /api/v1/orders/6907189a9b07f47b9d78b516 HTTP/1.1" 204 0 "http://localhost:5173/" "Mozilla/5.0 (Windows NT 10.0; Win64; x64) AppleWebKit/537.36 (KHTML, like Gecko) Chrome/123.0.0.0 Safari/537.36"
2025-11-03T08:12:45.782Z [DEBUG] [req:fcf8b963-2814-4cfa-8286-dbfa57da250a] [requireAuth] Attempting to authenticate for path: /6907189a9b07f47b9d78b516
2025-11-03T08:12:45.792Z [DEBUG] [req:fcf8b963-2814-4cfa-8286-dbfa57da250a] [requireAuth] AccessToken from cookies: present
2025-11-03T08:12:45.793Z [DEBUG] [req:fcf8b963-2814-4cfa-8286-dbfa57da250a] [requireAuth] Authorization header: missing
2025-11-03T08:12:45.795Z [DEBUG] [req:fcf8b963-2814-4cfa-8286-dbfa57da250a] [requireAuth] Token decoded for userId: 6905f7a11c7ed2a04156ea74
2025-11-03T08:12:45.961Z [DEBUG] [req:fcf8b963-2814-4cfa-8286-dbfa57da250a] [requireAuth] User SHAH HUSSAIN authenticated.
2025-11-03T08:12:45.962Z [DEBUG] [req:fcf8b963-2814-4cfa-8286-dbfa57da250a] [requireAuth] Session jwfgbuvwgZAW-fxHpL7P5bjKEhB-rOHW touched.
2025-11-03T08:12:46.633Z [INFO] [req:N/A] Published message to queue order_status_emails
2025-11-03T08:12:46.634Z [INFO] [req:fcf8b963-2814-4cfa-8286-dbfa57da250a] [updateOrderStatus] published order status email job
2025-11-03T08:12:46.636Z [HTTP] [req:fcf8b963-2814-4cfa-8286-dbfa57da250a] ::1 - - [03/Nov/2025:08:12:46 +0000] "PUT /api/v1/orders/6907189a9b07f47b9d78b516 HTTP/1.1" 200 914 "http://localhost:5173/" "Mozilla/5.0 (Windows NT 10.0; Win64; x64) AppleWebKit/537.36 (KHTML, like Gecko) Chrome/123.0.0.0 Safari/537.36"
2025-11-03T08:12:46.641Z [DEBUG] [req:948940c9-3dca-47ce-b5fb-4bc070047557] [requireAuth] Attempting to authenticate for path: /admin
2025-11-03T08:12:46.642Z [DEBUG] [req:948940c9-3dca-47ce-b5fb-4bc070047557] [requireAuth] AccessToken from cookies: present
2025-11-03T08:12:46.643Z [DEBUG] [req:948940c9-3dca-47ce-b5fb-4bc070047557] [requireAuth] Authorization header: missing
2025-11-03T08:12:46.645Z [DEBUG] [req:948940c9-3dca-47ce-b5fb-4bc070047557] [requireAuth] Token decoded for userId: 6905f7a11c7ed2a04156ea74
2025-11-03T08:12:46.809Z [DEBUG] [req:948940c9-3dca-47ce-b5fb-4bc070047557] [requireAuth] User SHAH HUSSAIN authenticated.
2025-11-03T08:12:46.810Z [DEBUG] [req:948940c9-3dca-47ce-b5fb-4bc070047557] [requireAuth] Session zlmmuVFNgApr0ulZL1Z2e8qr08VTJchy touched.
2025-11-03T08:12:47.305Z [HTTP] [req:948940c9-3dca-47ce-b5fb-4bc070047557] ::1 - - [03/Nov/2025:08:12:47 +0000] "GET /api/v1/orders/admin?page=1&limit=10&sortBy=date&sortOrder=desc HTTP/1.1" 200 1863 "http://localhost:5173/" "Mozilla/5.0 (Windows NT 10.0; Win64; x64) AppleWebKit/537.36 (KHTML, like Gecko) Chrome/123.0.0.0 Safari/537.36"
2025-11-03T08:12:47.308Z [DEBUG] [req:c9cd9245-02d3-44f5-b7da-44dd2ae71ad5] [requireAuth] Attempting to authenticate for path: /admin
2025-11-03T08:12:47.308Z [DEBUG] [req:c9cd9245-02d3-44f5-b7da-44dd2ae71ad5] [requireAuth] AccessToken from cookies: present
2025-11-03T08:12:47.309Z [DEBUG] [req:c9cd9245-02d3-44f5-b7da-44dd2ae71ad5] [requireAuth] Authorization header: missing
2025-11-03T08:12:47.312Z [DEBUG] [req:c9cd9245-02d3-44f5-b7da-44dd2ae71ad5] [requireAuth] Token decoded for userId: 6905f7a11c7ed2a04156ea74
2025-11-03T08:12:47.475Z [DEBUG] [req:c9cd9245-02d3-44f5-b7da-44dd2ae71ad5] [requireAuth] User SHAH HUSSAIN authenticated.
2025-11-03T08:12:47.476Z [DEBUG] [req:c9cd9245-02d3-44f5-b7da-44dd2ae71ad5] [requireAuth] Session MZt6SBFMAoL7DOyzH4PlMILw14ScbUpJ touched.
2025-11-03T08:12:47.969Z [HTTP] [req:c9cd9245-02d3-44f5-b7da-44dd2ae71ad5] ::1 - - [03/Nov/2025:08:12:47 +0000] "GET /api/v1/orders/admin?page=1&limit=10&sortBy=date&sortOrder=desc HTTP/1.1" 304 - "http://localhost:5173/" "Mozilla/5.0 (Windows NT 10.0; Win64; x64) AppleWebKit/537.36 (KHTML, like Gecko) Chrome/123.0.0.0 Safari/537.36"
2025-11-03T08:13:01.498Z [DEBUG] [req:ccb6c963-90d5-4238-b74f-9fa1ce40604f] [requireAuth] Attempting to authenticate for path: /
2025-11-03T08:13:01.498Z [DEBUG] [req:ccb6c963-90d5-4238-b74f-9fa1ce40604f] [requireAuth] AccessToken from cookies: present
2025-11-03T08:13:01.499Z [DEBUG] [req:ccb6c963-90d5-4238-b74f-9fa1ce40604f] [requireAuth] Authorization header: missing
2025-11-03T08:13:01.502Z [DEBUG] [req:ccb6c963-90d5-4238-b74f-9fa1ce40604f] [requireAuth] Token decoded for userId: 6905f7a11c7ed2a04156ea74
2025-11-03T08:13:01.666Z [DEBUG] [req:ccb6c963-90d5-4238-b74f-9fa1ce40604f] [requireAuth] User SHAH HUSSAIN authenticated.
2025-11-03T08:13:01.667Z [DEBUG] [req:ccb6c963-90d5-4238-b74f-9fa1ce40604f] [requireAuth] Session gBdRJfJT-tg3uzF0W6Nn9Oah4NHFRkgu touched.
2025-11-03T08:13:02.001Z [HTTP] [req:ccb6c963-90d5-4238-b74f-9fa1ce40604f] ::1 - - [03/Nov/2025:08:13:02 +0000] "GET /api/v1/customers?page=1&limit=10&sortBy=createdAt&sortOrder=desc HTTP/1.1" 200 377 "http://localhost:5173/" "Mozilla/5.0 (Windows NT 10.0; Win64; x64) AppleWebKit/537.36 (KHTML, like Gecko) Chrome/123.0.0.0 Safari/537.36"
2025-11-03T08:17:54.538Z [DEBUG] [req:92c89907-b876-4242-a138-c35535d5ffba] [requireAuth] Attempting to authenticate for path: /check-auth
2025-11-03T08:17:54.538Z [DEBUG] [req:92c89907-b876-4242-a138-c35535d5ffba] [requireAuth] AccessToken from cookies: missing
2025-11-03T08:17:54.539Z [DEBUG] [req:92c89907-b876-4242-a138-c35535d5ffba] [requireAuth] Authorization header: missing
2025-11-03T08:17:54.540Z [WARN] [req:92c89907-b876-4242-a138-c35535d5ffba] [requireAuth] Unauthorized: No token provided for path: /check-auth
2025-11-03T08:17:54.542Z [HTTP] [req:92c89907-b876-4242-a138-c35535d5ffba] ::1 - - [03/Nov/2025:08:17:54 +0000] "GET /api/v1/auth/check-auth HTTP/1.1" 401 62 "http://localhost:53271/" "Mozilla/5.0 (Windows NT 10.0; Win64; x64) AppleWebKit/537.36 (KHTML, like Gecko) dyad/0.26.0 Chrome/140.0.7339.133 Electron/38.2.2 Safari/537.36"
2025-11-03T08:17:55.034Z [HTTP] [req:57e6638a-09ff-4bf6-a620-3a1dc2d41a7f] ::1 - - [03/Nov/2025:08:17:55 +0000] "GET /api/v1/categories HTTP/1.1" 200 1379 "http://localhost:53271/" "Mozilla/5.0 (Windows NT 10.0; Win64; x64) AppleWebKit/537.36 (KHTML, like Gecko) dyad/0.26.0 Chrome/140.0.7339.133 Electron/38.2.2 Safari/537.36"
2025-11-03T08:17:55.196Z [HTTP] [req:5c0e7ab2-8c11-4340-b720-97ead6b31d45] ::1 - - [03/Nov/2025:08:17:55 +0000] "GET /api/v1/products/featured HTTP/1.1" 200 6833 "http://localhost:53271/" "Mozilla/5.0 (Windows NT 10.0; Win64; x64) AppleWebKit/537.36 (KHTML, like Gecko) dyad/0.26.0 Chrome/140.0.7339.133 Electron/38.2.2 Safari/537.36"
2025-11-03T08:19:52.171Z [HTTP] [req:f96ae02a-1832-42ca-b743-b6c861bd790f] ::1 - - [03/Nov/2025:08:19:52 +0000] "GET /api/v1/categories HTTP/1.1" 200 1379 "http://localhost:53271/" "Mozilla/5.0 (Windows NT 10.0; Win64; x64) AppleWebKit/537.36 (KHTML, like Gecko) dyad/0.26.0 Chrome/140.0.7339.133 Electron/38.2.2 Safari/537.36"
2025-11-03T08:19:52.184Z [HTTP] [req:07e80041-25f1-4ab9-9f5f-f146252cf555] ::1 - - [03/Nov/2025:08:19:52 +0000] "GET /api/v1/products/featured HTTP/1.1" 200 6833 "http://localhost:53271/" "Mozilla/5.0 (Windows NT 10.0; Win64; x64) AppleWebKit/537.36 (KHTML, like Gecko) dyad/0.26.0 Chrome/140.0.7339.133 Electron/38.2.2 Safari/537.36"
2025-11-03T08:29:43.762Z [DEBUG] [req:df721e4d-9394-4cde-8e98-a13df2a6a315] [requireAuth] Attempting to authenticate for path: /
2025-11-03T08:29:43.763Z [DEBUG] [req:df721e4d-9394-4cde-8e98-a13df2a6a315] [requireAuth] AccessToken from cookies: present
2025-11-03T08:29:43.764Z [DEBUG] [req:df721e4d-9394-4cde-8e98-a13df2a6a315] [requireAuth] Authorization header: missing
2025-11-03T08:29:43.766Z [DEBUG] [req:df721e4d-9394-4cde-8e98-a13df2a6a315] [requireAuth] Token decoded for userId: 6905f7a11c7ed2a04156ea74
2025-11-03T08:29:43.933Z [DEBUG] [req:df721e4d-9394-4cde-8e98-a13df2a6a315] [requireAuth] User SHAH HUSSAIN authenticated.
2025-11-03T08:29:43.934Z [DEBUG] [req:df721e4d-9394-4cde-8e98-a13df2a6a315] [requireAuth] Session RI7zryXRuVtBzcuX2pDSbMLAm7Pgbqnj touched.
2025-11-03T08:29:44.264Z [HTTP] [req:df721e4d-9394-4cde-8e98-a13df2a6a315] ::1 - - [03/Nov/2025:08:29:44 +0000] "GET /api/v1/customers?page=1&limit=10&sortBy=createdAt&sortOrder=desc HTTP/1.1" 304 - "http://localhost:5173/" "Mozilla/5.0 (Windows NT 10.0; Win64; x64) AppleWebKit/537.36 (KHTML, like Gecko) Chrome/123.0.0.0 Safari/537.36"
2025-11-03T08:30:48.471Z [DEBUG] [req:4b795750-fbcb-46dc-9323-cad84a17455a] [requireAuth] Attempting to authenticate for path: /check-auth
2025-11-03T08:30:48.472Z [DEBUG] [req:4b795750-fbcb-46dc-9323-cad84a17455a] [requireAuth] AccessToken from cookies: present
2025-11-03T08:30:48.474Z [DEBUG] [req:4b795750-fbcb-46dc-9323-cad84a17455a] [requireAuth] Authorization header: missing
2025-11-03T08:30:48.477Z [DEBUG] [req:4b795750-fbcb-46dc-9323-cad84a17455a] [requireAuth] Token decoded for userId: 6905f7a11c7ed2a04156ea74
2025-11-03T08:30:48.641Z [DEBUG] [req:4b795750-fbcb-46dc-9323-cad84a17455a] [requireAuth] User SHAH HUSSAIN authenticated.
2025-11-03T08:30:48.643Z [DEBUG] [req:4b795750-fbcb-46dc-9323-cad84a17455a] [requireAuth] Session xzf6jPB3ktB_UrUIjDN-xNGSa0VwmTN8 touched.
2025-11-03T08:30:48.646Z [HTTP] [req:4b795750-fbcb-46dc-9323-cad84a17455a] ::1 - - [03/Nov/2025:08:30:48 +0000] "GET /api/v1/auth/check-auth HTTP/1.1" 304 - "http://localhost:5173/" "Mozilla/5.0 (Windows NT 10.0; Win64; x64) AppleWebKit/537.36 (KHTML, like Gecko) Chrome/123.0.0.0 Safari/537.36"
2025-11-03T08:30:48.694Z [DEBUG] [req:eee43fe9-c0a4-4f1b-9da9-7480b27bfe64] [requireAuth] Attempting to authenticate for path: /admin
2025-11-03T08:30:48.694Z [DEBUG] [req:eee43fe9-c0a4-4f1b-9da9-7480b27bfe64] [requireAuth] AccessToken from cookies: present
2025-11-03T08:30:48.695Z [DEBUG] [req:eee43fe9-c0a4-4f1b-9da9-7480b27bfe64] [requireAuth] Authorization header: missing
2025-11-03T08:30:48.697Z [DEBUG] [req:eee43fe9-c0a4-4f1b-9da9-7480b27bfe64] [requireAuth] Token decoded for userId: 6905f7a11c7ed2a04156ea74
2025-11-03T08:30:48.861Z [DEBUG] [req:eee43fe9-c0a4-4f1b-9da9-7480b27bfe64] [requireAuth] User SHAH HUSSAIN authenticated.
2025-11-03T08:30:48.861Z [DEBUG] [req:eee43fe9-c0a4-4f1b-9da9-7480b27bfe64] [requireAuth] Session ZqY0LGppT-n_ve3qpUQcmSLPyvZrwrhI touched.
2025-11-03T08:30:49.358Z [HTTP] [req:eee43fe9-c0a4-4f1b-9da9-7480b27bfe64] ::1 - - [03/Nov/2025:08:30:49 +0000] "GET /api/v1/orders/admin?page=1&limit=10&sortBy=date&sortOrder=desc HTTP/1.1" 304 - "http://localhost:5173/" "Mozilla/5.0 (Windows NT 10.0; Win64; x64) AppleWebKit/537.36 (KHTML, like Gecko) Chrome/123.0.0.0 Safari/537.36"
2025-11-03T08:30:52.974Z [DEBUG] [req:945a784b-d4bd-49cd-8add-4297843fc906] [requireAuth] Attempting to authenticate for path: /
2025-11-03T08:30:52.975Z [DEBUG] [req:945a784b-d4bd-49cd-8add-4297843fc906] [requireAuth] AccessToken from cookies: present
2025-11-03T08:30:52.976Z [DEBUG] [req:945a784b-d4bd-49cd-8add-4297843fc906] [requireAuth] Authorization header: missing
2025-11-03T08:30:52.978Z [DEBUG] [req:945a784b-d4bd-49cd-8add-4297843fc906] [requireAuth] Token decoded for userId: 6905f7a11c7ed2a04156ea74
2025-11-03T08:30:53.145Z [DEBUG] [req:945a784b-d4bd-49cd-8add-4297843fc906] [requireAuth] User SHAH HUSSAIN authenticated.
2025-11-03T08:30:53.146Z [DEBUG] [req:945a784b-d4bd-49cd-8add-4297843fc906] [requireAuth] Session ttRGstiMsVzBu6f3Bgl8XkW7ts5T4YIY touched.
2025-11-03T08:30:53.474Z [HTTP] [req:945a784b-d4bd-49cd-8add-4297843fc906] ::1 - - [03/Nov/2025:08:30:53 +0000] "GET /api/v1/customers?page=1&limit=10&sortBy=createdAt&sortOrder=desc HTTP/1.1" 304 - "http://localhost:5173/" "Mozilla/5.0 (Windows NT 10.0; Win64; x64) AppleWebKit/537.36 (KHTML, like Gecko) Chrome/123.0.0.0 Safari/537.36"
2025-11-03T08:31:01.398Z [DEBUG] [req:c6a2c82c-1023-4e34-838c-1ae12a292897] [requireAuth] Attempting to authenticate for path: /check-auth
2025-11-03T08:31:01.398Z [DEBUG] [req:c6a2c82c-1023-4e34-838c-1ae12a292897] [requireAuth] AccessToken from cookies: present
2025-11-03T08:31:01.399Z [DEBUG] [req:c6a2c82c-1023-4e34-838c-1ae12a292897] [requireAuth] Authorization header: missing
2025-11-03T08:31:01.401Z [DEBUG] [req:c6a2c82c-1023-4e34-838c-1ae12a292897] [requireAuth] Token decoded for userId: 6905f7a11c7ed2a04156ea74
2025-11-03T08:31:01.566Z [DEBUG] [req:c6a2c82c-1023-4e34-838c-1ae12a292897] [requireAuth] User SHAH HUSSAIN authenticated.
2025-11-03T08:31:01.566Z [DEBUG] [req:c6a2c82c-1023-4e34-838c-1ae12a292897] [requireAuth] Session mlYHJah8qgxucsigxNdqD6nOmEnIcdlM touched.
2025-11-03T08:31:01.568Z [HTTP] [req:c6a2c82c-1023-4e34-838c-1ae12a292897] ::1 - - [03/Nov/2025:08:31:01 +0000] "GET /api/v1/auth/check-auth HTTP/1.1" 304 - "http://localhost:5173/" "Mozilla/5.0 (Windows NT 10.0; Win64; x64) AppleWebKit/537.36 (KHTML, like Gecko) Chrome/123.0.0.0 Safari/537.36"
2025-11-03T08:31:01.610Z [DEBUG] [req:d60a81a4-6709-48ab-941f-59e05227a472] [requireAuth] Attempting to authenticate for path: /admin
2025-11-03T08:31:01.611Z [DEBUG] [req:d60a81a4-6709-48ab-941f-59e05227a472] [requireAuth] AccessToken from cookies: present
2025-11-03T08:31:01.612Z [DEBUG] [req:d60a81a4-6709-48ab-941f-59e05227a472] [requireAuth] Authorization header: missing
2025-11-03T08:31:01.613Z [DEBUG] [req:d60a81a4-6709-48ab-941f-59e05227a472] [requireAuth] Token decoded for userId: 6905f7a11c7ed2a04156ea74
2025-11-03T08:31:01.782Z [DEBUG] [req:d60a81a4-6709-48ab-941f-59e05227a472] [requireAuth] User SHAH HUSSAIN authenticated.
2025-11-03T08:31:01.782Z [DEBUG] [req:d60a81a4-6709-48ab-941f-59e05227a472] [requireAuth] Session e9_Qi_qbqxcAQPQDkCprRHQhnKqogLXl touched.
2025-11-03T08:31:02.278Z [HTTP] [req:d60a81a4-6709-48ab-941f-59e05227a472] ::1 - - [03/Nov/2025:08:31:02 +0000] "GET /api/v1/orders/admin?page=1&limit=10&sortBy=date&sortOrder=desc HTTP/1.1" 304 - "http://localhost:5173/" "Mozilla/5.0 (Windows NT 10.0; Win64; x64) AppleWebKit/537.36 (KHTML, like Gecko) Chrome/123.0.0.0 Safari/537.36"
2025-11-03T08:31:39.333Z [DEBUG] [req:891f59d7-5eef-4c8c-ac6b-22be21d8327d] [requireAuth] Attempting to authenticate for path: /
2025-11-03T08:31:39.334Z [DEBUG] [req:891f59d7-5eef-4c8c-ac6b-22be21d8327d] [requireAuth] AccessToken from cookies: present
2025-11-03T08:31:39.335Z [DEBUG] [req:891f59d7-5eef-4c8c-ac6b-22be21d8327d] [requireAuth] Authorization header: missing
2025-11-03T08:31:39.337Z [DEBUG] [req:891f59d7-5eef-4c8c-ac6b-22be21d8327d] [requireAuth] Token decoded for userId: 6905f7a11c7ed2a04156ea74
2025-11-03T08:31:39.500Z [DEBUG] [req:891f59d7-5eef-4c8c-ac6b-22be21d8327d] [requireAuth] User SHAH HUSSAIN authenticated.
2025-11-03T08:31:39.501Z [DEBUG] [req:891f59d7-5eef-4c8c-ac6b-22be21d8327d] [requireAuth] Session l6Gr0-Ck2jZj9ELbuxZ0CJcb4HsPR79b touched.
2025-11-03T08:31:39.829Z [HTTP] [req:891f59d7-5eef-4c8c-ac6b-22be21d8327d] ::1 - - [03/Nov/2025:08:31:39 +0000] "GET /api/v1/customers?page=1&limit=10&sortBy=createdAt&sortOrder=desc HTTP/1.1" 304 - "http://localhost:5173/" "Mozilla/5.0 (Windows NT 10.0; Win64; x64) AppleWebKit/537.36 (KHTML, like Gecko) Chrome/123.0.0.0 Safari/537.36"
2025-11-03T08:41:42.234Z [WARN] [req:N/A] ⚠️ Mongoose connection is disconnected.
2025-11-03T08:41:43.102Z [INFO] [req:N/A] ✅ Mongoose connected to DB
2025-11-03T08:46:07.760Z [ERROR] [req:N/A] RabbitMQ connection error:
2025-11-03T08:46:07.763Z [WARN] [req:N/A] RabbitMQ connection closed
2025-11-03T08:48:04.774Z [DEBUG] [req:a25b60de-b670-4041-8941-2f5b6499670c] [requireAuth] Attempting to authenticate for path: /
2025-11-03T08:48:04.775Z [DEBUG] [req:a25b60de-b670-4041-8941-2f5b6499670c] [requireAuth] AccessToken from cookies: present
2025-11-03T08:48:04.776Z [DEBUG] [req:a25b60de-b670-4041-8941-2f5b6499670c] [requireAuth] Authorization header: missing
2025-11-03T08:48:04.778Z [DEBUG] [req:a25b60de-b670-4041-8941-2f5b6499670c] [requireAuth] Token decoded for userId: 6905f7a11c7ed2a04156ea74
2025-11-03T08:48:14.764Z [DEBUG] [req:a25b60de-b670-4041-8941-2f5b6499670c] [requireAuth] User SHAH HUSSAIN authenticated.
2025-11-03T08:48:14.765Z [DEBUG] [req:a25b60de-b670-4041-8941-2f5b6499670c] [requireAuth] Session aeKexq1ooTGdBX6PwbexTBJqjxaHy3TL touched.
2025-11-03T08:48:16.384Z [HTTP] [req:a25b60de-b670-4041-8941-2f5b6499670c] ::1 - - [03/Nov/2025:08:48:16 +0000] "GET /api/v1/customers?page=1&limit=10&sortBy=createdAt&sortOrder=desc HTTP/1.1" 304 - "http://localhost:5173/" "Mozilla/5.0 (Windows NT 10.0; Win64; x64) AppleWebKit/537.36 (KHTML, like Gecko) Chrome/123.0.0.0 Safari/537.36"
2025-11-03T08:49:05.173Z [DEBUG] [req:c4a4250a-4ae3-4eb5-93cc-9360e35111f9] [requireAuth] Attempting to authenticate for path: /admin
2025-11-03T08:49:05.173Z [DEBUG] [req:c4a4250a-4ae3-4eb5-93cc-9360e35111f9] [requireAuth] AccessToken from cookies: present
2025-11-03T08:49:05.174Z [DEBUG] [req:c4a4250a-4ae3-4eb5-93cc-9360e35111f9] [requireAuth] Authorization header: missing
2025-11-03T08:49:05.176Z [DEBUG] [req:c4a4250a-4ae3-4eb5-93cc-9360e35111f9] [requireAuth] Token decoded for userId: 6905f7a11c7ed2a04156ea74
2025-11-03T08:49:05.440Z [DEBUG] [req:c4a4250a-4ae3-4eb5-93cc-9360e35111f9] [requireAuth] User SHAH HUSSAIN authenticated.
2025-11-03T08:49:05.441Z [DEBUG] [req:c4a4250a-4ae3-4eb5-93cc-9360e35111f9] [requireAuth] Session hsUcCXO7N4smm6CuYxyjW_iZel3dKetc touched.
2025-11-03T08:49:06.332Z [HTTP] [req:c4a4250a-4ae3-4eb5-93cc-9360e35111f9] ::1 - - [03/Nov/2025:08:49:06 +0000] "GET /api/v1/orders/admin?page=1&limit=10&sortBy=date&sortOrder=desc HTTP/1.1" 304 - "http://localhost:5173/" "Mozilla/5.0 (Windows NT 10.0; Win64; x64) AppleWebKit/537.36 (KHTML, like Gecko) Chrome/123.0.0.0 Safari/537.36"
2025-11-03T08:49:10.695Z [DEBUG] [req:655f2ac1-0016-47f4-8291-61efec635d77] [requireAuth] Attempting to authenticate for path: /admin
2025-11-03T08:49:10.696Z [DEBUG] [req:655f2ac1-0016-47f4-8291-61efec635d77] [requireAuth] AccessToken from cookies: present
2025-11-03T08:49:10.697Z [DEBUG] [req:655f2ac1-0016-47f4-8291-61efec635d77] [requireAuth] Authorization header: missing
2025-11-03T08:49:10.699Z [DEBUG] [req:655f2ac1-0016-47f4-8291-61efec635d77] [requireAuth] Token decoded for userId: 6905f7a11c7ed2a04156ea74
2025-11-03T08:49:11.638Z [DEBUG] [req:655f2ac1-0016-47f4-8291-61efec635d77] [requireAuth] User SHAH HUSSAIN authenticated.
2025-11-03T08:49:11.639Z [DEBUG] [req:655f2ac1-0016-47f4-8291-61efec635d77] [requireAuth] Session TZoP68asKqQNRVIYJ5cc2MuU6hkZ6NiC touched.
2025-11-03T08:49:12.433Z [HTTP] [req:655f2ac1-0016-47f4-8291-61efec635d77] ::1 - - [03/Nov/2025:08:49:12 +0000] "GET /api/v1/orders/admin?page=1&limit=10&sortBy=date&sortOrder=asc HTTP/1.1" 200 1863 "http://localhost:5173/" "Mozilla/5.0 (Windows NT 10.0; Win64; x64) AppleWebKit/537.36 (KHTML, like Gecko) Chrome/123.0.0.0 Safari/537.36"
2025-11-03T08:49:20.618Z [DEBUG] [req:ab1ca33e-7ed8-4e96-b0ca-54d4a1c8eb4a] [requireAuth] Attempting to authenticate for path: /admin
2025-11-03T08:49:20.618Z [DEBUG] [req:ab1ca33e-7ed8-4e96-b0ca-54d4a1c8eb4a] [requireAuth] AccessToken from cookies: present
2025-11-03T08:49:20.619Z [DEBUG] [req:ab1ca33e-7ed8-4e96-b0ca-54d4a1c8eb4a] [requireAuth] Authorization header: missing
2025-11-03T08:49:20.622Z [DEBUG] [req:ab1ca33e-7ed8-4e96-b0ca-54d4a1c8eb4a] [requireAuth] Token decoded for userId: 6905f7a11c7ed2a04156ea74
2025-11-03T08:49:20.887Z [DEBUG] [req:ab1ca33e-7ed8-4e96-b0ca-54d4a1c8eb4a] [requireAuth] User SHAH HUSSAIN authenticated.
2025-11-03T08:49:20.887Z [DEBUG] [req:ab1ca33e-7ed8-4e96-b0ca-54d4a1c8eb4a] [requireAuth] Session gxU8Viz5FaKag59TlntyVFM5Xvw2oHkL touched.
2025-11-03T08:49:21.682Z [HTTP] [req:ab1ca33e-7ed8-4e96-b0ca-54d4a1c8eb4a] ::1 - - [03/Nov/2025:08:49:21 +0000] "GET /api/v1/orders/admin?page=1&limit=10&searchTerm=A&sortBy=date&sortOrder=asc HTTP/1.1" 200 1863 "http://localhost:5173/" "Mozilla/5.0 (Windows NT 10.0; Win64; x64) AppleWebKit/537.36 (KHTML, like Gecko) Chrome/123.0.0.0 Safari/537.36"
2025-11-03T08:49:22.160Z [DEBUG] [req:96096825-fbe2-4113-86ec-6975840cceb2] [requireAuth] Attempting to authenticate for path: /admin
2025-11-03T08:49:22.161Z [DEBUG] [req:96096825-fbe2-4113-86ec-6975840cceb2] [requireAuth] AccessToken from cookies: present
2025-11-03T08:49:22.162Z [DEBUG] [req:96096825-fbe2-4113-86ec-6975840cceb2] [requireAuth] Authorization header: missing
2025-11-03T08:49:22.164Z [DEBUG] [req:96096825-fbe2-4113-86ec-6975840cceb2] [requireAuth] Token decoded for userId: 6905f7a11c7ed2a04156ea74
2025-11-03T08:49:22.428Z [DEBUG] [req:96096825-fbe2-4113-86ec-6975840cceb2] [requireAuth] User SHAH HUSSAIN authenticated.
2025-11-03T08:49:22.429Z [DEBUG] [req:96096825-fbe2-4113-86ec-6975840cceb2] [requireAuth] Session HfY4ab_-6fXw7RBckkUxGIs8IZh0LZDn touched.
2025-11-03T08:49:23.225Z [HTTP] [req:96096825-fbe2-4113-86ec-6975840cceb2] ::1 - - [03/Nov/2025:08:49:23 +0000] "GET /api/v1/orders/admin?page=1&limit=10&searchTerm=Ali&sortBy=date&sortOrder=asc HTTP/1.1" 200 1863 "http://localhost:5173/" "Mozilla/5.0 (Windows NT 10.0; Win64; x64) AppleWebKit/537.36 (KHTML, like Gecko) Chrome/123.0.0.0 Safari/537.36"
2025-11-03T08:49:30.929Z [DEBUG] [req:c9612428-0220-4adb-8344-ba70f9d160ac] [requireAuth] Attempting to authenticate for path: /admin
2025-11-03T08:49:30.930Z [DEBUG] [req:c9612428-0220-4adb-8344-ba70f9d160ac] [requireAuth] AccessToken from cookies: present
2025-11-03T08:49:30.931Z [DEBUG] [req:c9612428-0220-4adb-8344-ba70f9d160ac] [requireAuth] Authorization header: missing
2025-11-03T08:49:30.934Z [DEBUG] [req:c9612428-0220-4adb-8344-ba70f9d160ac] [requireAuth] Token decoded for userId: 6905f7a11c7ed2a04156ea74
2025-11-03T08:49:31.202Z [DEBUG] [req:c9612428-0220-4adb-8344-ba70f9d160ac] [requireAuth] User SHAH HUSSAIN authenticated.
2025-11-03T08:49:31.202Z [DEBUG] [req:c9612428-0220-4adb-8344-ba70f9d160ac] [requireAuth] Session ZNfOrcAJNoR0zzZu54iRtZs-wm3jStcA touched.
2025-11-03T08:49:31.732Z [HTTP] [req:c9612428-0220-4adb-8344-ba70f9d160ac] ::1 - - [03/Nov/2025:08:49:31 +0000] "GET /api/v1/orders/admin?page=1&limit=10&searchTerm=Alex&sortBy=date&sortOrder=asc HTTP/1.1" 200 58 "http://localhost:5173/" "Mozilla/5.0 (Windows NT 10.0; Win64; x64) AppleWebKit/537.36 (KHTML, like Gecko) Chrome/123.0.0.0 Safari/537.36"
2025-11-03T09:22:40.169Z [DEBUG] [req:0caa1750-b590-412c-b870-e6d7ff3e0683] [requireAuth] Attempting to authenticate for path: /check-auth
2025-11-03T09:22:40.170Z [DEBUG] [req:0caa1750-b590-412c-b870-e6d7ff3e0683] [requireAuth] AccessToken from cookies: missing
2025-11-03T09:22:40.171Z [DEBUG] [req:0caa1750-b590-412c-b870-e6d7ff3e0683] [requireAuth] Authorization header: missing
2025-11-03T09:22:40.173Z [WARN] [req:0caa1750-b590-412c-b870-e6d7ff3e0683] [requireAuth] Unauthorized: No token provided for path: /check-auth
2025-11-03T09:22:40.176Z [HTTP] [req:0caa1750-b590-412c-b870-e6d7ff3e0683] ::1 - - [03/Nov/2025:09:22:40 +0000] "GET /api/v1/auth/check-auth HTTP/1.1" 401 62 "http://localhost:5173/" "Mozilla/5.0 (Windows NT 10.0; Win64; x64) AppleWebKit/537.36 (KHTML, like Gecko) Chrome/123.0.0.0 Safari/537.36"
2025-11-03T09:23:22.239Z [HTTP] [req:d0ea3997-ce1f-4e41-9615-23fbd96bb7b6] ::1 - - [03/Nov/2025:09:23:22 +0000] "OPTIONS /api/v1/auth/login HTTP/1.1" 204 0 "http://localhost:5173/" "Mozilla/5.0 (Windows NT 10.0; Win64; x64) AppleWebKit/537.36 (KHTML, like Gecko) Chrome/123.0.0.0 Safari/537.36"
2025-11-03T09:23:28.974Z [HTTP] [req:fe9553cf-f62c-44f7-917c-d4a82597781e] ::1 - - [03/Nov/2025:09:23:28 +0000] "POST /api/v1/auth/login HTTP/1.1" 200 841 "http://localhost:5173/" "Mozilla/5.0 (Windows NT 10.0; Win64; x64) AppleWebKit/537.36 (KHTML, like Gecko) Chrome/123.0.0.0 Safari/537.36"
2025-11-03T09:23:28.993Z [DEBUG] [req:0de678de-7533-4048-aaca-684870990aba] [requireAuth] Attempting to authenticate for path: /check-auth
2025-11-03T09:23:28.994Z [DEBUG] [req:0de678de-7533-4048-aaca-684870990aba] [requireAuth] AccessToken from cookies: present
2025-11-03T09:23:28.994Z [DEBUG] [req:0de678de-7533-4048-aaca-684870990aba] [requireAuth] Authorization header: missing
2025-11-03T09:23:28.999Z [DEBUG] [req:0de678de-7533-4048-aaca-684870990aba] [requireAuth] Token decoded for userId: 6905f7a11c7ed2a04156ea74
2025-11-03T09:23:29.183Z [DEBUG] [req:0de678de-7533-4048-aaca-684870990aba] [requireAuth] User SHAH HUSSAIN authenticated.
2025-11-03T09:23:29.183Z [DEBUG] [req:0de678de-7533-4048-aaca-684870990aba] [requireAuth] Session MfYdKJ0pmnZBGYCdLW8vmBZADJXC0_DO touched.
2025-11-03T09:23:29.193Z [HTTP] [req:0de678de-7533-4048-aaca-684870990aba] ::1 - - [03/Nov/2025:09:23:29 +0000] "GET /api/v1/auth/check-auth HTTP/1.1" 200 310 "http://localhost:5173/" "Mozilla/5.0 (Windows NT 10.0; Win64; x64) AppleWebKit/537.36 (KHTML, like Gecko) Chrome/123.0.0.0 Safari/537.36"
2025-11-03T09:23:29.232Z [DEBUG] [req:6ec76f4a-00dc-4b09-b99b-3dfee4c67ca8] [requireAuth] Attempting to authenticate for path: /metrics
2025-11-03T09:23:29.232Z [DEBUG] [req:6ec76f4a-00dc-4b09-b99b-3dfee4c67ca8] [requireAuth] AccessToken from cookies: present
2025-11-03T09:23:29.233Z [DEBUG] [req:6ec76f4a-00dc-4b09-b99b-3dfee4c67ca8] [requireAuth] Authorization header: missing
2025-11-03T09:23:29.237Z [DEBUG] [req:6ec76f4a-00dc-4b09-b99b-3dfee4c67ca8] [requireAuth] Token decoded for userId: 6905f7a11c7ed2a04156ea74
2025-11-03T09:23:29.240Z [DEBUG] [req:d47f661e-04dc-4867-ac8f-e16d10bc97be] [requireAuth] Attempting to authenticate for path: /sales-over-time
2025-11-03T09:23:29.241Z [DEBUG] [req:d47f661e-04dc-4867-ac8f-e16d10bc97be] [requireAuth] AccessToken from cookies: present
2025-11-03T09:23:29.242Z [DEBUG] [req:d47f661e-04dc-4867-ac8f-e16d10bc97be] [requireAuth] Authorization header: missing
2025-11-03T09:23:29.243Z [DEBUG] [req:d47f661e-04dc-4867-ac8f-e16d10bc97be] [requireAuth] Token decoded for userId: 6905f7a11c7ed2a04156ea74
2025-11-03T09:23:29.247Z [DEBUG] [req:8aa6f2bc-b1cf-4cd4-836a-9b26c4d1e6c5] [requireAuth] Attempting to authenticate for path: /top-selling-products
2025-11-03T09:23:29.248Z [DEBUG] [req:8aa6f2bc-b1cf-4cd4-836a-9b26c4d1e6c5] [requireAuth] AccessToken from cookies: present
2025-11-03T09:23:29.249Z [DEBUG] [req:8aa6f2bc-b1cf-4cd4-836a-9b26c4d1e6c5] [requireAuth] Authorization header: missing
2025-11-03T09:23:29.256Z [DEBUG] [req:8aa6f2bc-b1cf-4cd4-836a-9b26c4d1e6c5] [requireAuth] Token decoded for userId: 6905f7a11c7ed2a04156ea74
2025-11-03T09:23:29.905Z [DEBUG] [req:6ec76f4a-00dc-4b09-b99b-3dfee4c67ca8] [requireAuth] User SHAH HUSSAIN authenticated.
2025-11-03T09:23:29.906Z [DEBUG] [req:6ec76f4a-00dc-4b09-b99b-3dfee4c67ca8] [requireAuth] Session 3ty5-X5JvBc6nG0UbMio6LLdMTk-MCkh touched.
2025-11-03T09:23:30.552Z [DEBUG] [req:d47f661e-04dc-4867-ac8f-e16d10bc97be] [requireAuth] User SHAH HUSSAIN authenticated.
2025-11-03T09:23:30.553Z [DEBUG] [req:d47f661e-04dc-4867-ac8f-e16d10bc97be] [requireAuth] Session 9MfZWBVDPSchPYjvqC-f7Vz-JSpXelP4 touched.
2025-11-03T09:23:30.584Z [DEBUG] [req:8aa6f2bc-b1cf-4cd4-836a-9b26c4d1e6c5] [requireAuth] User SHAH HUSSAIN authenticated.
2025-11-03T09:23:30.584Z [DEBUG] [req:8aa6f2bc-b1cf-4cd4-836a-9b26c4d1e6c5] [requireAuth] Session imLlLvG8mQbjrn0NkELfwQVHgUit2stz touched.
2025-11-03T09:23:30.737Z [HTTP] [req:d47f661e-04dc-4867-ac8f-e16d10bc97be] ::1 - - [03/Nov/2025:09:23:30 +0000] "GET /api/v1/orders/sales-over-time?period=30days HTTP/1.1" 304 - "http://localhost:5173/" "Mozilla/5.0 (Windows NT 10.0; Win64; x64) AppleWebKit/537.36 (KHTML, like Gecko) Chrome/123.0.0.0 Safari/537.36"
2025-11-03T09:23:30.768Z [HTTP] [req:8aa6f2bc-b1cf-4cd4-836a-9b26c4d1e6c5] ::1 - - [03/Nov/2025:09:23:30 +0000] "GET /api/v1/orders/top-selling-products?limit=5&sortBy=revenue HTTP/1.1" 304 - "http://localhost:5173/" "Mozilla/5.0 (Windows NT 10.0; Win64; x64) AppleWebKit/537.36 (KHTML, like Gecko) Chrome/123.0.0.0 Safari/537.36"
2025-11-03T09:23:31.178Z [HTTP] [req:6ec76f4a-00dc-4b09-b99b-3dfee4c67ca8] ::1 - - [03/Nov/2025:09:23:31 +0000] "GET /api/v1/orders/metrics HTTP/1.1" 200 1998 "http://localhost:5173/" "Mozilla/5.0 (Windows NT 10.0; Win64; x64) AppleWebKit/537.36 (KHTML, like Gecko) Chrome/123.0.0.0 Safari/537.36"
2025-11-03T09:23:39.786Z [DEBUG] [req:057c6684-33e8-4058-aafd-767c1adde858] [requireAuth] Attempting to authenticate for path: /
2025-11-03T09:23:39.786Z [DEBUG] [req:057c6684-33e8-4058-aafd-767c1adde858] [requireAuth] AccessToken from cookies: present
2025-11-03T09:23:39.787Z [DEBUG] [req:057c6684-33e8-4058-aafd-767c1adde858] [requireAuth] Authorization header: missing
2025-11-03T09:23:39.789Z [DEBUG] [req:057c6684-33e8-4058-aafd-767c1adde858] [requireAuth] Token decoded for userId: 6905f7a11c7ed2a04156ea74
2025-11-03T09:23:39.970Z [DEBUG] [req:057c6684-33e8-4058-aafd-767c1adde858] [requireAuth] User SHAH HUSSAIN authenticated.
2025-11-03T09:23:39.971Z [DEBUG] [req:057c6684-33e8-4058-aafd-767c1adde858] [requireAuth] Session 2Khd_yco__MsdMMQKKZOgjc1KCR_VAV- touched.
2025-11-03T09:23:40.336Z [HTTP] [req:057c6684-33e8-4058-aafd-767c1adde858] ::1 - - [03/Nov/2025:09:23:40 +0000] "GET /api/v1/customers?page=1&limit=10&sortBy=createdAt&sortOrder=desc HTTP/1.1" 304 - "http://localhost:5173/" "Mozilla/5.0 (Windows NT 10.0; Win64; x64) AppleWebKit/537.36 (KHTML, like Gecko) Chrome/123.0.0.0 Safari/537.36"
2025-11-03T09:24:08.585Z [DEBUG] [req:44ddcb78-f4ae-4ae4-aec3-a3b7020bf80f] [requireAuth] Attempting to authenticate for path: /
2025-11-03T09:24:08.586Z [DEBUG] [req:44ddcb78-f4ae-4ae4-aec3-a3b7020bf80f] [requireAuth] AccessToken from cookies: present
2025-11-03T09:24:08.587Z [DEBUG] [req:44ddcb78-f4ae-4ae4-aec3-a3b7020bf80f] [requireAuth] Authorization header: missing
2025-11-03T09:24:08.588Z [DEBUG] [req:44ddcb78-f4ae-4ae4-aec3-a3b7020bf80f] [requireAuth] Token decoded for userId: 6905f7a11c7ed2a04156ea74
2025-11-03T09:24:08.770Z [DEBUG] [req:44ddcb78-f4ae-4ae4-aec3-a3b7020bf80f] [requireAuth] User SHAH HUSSAIN authenticated.
2025-11-03T09:24:08.771Z [DEBUG] [req:44ddcb78-f4ae-4ae4-aec3-a3b7020bf80f] [requireAuth] Session WcRxZzDV7nK1_oHgA4s5gYShB8G4nUcc touched.
2025-11-03T09:24:09.135Z [HTTP] [req:44ddcb78-f4ae-4ae4-aec3-a3b7020bf80f] ::1 - - [03/Nov/2025:09:24:09 +0000] "GET /api/v1/customers?page=1&limit=10&sortBy=createdAt&sortOrder=desc HTTP/1.1" 304 - "http://localhost:5173/" "Mozilla/5.0 (Windows NT 10.0; Win64; x64) AppleWebKit/537.36 (KHTML, like Gecko) Chrome/123.0.0.0 Safari/537.36"
2025-11-03T09:39:54.150Z [INFO] [req:N/A] [ImageProcessingQueue] Image processing queue initialized.
2025-11-03T09:39:55.357Z [INFO] [req:N/A] [ImageWorker] Image processing worker started.
2025-11-03T09:39:55.359Z [DEBUG] [req:N/A] Running in development mode
2025-11-03T09:39:58.317Z [INFO] [req:N/A] MongoClient connected for sessions.
2025-11-03T09:40:00.684Z [INFO] [req:N/A] ✅ Mongoose connected to DB
2025-11-03T09:40:00.688Z [INFO] [req:N/A] 📦 MongoDB Connected: cluster0-shard-00-00.oissf.mongodb.net
2025-11-03T09:40:00.689Z [INFO] [req:N/A] Attempting to connect to RabbitMQ (attempt 1/5) -> amqps://riqnpmbs:vBYpUAaZEJKuVUrmL36JlCvKccoujOWi@fuji.lmq.cloudamqp.com/riqnpmbs
2025-11-03T09:40:04.048Z [INFO] [req:N/A] RabbitMQ connected and confirm channel created
2025-11-03T09:40:04.270Z [INFO] [req:N/A] Asserted queue order_emails
2025-11-03T09:40:04.490Z [INFO] [req:N/A] Asserted queue order_status_emails
2025-11-03T09:40:04.675Z [INFO] [req:N/A] 46 products already exist in the database. Skipping product seeding.
2025-11-03T09:40:04.854Z [INFO] [req:N/A] 7 categories already exist in the database. Skipping category seeding.
2025-11-03T09:40:05.352Z [INFO] [req:N/A] Order number counter already exists, current sequence: 1006
2025-11-03T09:40:05.355Z [INFO] [req:N/A] 🚀 Server running in development mode on port 3001
2025-11-03T09:40:05.356Z [DEBUG] [req:N/A] http://localhost:3001
2025-11-03T09:43:02.477Z [WARN] [req:N/A] Received SIGINT, starting graceful shutdown...
2025-11-03T09:43:02.763Z [INFO] [req:N/A] Starting cleanup process...
2025-11-03T09:43:02.766Z [INFO] [req:N/A] Starting cleanup process...
2025-11-03T09:43:02.767Z [DEBUG] [req:N/A] Closing HTTP server...
2025-11-03T09:43:02.769Z [INFO] [req:N/A] HTTP server closed.
2025-11-03T09:53:53.262Z [INFO] [req:N/A] [ImageProcessingQueue] Image processing queue initialized.
2025-11-03T09:53:53.531Z [INFO] [req:N/A] [ImageWorker] Image processing worker started.
2025-11-03T09:53:53.533Z [DEBUG] [req:N/A] Running in development mode
2025-11-03T09:54:21.149Z [INFO] [req:N/A] MongoClient connected for sessions.
2025-11-03T09:54:34.570Z [INFO] [req:N/A] ✅ Mongoose connected to DB
2025-11-03T09:54:34.573Z [INFO] [req:N/A] 📦 MongoDB Connected: cluster0-shard-00-01.oissf.mongodb.net
2025-11-03T09:54:34.574Z [INFO] [req:N/A] Attempting to connect to RabbitMQ (attempt 1/5) -> amqps://riqnpmbs:vBYpUAaZEJKuVUrmL36JlCvKccoujOWi@fuji.lmq.cloudamqp.com/riqnpmbs
2025-11-03T09:54:37.681Z [INFO] [req:N/A] RabbitMQ connected and confirm channel created
2025-11-03T09:54:38.019Z [INFO] [req:N/A] Asserted queue order_emails
2025-11-03T09:54:38.320Z [INFO] [req:N/A] Asserted queue order_status_emails
2025-11-03T09:54:38.620Z [INFO] [req:N/A] 46 products already exist in the database. Skipping product seeding.
2025-11-03T09:54:38.876Z [INFO] [req:N/A] 7 categories already exist in the database. Skipping category seeding.
2025-11-03T09:54:39.141Z [INFO] [req:N/A] Order number counter already exists, current sequence: 1006
2025-11-03T09:54:39.145Z [INFO] [req:N/A] 🚀 Server running in development mode on port 3001
2025-11-03T09:54:39.145Z [DEBUG] [req:N/A] http://localhost:3001
2025-11-03T10:05:00.669Z [DEBUG] [req:c21ef61b-6b0c-4665-b931-1bde8a8e4d46] [requireAuth] Attempting to authenticate for path: /
2025-11-03T10:05:00.670Z [DEBUG] [req:c21ef61b-6b0c-4665-b931-1bde8a8e4d46] [requireAuth] AccessToken from cookies: present
2025-11-03T10:05:00.670Z [DEBUG] [req:c21ef61b-6b0c-4665-b931-1bde8a8e4d46] [requireAuth] Authorization header: missing
2025-11-03T10:05:00.674Z [DEBUG] [req:c21ef61b-6b0c-4665-b931-1bde8a8e4d46] [requireAuth] Token decoded for userId: 6905f7a11c7ed2a04156ea74
2025-11-03T10:05:00.938Z [DEBUG] [req:c21ef61b-6b0c-4665-b931-1bde8a8e4d46] [requireAuth] User SHAH HUSSAIN authenticated.
2025-11-03T10:05:00.939Z [DEBUG] [req:c21ef61b-6b0c-4665-b931-1bde8a8e4d46] [requireAuth] Session NozQilViXM26Was5i5mW5ltlTdqgePUq touched.
2025-11-03T10:05:01.457Z [HTTP] [req:c21ef61b-6b0c-4665-b931-1bde8a8e4d46] ::1 - - [03/Nov/2025:10:05:01 +0000] "GET /api/v1/customers?page=1&limit=10&sortBy=createdAt&sortOrder=desc HTTP/1.1" 304 - "http://localhost:5173/" "Mozilla/5.0 (Windows NT 10.0; Win64; x64) AppleWebKit/537.36 (KHTML, like Gecko) Chrome/123.0.0.0 Safari/537.36"
2025-11-03T10:05:24.918Z [HTTP] [req:2347e0da-e569-41d9-8ed5-1df5d653cb6d] ::1 - - [03/Nov/2025:10:05:24 +0000] "OPTIONS /api/v1/admin/users/6905faaabe681ee7389b1509 HTTP/1.1" 204 0 "http://localhost:5173/" "Mozilla/5.0 (Windows NT 10.0; Win64; x64) AppleWebKit/537.36 (KHTML, like Gecko) Chrome/123.0.0.0 Safari/537.36"
2025-11-03T10:05:25.113Z [DEBUG] [req:2e2c5dcf-4f2f-4c44-b142-83156bd0a3fb] [requireAuth] Attempting to authenticate for path: /users/6905faaabe681ee7389b1509
2025-11-03T10:05:25.114Z [DEBUG] [req:2e2c5dcf-4f2f-4c44-b142-83156bd0a3fb] [requireAuth] AccessToken from cookies: present
2025-11-03T10:05:25.115Z [DEBUG] [req:2e2c5dcf-4f2f-4c44-b142-83156bd0a3fb] [requireAuth] Authorization header: missing
2025-11-03T10:05:25.117Z [DEBUG] [req:2e2c5dcf-4f2f-4c44-b142-83156bd0a3fb] [requireAuth] Token decoded for userId: 6905f7a11c7ed2a04156ea74
2025-11-03T10:05:25.372Z [DEBUG] [req:2e2c5dcf-4f2f-4c44-b142-83156bd0a3fb] [requireAuth] User SHAH HUSSAIN authenticated.
2025-11-03T10:05:25.373Z [DEBUG] [req:2e2c5dcf-4f2f-4c44-b142-83156bd0a3fb] [requireAuth] Session itCJAipHUf3vbVuyPrZL1p8A9k0cP2AN touched.
2025-11-03T10:05:26.707Z [HTTP] [req:2e2c5dcf-4f2f-4c44-b142-83156bd0a3fb] ::1 - - [03/Nov/2025:10:05:26 +0000] "PUT /api/v1/admin/users/6905faaabe681ee7389b1509 HTTP/1.1" 200 347 "http://localhost:5173/" "Mozilla/5.0 (Windows NT 10.0; Win64; x64) AppleWebKit/537.36 (KHTML, like Gecko) Chrome/123.0.0.0 Safari/537.36"
2025-11-03T10:05:26.713Z [DEBUG] [req:ea48921a-1f5f-4bc7-8e4d-6665378242cb] [requireAuth] Attempting to authenticate for path: /
2025-11-03T10:05:26.714Z [DEBUG] [req:ea48921a-1f5f-4bc7-8e4d-6665378242cb] [requireAuth] AccessToken from cookies: present
2025-11-03T10:05:26.715Z [DEBUG] [req:ea48921a-1f5f-4bc7-8e4d-6665378242cb] [requireAuth] Authorization header: missing
2025-11-03T10:05:26.717Z [DEBUG] [req:ea48921a-1f5f-4bc7-8e4d-6665378242cb] [requireAuth] Token decoded for userId: 6905f7a11c7ed2a04156ea74
2025-11-03T10:05:28.021Z [DEBUG] [req:ea48921a-1f5f-4bc7-8e4d-6665378242cb] [requireAuth] User SHAH HUSSAIN authenticated.
2025-11-03T10:05:28.022Z [DEBUG] [req:ea48921a-1f5f-4bc7-8e4d-6665378242cb] [requireAuth] Session wF0tHVjbS-he-qqKiUdYOa-fAUIdALSK touched.
2025-11-03T10:05:28.531Z [HTTP] [req:ea48921a-1f5f-4bc7-8e4d-6665378242cb] ::1 - - [03/Nov/2025:10:05:28 +0000] "GET /api/v1/customers?page=1&limit=10&sortBy=createdAt&sortOrder=desc HTTP/1.1" 200 377 "http://localhost:5173/" "Mozilla/5.0 (Windows NT 10.0; Win64; x64) AppleWebKit/537.36 (KHTML, like Gecko) Chrome/123.0.0.0 Safari/537.36"
2025-11-03T10:05:28.534Z [DEBUG] [req:0cac270f-8d99-4a20-8fde-e00f8f7857d9] [requireAuth] Attempting to authenticate for path: /
2025-11-03T10:05:28.534Z [DEBUG] [req:0cac270f-8d99-4a20-8fde-e00f8f7857d9] [requireAuth] AccessToken from cookies: present
2025-11-03T10:05:28.536Z [DEBUG] [req:0cac270f-8d99-4a20-8fde-e00f8f7857d9] [requireAuth] Authorization header: missing
2025-11-03T10:05:28.538Z [DEBUG] [req:0cac270f-8d99-4a20-8fde-e00f8f7857d9] [requireAuth] Token decoded for userId: 6905f7a11c7ed2a04156ea74
2025-11-03T10:05:29.311Z [DEBUG] [req:0cac270f-8d99-4a20-8fde-e00f8f7857d9] [requireAuth] User SHAH HUSSAIN authenticated.
2025-11-03T10:05:29.311Z [DEBUG] [req:0cac270f-8d99-4a20-8fde-e00f8f7857d9] [requireAuth] Session VMpCPNutjXTpF41c5Ygk5jTS07p-uhci touched.
2025-11-03T10:05:31.631Z [HTTP] [req:0cac270f-8d99-4a20-8fde-e00f8f7857d9] ::1 - - [03/Nov/2025:10:05:31 +0000] "GET /api/v1/customers?page=1&limit=10&sortBy=createdAt&sortOrder=desc HTTP/1.1" 304 - "http://localhost:5173/" "Mozilla/5.0 (Windows NT 10.0; Win64; x64) AppleWebKit/537.36 (KHTML, like Gecko) Chrome/123.0.0.0 Safari/537.36"
2025-11-03T10:07:09.719Z [HTTP] [req:a159c5b2-53bb-4ae6-9429-5afeede79ffe] ::1 - - [03/Nov/2025:10:07:09 +0000] "OPTIONS /api/v1/admin/users/6905faaabe681ee7389b1509 HTTP/1.1" 204 0 "http://localhost:5173/" "Mozilla/5.0 (Windows NT 10.0; Win64; x64) AppleWebKit/537.36 (KHTML, like Gecko) Chrome/123.0.0.0 Safari/537.36"
2025-11-03T10:07:09.725Z [DEBUG] [req:1be77cfa-ea1a-4146-b384-2411ecdb66cf] [requireAuth] Attempting to authenticate for path: /users/6905faaabe681ee7389b1509
2025-11-03T10:07:09.726Z [DEBUG] [req:1be77cfa-ea1a-4146-b384-2411ecdb66cf] [requireAuth] AccessToken from cookies: present
2025-11-03T10:07:09.727Z [DEBUG] [req:1be77cfa-ea1a-4146-b384-2411ecdb66cf] [requireAuth] Authorization header: missing
2025-11-03T10:07:09.730Z [DEBUG] [req:1be77cfa-ea1a-4146-b384-2411ecdb66cf] [requireAuth] Token decoded for userId: 6905f7a11c7ed2a04156ea74
2025-11-03T10:07:09.986Z [DEBUG] [req:1be77cfa-ea1a-4146-b384-2411ecdb66cf] [requireAuth] User SHAH HUSSAIN authenticated.
2025-11-03T10:07:09.987Z [DEBUG] [req:1be77cfa-ea1a-4146-b384-2411ecdb66cf] [requireAuth] Session 1JzuqX0pzeELPIoTMIOZDL7qPHIyunYi touched.
2025-11-03T10:07:10.752Z [HTTP] [req:1be77cfa-ea1a-4146-b384-2411ecdb66cf] ::1 - - [03/Nov/2025:10:07:10 +0000] "PUT /api/v1/admin/users/6905faaabe681ee7389b1509 HTTP/1.1" 200 347 "http://localhost:5173/" "Mozilla/5.0 (Windows NT 10.0; Win64; x64) AppleWebKit/537.36 (KHTML, like Gecko) Chrome/123.0.0.0 Safari/537.36"
2025-11-03T10:07:10.760Z [DEBUG] [req:16c6640f-5653-48c0-881f-231ea114fe48] [requireAuth] Attempting to authenticate for path: /
2025-11-03T10:07:10.760Z [DEBUG] [req:16c6640f-5653-48c0-881f-231ea114fe48] [requireAuth] AccessToken from cookies: present
2025-11-03T10:07:10.761Z [DEBUG] [req:16c6640f-5653-48c0-881f-231ea114fe48] [requireAuth] Authorization header: missing
2025-11-03T10:07:10.763Z [DEBUG] [req:16c6640f-5653-48c0-881f-231ea114fe48] [requireAuth] Token decoded for userId: 6905f7a11c7ed2a04156ea74
2025-11-03T10:07:11.018Z [DEBUG] [req:16c6640f-5653-48c0-881f-231ea114fe48] [requireAuth] User SHAH HUSSAIN authenticated.
2025-11-03T10:07:11.018Z [DEBUG] [req:16c6640f-5653-48c0-881f-231ea114fe48] [requireAuth] Session WQgpOWXVlGxxiajO62difnZh9ErbFUgH touched.
2025-11-03T10:07:11.527Z [HTTP] [req:16c6640f-5653-48c0-881f-231ea114fe48] ::1 - - [03/Nov/2025:10:07:11 +0000] "GET /api/v1/customers?page=1&limit=10&sortBy=createdAt&sortOrder=desc HTTP/1.1" 200 377 "http://localhost:5173/" "Mozilla/5.0 (Windows NT 10.0; Win64; x64) AppleWebKit/537.36 (KHTML, like Gecko) Chrome/123.0.0.0 Safari/537.36"
2025-11-03T10:07:11.531Z [DEBUG] [req:802b16be-c005-49f7-9d0b-5152e6460c40] [requireAuth] Attempting to authenticate for path: /
2025-11-03T10:07:11.531Z [DEBUG] [req:802b16be-c005-49f7-9d0b-5152e6460c40] [requireAuth] AccessToken from cookies: present
2025-11-03T10:07:11.532Z [DEBUG] [req:802b16be-c005-49f7-9d0b-5152e6460c40] [requireAuth] Authorization header: missing
2025-11-03T10:07:11.534Z [DEBUG] [req:802b16be-c005-49f7-9d0b-5152e6460c40] [requireAuth] Token decoded for userId: 6905f7a11c7ed2a04156ea74
2025-11-03T10:07:11.797Z [DEBUG] [req:802b16be-c005-49f7-9d0b-5152e6460c40] [requireAuth] User SHAH HUSSAIN authenticated.
2025-11-03T10:07:11.798Z [DEBUG] [req:802b16be-c005-49f7-9d0b-5152e6460c40] [requireAuth] Session tyQDpGaWMOsFbW4u9EytVjHwAHQGreJc touched.
2025-11-03T10:07:12.309Z [HTTP] [req:802b16be-c005-49f7-9d0b-5152e6460c40] ::1 - - [03/Nov/2025:10:07:12 +0000] "GET /api/v1/customers?page=1&limit=10&sortBy=createdAt&sortOrder=desc HTTP/1.1" 304 - "http://localhost:5173/" "Mozilla/5.0 (Windows NT 10.0; Win64; x64) AppleWebKit/537.36 (KHTML, like Gecko) Chrome/123.0.0.0 Safari/537.36"
2025-11-03T10:10:02.611Z [HTTP] [req:e6cbbe13-ac73-4dce-b1de-410ce56d73ea] ::1 - - [03/Nov/2025:10:10:02 +0000] "POST /api/v1/auth/logout HTTP/1.1" 200 46 "http://localhost:5173/" "Mozilla/5.0 (Windows NT 10.0; Win64; x64) AppleWebKit/537.36 (KHTML, like Gecko) Chrome/123.0.0.0 Safari/537.36"
2025-11-03T10:18:58.271Z [ERROR] [req:N/A] [ImageProcessingQueue] Queue error: read ECONNRESET
2025-11-03T10:19:04.704Z [WARN] [req:N/A] ⚠️ Mongoose connection is disconnected.
2025-11-03T10:19:09.332Z [ERROR] [req:N/A] [ImageProcessingQueue] Queue error: connect ETIMEDOUT
2025-11-03T10:19:11.937Z [ERROR] [req:N/A] RabbitMQ connection error:
2025-11-03T10:19:11.940Z [WARN] [req:N/A] RabbitMQ connection closed
