2025-09-28T11:44:04.102Z [ERROR] [req:26c9d246-6e08-4aaa-b553-a88c66b9db5d] ❌ Path: /api/v1/auth/login | Error: [
  {
    "validation": "regex",
    "code": "invalid_string",
    "message": "Password must contain at least one special character",
    "path": [
      "password"
    ]
  }
]
2025-09-29T05:39:24.711Z [ERROR] [req:d99d9e46-99a5-42a2-bbe4-34f98babfd0b] ❌ Path: /api/v1/products | Error: [
  {
    "code": "too_small",
    "minimum": 1,
    "type": "string",
    "inclusive": true,
    "exact": false,
    "message": "Size is required.",
    "path": [
      "variants",
      0,
      "size"
    ]
  },
  {
    "code": "too_small",
    "minimum": 1,
    "type": "string",
    "inclusive": true,
    "exact": false,
    "message": "Color is required.",
    "path": [
      "variants",
      0,
      "color"
    ]
  }
]
