2025-09-10T11:45:58.079Z [ERROR] Error: listen EADDRINUSE: address already in use :::3001
    at Server.setupListenHandle [as _listen2] (node:net:1940:16)
    at listenInCluster (node:net:1997:12)
    at Server.listen (node:net:2102:7)
    at Function.listen (C:\Users\Administrator\dyad-apps\Backend\node_modules\.pnpm\express@4.21.2\node_modules\express\lib\application.js:635:24)
    at startServer (file:///C:/Users/Administrator/dyad-apps/Backend/backend/server.js:97:7)
    at process.processTicksAndRejections (node:internal/process/task_queues:105:5)
2025-09-10T11:45:58.099Z [ERROR] MongoExpiredSessionError: Cannot use a session that has ended
    at applySession (C:\Users\Administrator\dyad-apps\Backend\node_modules\.pnpm\mongodb@6.19.0\node_modules\mongodb\lib\sessions.js:756:16)
    at Connection.prepareCommand (C:\Users\Administrator\dyad-apps\Backend\node_modules\.pnpm\mongodb@6.19.0\node_modules\mongodb\lib\cmap\connection.js:177:62)
    at Connection.sendCommand (C:\Users\Administrator\dyad-apps\Backend\node_modules\.pnpm\mongodb@6.19.0\node_modules\mongodb\lib\cmap\connection.js:269:30)
    at sendCommand.next (<anonymous>)
    at Connection.command (C:\Users\Administrator\dyad-apps\Backend\node_modules\.pnpm\mongodb@6.19.0\node_modules\mongodb\lib\cmap\connection.js:333:26)
    at Server.command (C:\Users\Administrator\dyad-apps\Backend\node_modules\.pnpm\mongodb@6.19.0\node_modules\mongodb\lib\sdam\server.js:194:40)
    at process.processTicksAndRejections (node:internal/process/task_queues:105:5)
    at async tryOperation (C:\Users\Administrator\dyad-apps\Backend\node_modules\.pnpm\mongodb@6.19.0\node_modules\mongodb\lib\operations\execute_operation.js:213:32)
    at async executeOperation (C:\Users\Administrator\dyad-apps\Backend\node_modules\.pnpm\mongodb@6.19.0\node_modules\mongodb\lib\operations\execute_operation.js:78:16)
    at async Collection.createIndex (C:\Users\Administrator\dyad-apps\Backend\node_modules\.pnpm\mongodb@6.19.0\node_modules\mongodb\lib\collection.js:372:25)
2025-09-10T11:50:04.066Z [ERROR] Error: listen EADDRINUSE: address already in use :::3001
    at Server.setupListenHandle [as _listen2] (node:net:1940:16)
    at listenInCluster (node:net:1997:12)
    at Server.listen (node:net:2102:7)
    at Function.listen (C:\Users\Administrator\dyad-apps\Backend\node_modules\.pnpm\express@4.21.2\node_modules\express\lib\application.js:635:24)
    at startServer (file:///C:/Users/Administrator/dyad-apps/Backend/backend/server.js:97:7)
    at process.processTicksAndRejections (node:internal/process/task_queues:105:5)
2025-09-10T11:50:04.082Z [ERROR] MongoExpiredSessionError: Cannot use a session that has ended
    at applySession (C:\Users\Administrator\dyad-apps\Backend\node_modules\.pnpm\mongodb@6.19.0\node_modules\mongodb\lib\sessions.js:756:16)
    at Connection.prepareCommand (C:\Users\Administrator\dyad-apps\Backend\node_modules\.pnpm\mongodb@6.19.0\node_modules\mongodb\lib\cmap\connection.js:177:62)
    at Connection.sendCommand (C:\Users\Administrator\dyad-apps\Backend\node_modules\.pnpm\mongodb@6.19.0\node_modules\mongodb\lib\cmap\connection.js:269:30)
    at sendCommand.next (<anonymous>)
    at Connection.command (C:\Users\Administrator\dyad-apps\Backend\node_modules\.pnpm\mongodb@6.19.0\node_modules\mongodb\lib\cmap\connection.js:333:26)
    at Server.command (C:\Users\Administrator\dyad-apps\Backend\node_modules\.pnpm\mongodb@6.19.0\node_modules\mongodb\lib\sdam\server.js:194:40)
    at process.processTicksAndRejections (node:internal/process/task_queues:105:5)
    at async tryOperation (C:\Users\Administrator\dyad-apps\Backend\node_modules\.pnpm\mongodb@6.19.0\node_modules\mongodb\lib\operations\execute_operation.js:213:32)
    at async executeOperation (C:\Users\Administrator\dyad-apps\Backend\node_modules\.pnpm\mongodb@6.19.0\node_modules\mongodb\lib\operations\execute_operation.js:78:16)
    at async Collection.createIndex (C:\Users\Administrator\dyad-apps\Backend\node_modules\.pnpm\mongodb@6.19.0\node_modules\mongodb\lib\collection.js:372:25)
2025-09-10T11:52:13.531Z [ERROR] Error: listen EADDRINUSE: address already in use :::3001
    at Server.setupListenHandle [as _listen2] (node:net:1940:16)
    at listenInCluster (node:net:1997:12)
    at Server.listen (node:net:2102:7)
    at Function.listen (C:\Users\Administrator\dyad-apps\Backend\node_modules\.pnpm\express@4.21.2\node_modules\express\lib\application.js:635:24)
    at startServer (file:///C:/Users/Administrator/dyad-apps/Backend/backend/server.js:97:7)
    at process.processTicksAndRejections (node:internal/process/task_queues:105:5)
2025-09-10T11:52:22.683Z [ERROR] Error: listen EADDRINUSE: address already in use :::3001
    at Server.setupListenHandle [as _listen2] (node:net:1940:16)
    at listenInCluster (node:net:1997:12)
    at Server.listen (node:net:2102:7)
    at Function.listen (C:\Users\Administrator\dyad-apps\Backend\node_modules\.pnpm\express@4.21.2\node_modules\express\lib\application.js:635:24)
    at startServer (file:///C:/Users/Administrator/dyad-apps/Backend/backend/server.js:97:7)
    at process.processTicksAndRejections (node:internal/process/task_queues:105:5)
2025-09-10T11:52:22.697Z [ERROR] MongoClientClosedError: Operation interrupted because client was closed
    at ConnectionPool.closeCheckedOutConnections (C:\Users\Administrator\dyad-apps\Backend\node_modules\.pnpm\mongodb@6.19.0\node_modules\mongodb\lib\cmap\connection_pool.js:260:26)
    at Server.closeCheckedOutConnections (C:\Users\Administrator\dyad-apps\Backend\node_modules\.pnpm\mongodb@6.19.0\node_modules\mongodb\lib\sdam\server.js:111:26)
    at Topology.closeCheckedOutConnections (C:\Users\Administrator\dyad-apps\Backend\node_modules\.pnpm\mongodb@6.19.0\node_modules\mongodb\lib\sdam\topology.js:222:27)
    at MongoClient._close (C:\Users\Administrator\dyad-apps\Backend\node_modules\.pnpm\mongodb@6.19.0\node_modules\mongodb\lib\mongo_client.js:343:24)
    at MongoClient.close (C:\Users\Administrator\dyad-apps\Backend\node_modules\.pnpm\mongodb@6.19.0\node_modules\mongodb\lib\mongo_client.js:326:35)
    at cleanup (file:///C:/Users/Administrator/dyad-apps/Backend/backend/server.js:116:23)
    at async process.<anonymous> (file:///C:/Users/Administrator/dyad-apps/Backend/backend/server.js:131:9)
2025-09-10T11:52:34.219Z [ERROR] Error: listen EADDRINUSE: address already in use :::3001
    at Server.setupListenHandle [as _listen2] (node:net:1940:16)
    at listenInCluster (node:net:1997:12)
    at Server.listen (node:net:2102:7)
    at Function.listen (C:\Users\Administrator\dyad-apps\Backend\node_modules\.pnpm\express@4.21.2\node_modules\express\lib\application.js:635:24)
    at startServer (file:///C:/Users/Administrator/dyad-apps/Backend/backend/server.js:97:7)
    at process.processTicksAndRejections (node:internal/process/task_queues:105:5)
2025-09-10T11:52:34.236Z [ERROR] MongoExpiredSessionError: Cannot use a session that has ended
    at applySession (C:\Users\Administrator\dyad-apps\Backend\node_modules\.pnpm\mongodb@6.19.0\node_modules\mongodb\lib\sessions.js:756:16)
    at Connection.prepareCommand (C:\Users\Administrator\dyad-apps\Backend\node_modules\.pnpm\mongodb@6.19.0\node_modules\mongodb\lib\cmap\connection.js:177:62)
    at Connection.sendCommand (C:\Users\Administrator\dyad-apps\Backend\node_modules\.pnpm\mongodb@6.19.0\node_modules\mongodb\lib\cmap\connection.js:269:30)
    at sendCommand.next (<anonymous>)
    at Connection.command (C:\Users\Administrator\dyad-apps\Backend\node_modules\.pnpm\mongodb@6.19.0\node_modules\mongodb\lib\cmap\connection.js:333:26)
    at Server.command (C:\Users\Administrator\dyad-apps\Backend\node_modules\.pnpm\mongodb@6.19.0\node_modules\mongodb\lib\sdam\server.js:194:40)
    at process.processTicksAndRejections (node:internal/process/task_queues:105:5)
    at async tryOperation (C:\Users\Administrator\dyad-apps\Backend\node_modules\.pnpm\mongodb@6.19.0\node_modules\mongodb\lib\operations\execute_operation.js:213:32)
    at async executeOperation (C:\Users\Administrator\dyad-apps\Backend\node_modules\.pnpm\mongodb@6.19.0\node_modules\mongodb\lib\operations\execute_operation.js:78:16)
    at async Collection.createIndex (C:\Users\Administrator\dyad-apps\Backend\node_modules\.pnpm\mongodb@6.19.0\node_modules\mongodb\lib\collection.js:372:25)
2025-09-10T11:52:46.756Z [ERROR] [req:N/A] Error: listen EADDRINUSE: address already in use :::3001
    at Server.setupListenHandle [as _listen2] (node:net:1940:16)
    at listenInCluster (node:net:1997:12)
    at Server.listen (node:net:2102:7)
    at Function.listen (C:\Users\Administrator\dyad-apps\Backend\node_modules\.pnpm\express@4.21.2\node_modules\express\lib\application.js:635:24)
    at startServer (file:///C:/Users/Administrator/dyad-apps/Backend/backend/server.js:97:7)
    at process.processTicksAndRejections (node:internal/process/task_queues:105:5)
2025-09-10T11:54:31.263Z [ERROR] [req:N/A] Error: listen EADDRINUSE: address already in use :::3001
    at Server.setupListenHandle [as _listen2] (node:net:1940:16)
    at listenInCluster (node:net:1997:12)
    at Server.listen (node:net:2102:7)
    at Function.listen (C:\Users\Administrator\dyad-apps\Backend\node_modules\.pnpm\express@4.21.2\node_modules\express\lib\application.js:635:24)
    at startServer (file:///C:/Users/Administrator/dyad-apps/Backend/backend/server.js:98:7)
    at process.processTicksAndRejections (node:internal/process/task_queues:105:5)
2025-09-10T11:55:59.019Z [ERROR] [req:N/A] Error: listen EADDRINUSE: address already in use :::3001
    at Server.setupListenHandle [as _listen2] (node:net:1940:16)
    at listenInCluster (node:net:1997:12)
    at Server.listen (node:net:2102:7)
    at Function.listen (C:\Users\Administrator\dyad-apps\Backend\node_modules\.pnpm\express@4.21.2\node_modules\express\lib\application.js:635:24)
    at startServer (file:///C:/Users/Administrator/dyad-apps/Backend/backend/server.js:98:7)
    at process.processTicksAndRejections (node:internal/process/task_queues:105:5)
2025-09-10T11:55:59.033Z [ERROR] [req:N/A] MongoClientClosedError: Operation interrupted because client was closed
    at ConnectionPool.closeCheckedOutConnections (C:\Users\Administrator\dyad-apps\Backend\node_modules\.pnpm\mongodb@6.19.0\node_modules\mongodb\lib\cmap\connection_pool.js:260:26)
    at Server.closeCheckedOutConnections (C:\Users\Administrator\dyad-apps\Backend\node_modules\.pnpm\mongodb@6.19.0\node_modules\mongodb\lib\sdam\server.js:111:26)
    at Topology.closeCheckedOutConnections (C:\Users\Administrator\dyad-apps\Backend\node_modules\.pnpm\mongodb@6.19.0\node_modules\mongodb\lib\sdam\topology.js:222:27)
    at MongoClient._close (C:\Users\Administrator\dyad-apps\Backend\node_modules\.pnpm\mongodb@6.19.0\node_modules\mongodb\lib\mongo_client.js:343:24)
    at MongoClient.close (C:\Users\Administrator\dyad-apps\Backend\node_modules\.pnpm\mongodb@6.19.0\node_modules\mongodb\lib\mongo_client.js:326:35)
    at cleanup (file:///C:/Users/Administrator/dyad-apps/Backend/backend/server.js:117:23)
    at async process.<anonymous> (file:///C:/Users/Administrator/dyad-apps/Backend/backend/server.js:132:9)
2025-09-10T12:17:23.472Z [ERROR] [req:N/A] Error: listen EADDRINUSE: address already in use :::3001
    at Server.setupListenHandle [as _listen2] (node:net:1940:16)
    at listenInCluster (node:net:1997:12)
    at Server.listen (node:net:2102:7)
    at Function.listen (C:\Users\Administrator\dyad-apps\Backend\node_modules\.pnpm\express@4.21.2\node_modules\express\lib\application.js:635:24)
    at startServer (file:///C:/Users/Administrator/dyad-apps/Backend/backend/server.js:98:7)
    at process.processTicksAndRejections (node:internal/process/task_queues:105:5)
2025-09-10T12:18:07.227Z [ERROR] [req:N/A] Error: listen EADDRINUSE: address already in use :::3001
    at Server.setupListenHandle [as _listen2] (node:net:1940:16)
    at listenInCluster (node:net:1997:12)
    at Server.listen (node:net:2102:7)
    at Function.listen (C:\Users\Administrator\dyad-apps\Backend\node_modules\.pnpm\express@4.21.2\node_modules\express\lib\application.js:635:24)
    at startServer (file:///C:/Users/Administrator/dyad-apps/Backend/backend/server.js:98:7)
    at process.processTicksAndRejections (node:internal/process/task_queues:105:5)
2025-09-10T12:18:07.251Z [ERROR] [req:N/A] MongoExpiredSessionError: Cannot use a session that has ended
    at applySession (C:\Users\Administrator\dyad-apps\Backend\node_modules\.pnpm\mongodb@6.19.0\node_modules\mongodb\lib\sessions.js:756:16)
    at Connection.prepareCommand (C:\Users\Administrator\dyad-apps\Backend\node_modules\.pnpm\mongodb@6.19.0\node_modules\mongodb\lib\cmap\connection.js:177:62)
    at Connection.sendCommand (C:\Users\Administrator\dyad-apps\Backend\node_modules\.pnpm\mongodb@6.19.0\node_modules\mongodb\lib\cmap\connection.js:269:30)
    at sendCommand.next (<anonymous>)
    at Connection.command (C:\Users\Administrator\dyad-apps\Backend\node_modules\.pnpm\mongodb@6.19.0\node_modules\mongodb\lib\cmap\connection.js:333:26)
    at Server.command (C:\Users\Administrator\dyad-apps\Backend\node_modules\.pnpm\mongodb@6.19.0\node_modules\mongodb\lib\sdam\server.js:194:40)
    at process.processTicksAndRejections (node:internal/process/task_queues:105:5)
    at async tryOperation (C:\Users\Administrator\dyad-apps\Backend\node_modules\.pnpm\mongodb@6.19.0\node_modules\mongodb\lib\operations\execute_operation.js:213:32)
    at async executeOperation (C:\Users\Administrator\dyad-apps\Backend\node_modules\.pnpm\mongodb@6.19.0\node_modules\mongodb\lib\operations\execute_operation.js:78:16)
    at async Collection.createIndex (C:\Users\Administrator\dyad-apps\Backend\node_modules\.pnpm\mongodb@6.19.0\node_modules\mongodb\lib\collection.js:372:25)
2025-09-10T12:31:13.436Z [ERROR] [req:c39d7b19-9a10-41cc-92cf-f70d62895033] ❌ Path: /api/v1/auth/signup | Error: Error sending verification email : Error: Unauthorized
2025-09-10T12:39:32.012Z [ERROR] [req:N/A] Shutting down due to SIGINT:
2025-09-10T12:47:21.365Z [ERROR] [req:N/A] Error: listen EADDRINUSE: address already in use :::3001
    at Server.setupListenHandle [as _listen2] (node:net:1940:16)
    at listenInCluster (node:net:1997:12)
    at Server.listen (node:net:2102:7)
    at Function.listen (C:\Users\Administrator\dyad-apps\Backend\node_modules\.pnpm\express@4.21.2\node_modules\express\lib\application.js:635:24)
    at startServer (file:///C:/Users/Administrator/dyad-apps/Backend/backend/server.js:100:16)
    at process.processTicksAndRejections (node:internal/process/task_queues:105:5)
